Start auto log messages stack - Iteration 4.	[MsgId: MMSG-10545]
Action.c(220):               Total Charge: $ 1410 <BR/> (CC: x-9600)\n
Action.c(220):           </td> </tr> </table>\n
Action.c(220):           </center>\n
Action.c(220):       </TD>\n
Action.c(220):     </TR>\n
Action.c(220):     <TR bgcolor="#EFF2F7">\n
Action.c(220):       <TD COLSPAN="3">\n
Action.c(220):       <b>Flight Details:</b><BR/>  <center>\n
Action.c(220):       07/25/2020\n
Action.c(220):      :  8am : Flight 690 leaves San Francisco  for Zurich.<br>  07/28/2020\n
Action.c(220):      :  8am : Flight 960 leaves Zurich  for San Francisco.<br>  </center>\n
Action.c(220):       </TD>\n
Action.c(220):     </TR>\n
Action.c(220):     \n
Action.c(220):     <TR bgcolor="#EFF2F7">\n
Action.c(220):       <TD COLSPAN="4">\n
Action.c(220):       <hr/>\n
Action.c(220):       </TD>\n
Action.c(220):     </TR>\n
Action.c(220):     \n
Action.c(220):     <!-- Flight #1 -->\n
Action.c(220):     <TR bgcolor="#EFF2F7">\n
Action.c(220):       <TD width="5%" rowspan="2" align="left" valign="top">\n
Action.c(220):     <b>\n
Action.c(220):     <label><input type="checkbox" name="57" value="on" /></label></font></b>\n
Action.c(220):     <input type="hidden" name="flightID" value="1559377831-44023299-BK"  />\n
Action.c(220):       </TD>\n
Action.c(220):       <TD width="45%" valign="top">\n
Action.c(220):           <b>&nbsp;&nbsp;A First class ticket for :</b><br/>\n
Action.c(220):           <center><table border="0" width="85%"><tr><td>\n
Action.c(220):           <li><i>Albert Antsyferov\n
Action.c(220):           <li><i></i>\n
Action.c(220):           </td></tr></table></center>\n
Action.c(220):       </TD>\n
Action.c(220):       <TD width="5%" >.<br/>.<br/>.<br/>.</TD>\n
Action.c(220):       <TD width="45%" valign=top><b>Invoice sent to:</b><br/>\n
Action.c(220):           <center>\n
Action.c(220):           <Table width="80%" cellspacing="0" > <tr> <td>\n
Action.c(220):               Bratislavskaya Konstantin\n
Action.c(220):     <br/>\n
Action.c(220):               ulitsa Polotskaya <br/>\n
Action.c(220):               Moscow MO Moscow<br/>\n
Action.c(220):               <br/>\n
Action.c(220):               Total Charge: $ 2898 <BR/> (CC: x-4210)\n
Action.c(220):           </td> </tr> </table>\n
Action.c(220):           </center>\n
Action.c(220):       </TD>\n
Action.c(220):     </TR>\n
Action.c(220):     <TR bgcolor="#EFF2F7">\n
Action.c(220):       <TD COLSPAN="3">\n
Action.c(220):       <b>Flight Details:</b><BR/>  <center>\n
Action.c(220):       07/25/2020\n
Action.c(220):      :  8am : Flight 320 leaves Los Angeles  for London.<br>  07/28/2020\n
Action.c(220):      :  8am : Flight 230 leaves London  for Los Angeles.<br>  </center>\n
Action.c(220):       </TD>\n
Action.c(220):     </TR>\n
Action.c(220):     \n
Action.c(220):     <TR bgcolor="#EFF2F7">\n
Action.c(220):       <TD COLSPAN="4">\n
Action.c(220):       <hr/>\n
Action.c(220):       </TD>\n
Action.c(220):     </TR>\n
Action.c(220):     \n
Action.c(220):     <!-- Flight #1 -->\n
Action.c(220):     <TR bgcolor="#EFF2F7">\n
Action.c(220):       <TD width="5%" rowspan="2" align="left" valign="top">\n
Action.c(220):     <b>\n
Action.c(220):     <label><input type="checkbox" name="58" value="on" /></label></font></b>\n
Action.c(220):     <input type="hidden" name="flightID" value="1715051895-44969410-BK"  />\n
Action.c(220):       </TD>\n
Action.c(220):       <TD width="45%" valign="top">\n
Action.c(220):           <b>&nbsp;&nbsp;A First class ticket for :</b><br/>\n
Action.c(220):           <center><table border="0" width="85%"><tr><td>\n
Action.c(220):           <li><i>Svyatoslav Borovoy\n
Action.c(220):           <li><i></i>\n
Action.c(220):           </td></tr></t
Action.c(220): t=124321ms: 6-byte chunked response overhead for "http://localhost:1080/cgi-bin/itinerary.pl" (RelFrameId=1, Internal ID=121)
Action.c(220):     1000\r\n
Action.c(220): t=124321ms: 2-byte chunked response overhead for "http://localhost:1080/cgi-bin/itinerary.pl" (RelFrameId=1, Internal ID=121)
Action.c(220):     \r\n
Action.c(220): t=124321ms: 4096-byte chunked response body for "http://localhost:1080/cgi-bin/itinerary.pl" (RelFrameId=1, Internal ID=121)
Action.c(220):     able></center>\n
Action.c(220):       </TD>\n
Action.c(220):       <TD width="5%" >.<br/>.<br/>.<br/>.</TD>\n
Action.c(220):       <TD width="45%" valign=top><b>Invoice sent to:</b><br/>\n
Action.c(220):           <center>\n
Action.c(220):           <Table width="80%" cellspacing="0" > <tr> <td>\n
Action.c(220):               Bratislavskaya Konstantin\n
Action.c(220):     <br/>\n
Action.c(220):               ulitsa Polotskaya <br/>\n
Action.c(220):               Moscow MO Moscow<br/>\n
Action.c(220):               <br/>\n
Action.c(220):               Total Charge: $ 2334 <BR/> (CC: x-4630)\n
Action.c(220):           </td> </tr> </table>\n
Action.c(220):           </center>\n
Action.c(220):       </TD>\n
Action.c(220):     </TR>\n
Action.c(220):     <TR bgcolor="#EFF2F7">\n
Action.c(220):       <TD COLSPAN="3">\n
Action.c(220):       <b>Flight Details:</b><BR/>  <center>\n
Action.c(220):       07/25/2020\n
Action.c(220):      :  8am : Flight 640 leaves San Francisco  for Paris.<br>  07/28/2020\n
Action.c(220):      :  8am : Flight 460 leaves Paris  for San Francisco.<br>  </center>\n
Action.c(220):       </TD>\n
Action.c(220):     </TR>\n
Action.c(220):     \n
Action.c(220):     <TR bgcolor="#EFF2F7">\n
Action.c(220):       <TD COLSPAN="4">\n
Action.c(220):       <hr/>\n
Action.c(220):       </TD>\n
Action.c(220):     </TR>\n
Action.c(220):     \n
Action.c(220):     <!-- Flight #1 -->\n
Action.c(220):     <TR bgcolor="#EFF2F7">\n
Action.c(220):       <TD width="5%" rowspan="2" align="left" valign="top">\n
Action.c(220):     <b>\n
Action.c(220):     <label><input type="checkbox" name="59" value="on" /></label></font></b>\n
Action.c(220):     <input type="hidden" name="flightID" value="1078140815-46069540-BK"  />\n
Action.c(220):       </TD>\n
Action.c(220):       <TD width="45%" valign="top">\n
Action.c(220):           <b>&nbsp;&nbsp;A First class ticket for :</b><br/>\n
Action.c(220):           <center><table border="0" width="85%"><tr><td>\n
Action.c(220):           <li><i>Maksim Arefov\n
Action.c(220):           <li><i></i>\n
Action.c(220):           </td></tr></table></center>\n
Action.c(220):       </TD>\n
Action.c(220):       <TD width="5%" >.<br/>.<br/>.<br/>.</TD>\n
Action.c(220):       <TD width="45%" valign=top><b>Invoice sent to:</b><br/>\n
Action.c(220):           <center>\n
Action.c(220):           <Table width="80%" cellspacing="0" > <tr> <td>\n
Action.c(220):               Bratislavskaya Konstantin\n
Action.c(220):     <br/>\n
Action.c(220):               ulitsa Polotskaya <br/>\n
Action.c(220):               Moscow MO Moscow<br/>\n
Action.c(220):               <br/>\n
Action.c(220):               Total Charge: $ 4026 <BR/> (CC: x-2910)\n
Action.c(220):           </td> </tr> </table>\n
Action.c(220):           </center>\n
Action.c(220):       </TD>\n
Action.c(220):     </TR>\n
Action.c(220):     <TR bgcolor="#EFF2F7">\n
Action.c(220):       <TD COLSPAN="3">\n
Action.c(220):       <b>Flight Details:</b><BR/>  <center>\n
Action.c(220):       07/25/2020\n
Action.c(220):      :  8am : Flight 980 leaves Zurich  for Sydney.<br>  07/28/2020\n
Action.c(220):      :  8am : Flight 890 leaves Sydney  for Zurich.<br>  </center>\n
Action.c(220):       </TD>\n
Action.c(220):     </TR>\n
Action.c(220):     \n
Action.c(220):     <TR bgcolor="#EFF2F7">\n
Action.c(220):       <TD COLSPAN="4">\n
Action.c(220):       <hr/>\n
Action.c(220):       </TD>\n
Action.c(220):     </TR>\n
Action.c(220):     \n
Action.c(220):     <!-- Flight #1 -->\n
Action.c(220):     <TR bgcolor="#EFF2F7">\n
Action.c(220):       <TD width="5%" rowspan="2" align="left" valign="top">\n
Action.c(220):     <b>\n
Action.c(220):     <label><input type="checkbox" name="60" value="on" /></label></font></b>\n
Action.c(220):     <input type="hidden" name="flightID" value="15706188-4673859-BK"  />\n
Action.c(220):       </TD>\n
Action.c(220):       <TD width="45%" valign="top">\n
Action.c(220):           <b>&nbsp;&nbsp;A Coach class ticket for :</b><br/>\n
Action.c(220):           <center><table border="0" width="85%"><tr><td>\n
Action.c(220):           <li><i>Saveliy Bozhenko\n
Action.c(220):           <li><i></i>\n
Action.c(220):           </td></tr></table></center>\n
Action.c(220):       </TD>\n
Action.c(220):       <TD width="5%" >.<br/>.<br/>.<br/>.</TD>\n
Action.c(220):       <TD width="45%" valign=top><b>Invoice sent to:</b><br/>\n
Action.c(220):           <center>\n
Action.c(220):           <Table width="80%" cellspacing="0" > <tr> <td>\n
Action.c(220):               Bratislavskaya Konstantin\n
Action.c(220):     <br/>\n
Action.c(220):               ulitsa Polotskaya <br/>\n
Action.c(220):               Moscow MO Moscow<br/>\n
Action.c(220):               <br/>\n
Action.c(220):               Total Charge: $ 172 <BR/> (CC: x-4240)\n
Action.c(220):           </td> </tr> </table>\n
Action.c(220):           </center>\n
Action.c(220):       </TD>\n
Action.c(220):     </TR>\n
Action.c(220):     <TR bgcolor="#EFF2F7">\n
Action.c(220):       <TD COLSPAN="3">\n
Action.c(220):       <b>Flight Details:</b><BR/>  <center>\n
Action.c(220):       07/25/2020\n
Action.c(220):      :  8am : Flight 670 leaves San Francisco  for Seattle.<br>  07/28/2020\n
Action.c(220):      :  8am : Flight 760 leaves Seattle  for San Francisco.<br>  </center>\n
Action.c(220):       </TD>\n
Action.c(220):     </TR>\n
Action.c(220):     \n
Action.c(220):     <TR bgcolor="#EFF2F7">\n
Action.c(220):       <TD COLSPAN="4">\n
Action.c(220):       <hr/>\n
Action.c(220):       </TD>\n
Action.c(220):     </TR>\n
Action.c(220):     \n
Action.c(220):     <!-- Flight #1 -->\n
Action.c(220):     <TR bgcolor="#EFF2F7">\n
Action.c(220):       <TD width="5%" rowspan="2" align="left" valign="top">\n
Action.c(220):     <b>\n
Action.c(220):     <label><input type="checkbox" name="61" value="on" /></label></font></b>\n
Action.c(220):     <input type="hidden" name="flightID" value="212251881-46984737-BK"  />\n
Action.c(220):       </TD>\n
Action.c(220):       <TD width="45%" valign="top">\n
Action.c(220):           <b>&nbsp;&nbsp;A Coach class ticket for :</b><br/>\n
Action.c(220):           <center><table border="0" width="85%"><tr><td>\n
Action.c(220):           <li><i>Pankratiy Volochkov\n
Action.c(220):           <li><i></i>\n
Action.c(220):           </td></tr></table></center>\n
Action.c(220):       </TD>\n
Action.c(220):       <TD width="5%" >.<br/>.<br/>.<br/>.</TD>\n
Action.c(220):       <TD width="45%" valign=top><b>Invoice sent to:</b><br/>\n
Action.c(220):           <center>\n
Action.c(220):           <Table width="80%" cellspacing="0" > <tr> <td>\n
Action.c(220):               Bratislavskaya Konstantin\n
Action.c(220):     <br/>\n
Action.c(220):               ulitsa Polotskaya <br/>\n
Action.c(220):               Moscow MO Moscow<br/>\n
Action.c(220):               <br/>\n
Action.c(220):               Total Charge: $ 1584 <BR/> (CC: x-5730)\n
Action.c(220):           </td> </tr> </table>\n
Action.c(220):           </center>\n
Action.c(220):       </TD>\n
Action.c(220):     </TR>\n
Action.c(220):     <TR bgcolor="#EFF2F7">\n
Action.c(220):       <TD COLSPAN="3">\n
Action.c(220):       <b>Flight Details:</b><BR/>  <center>\n
Action.c(220):      
Action.c(220): t=124324ms: 6-byte chunked response overhead for "http://localhost:1080/cgi-bin/itinerary.pl" (RelFrameId=1, Internal ID=121)
Action.c(220):     1000\r\n
Action.c(220): t=124324ms: 2-byte chunked response overhead for "http://localhost:1080/cgi-bin/itinerary.pl" (RelFrameId=1, Internal ID=121)
Action.c(220):     \r\n
Action.c(220): t=124324ms: 4096-byte chunked response body for "http://localhost:1080/cgi-bin/itinerary.pl" (RelFrameId=1, Internal ID=121)
Action.c(220):      07/25/2020\n
Action.c(220):      :  8am : Flight 800 leaves Sydney  for Denver.<br>  07/28/2020\n
Action.c(220):      :  8am : Flight 080 leaves Denver  for Sydney.<br>  </center>\n
Action.c(220):       </TD>\n
Action.c(220):     </TR>\n
Action.c(220):     \n
Action.c(220):     <TR bgcolor="#EFF2F7">\n
Action.c(220):       <TD COLSPAN="4">\n
Action.c(220):       <hr/>\n
Action.c(220):       </TD>\n
Action.c(220):     </TR>\n
Action.c(220):     \n
Action.c(220):     <!-- Flight #1 -->\n
Action.c(220):     <TR bgcolor="#EFF2F7">\n
Action.c(220):       <TD width="5%" rowspan="2" align="left" valign="top">\n
Action.c(220):     <b>\n
Action.c(220):     <label><input type="checkbox" name="62" value="on" /></label></font></b>\n
Action.c(220):     <input type="hidden" name="flightID" value="86702623-48300129-BK"  />\n
Action.c(220):       </TD>\n
Action.c(220):       <TD width="45%" valign="top">\n
Action.c(220):           <b>&nbsp;&nbsp;A First class ticket for :</b><br/>\n
Action.c(220):           <center><table border="0" width="85%"><tr><td>\n
Action.c(220):           <li><i>Pakhomiy Gostev\n
Action.c(220):           <li><i></i>\n
Action.c(220):           </td></tr></table></center>\n
Action.c(220):       </TD>\n
Action.c(220):       <TD width="5%" >.<br/>.<br/>.<br/>.</TD>\n
Action.c(220):       <TD width="45%" valign=top><b>Invoice sent to:</b><br/>\n
Action.c(220):           <center>\n
Action.c(220):           <Table width="80%" cellspacing="0" > <tr> <td>\n
Action.c(220):               Bratislavskaya Konstantin\n
Action.c(220):     <br/>\n
Action.c(220):               ulitsa Polotskaya <br/>\n
Action.c(220):               Moscow MO Moscow<br/>\n
Action.c(220):               <br/>\n
Action.c(220):               Total Charge: $ 1678 <BR/> (CC: x-2340)\n
Action.c(220):           </td> </tr> </table>\n
Action.c(220):           </center>\n
Action.c(220):       </TD>\n
Action.c(220):     </TR>\n
Action.c(220):     <TR bgcolor="#EFF2F7">\n
Action.c(220):       <TD COLSPAN="3">\n
Action.c(220):       <b>Flight Details:</b><BR/>  <center>\n
Action.c(220):       07/25/2020\n
Action.c(220):      :  8am : Flight 970 leaves Zurich  for Seattle.<br>  07/28/2020\n
Action.c(220):      :  8am : Flight 790 leaves Seattle  for Zurich.<br>  </center>\n
Action.c(220):       </TD>\n
Action.c(220):     </TR>\n
Action.c(220):     \n
Action.c(220):     <TR bgcolor="#EFF2F7">\n
Action.c(220):       <TD COLSPAN="4">\n
Action.c(220):       <hr/>\n
Action.c(220):       </TD>\n
Action.c(220):     </TR>\n
Action.c(220):     \n
Action.c(220):     <!-- Flight #1 -->\n
Action.c(220):     <TR bgcolor="#EFF2F7">\n
Action.c(220):       <TD width="5%" rowspan="2" align="left" valign="top">\n
Action.c(220):     <b>\n
Action.c(220):     <label><input type="checkbox" name="63" value="on" /></label></font></b>\n
Action.c(220):     <input type="hidden" name="flightID" value="77414451-4916184-BK"  />\n
Action.c(220):       </TD>\n
Action.c(220):       <TD width="45%" valign="top">\n
Action.c(220):           <b>&nbsp;&nbsp;A Coach class ticket for :</b><br/>\n
Action.c(220):           <center><table border="0" width="85%"><tr><td>\n
Action.c(220):           <li><i>Makar Arefin\n
Action.c(220):           <li><i></i>\n
Action.c(220):           </td></tr></table></center>\n
Action.c(220):       </TD>\n
Action.c(220):       <TD width="5%" >.<br/>.<br/>.<br/>.</TD>\n
Action.c(220):       <TD width="45%" valign=top><b>Invoice sent to:</b><br/>\n
Action.c(220):           <center>\n
Action.c(220):           <Table width="80%" cellspacing="0" > <tr> <td>\n
Action.c(220):               Bratislavskaya Konstantin\n
Action.c(220):     <br/>\n
Action.c(220):               ulitsa Polotskaya <br/>\n
Action.c(220):               Moscow MO Moscow<br/>\n
Action.c(220):               <br/>\n
Action.c(220):               Total Charge: $ 396 <BR/> (CC: x-2090)\n
Action.c(220):           </td> </tr> </table>\n
Action.c(220):           </center>\n
Action.c(220):       </TD>\n
Action.c(220):     </TR>\n
Action.c(220):     <TR bgcolor="#EFF2F7">\n
Action.c(220):       <TD COLSPAN="3">\n
Action.c(220):       <b>Flight Details:</b><BR/>  <center>\n
Action.c(220):       07/25/2020\n
Action.c(220):      :  8am : Flight 190 leaves Frankfurt  for Zurich.<br>  07/28/2020\n
Action.c(220):      :  8am : Flight 910 leaves Zurich  for Frankfurt.<br>  </center>\n
Action.c(220):       </TD>\n
Action.c(220):     </TR>\n
Action.c(220):     \n
Action.c(220):     <TR bgcolor="#EFF2F7">\n
Action.c(220):       <TD COLSPAN="4">\n
Action.c(220):       <hr/>\n
Action.c(220):       </TD>\n
Action.c(220):     </TR>\n
Action.c(220):     \n
Action.c(220):     <!-- Flight #1 -->\n
Action.c(220):     <TR bgcolor="#EFF2F7">\n
Action.c(220):       <TD width="5%" rowspan="2" align="left" valign="top">\n
Action.c(220):     <b>\n
Action.c(220):     <label><input type="checkbox" name="64" value="on" /></label></font></b>\n
Action.c(220):     <input type="hidden" name="flightID" value="101120005-4955408-BK"  />\n
Action.c(220):       </TD>\n
Action.c(220):       <TD width="45%" valign="top">\n
Action.c(220):           <b>&nbsp;&nbsp;A Business class ticket for :</b><br/>\n
Action.c(220):           <center><table border="0" width="85%"><tr><td>\n
Action.c(220):           <li><i>Martyn Aristarkhov\n
Action.c(220):           <li><i></i>\n
Action.c(220):           </td></tr></table></center>\n
Action.c(220):       </TD>\n
Action.c(220):       <TD width="5%" >.<br/>.<br/>.<br/>.</TD>\n
Action.c(220):       <TD width="45%" valign=top><b>Invoice sent to:</b><br/>\n
Action.c(220):           <center>\n
Action.c(220):           <Table width="80%" cellspacing="0" > <tr> <td>\n
Action.c(220):               Bratislavskaya Konstantin\n
Action.c(220):     <br/>\n
Action.c(220):               ulitsa Polotskaya <br/>\n
Action.c(220):               Moscow MO Moscow<br/>\n
Action.c(220):               <br/>\n
Action.c(220):               Total Charge: $ 314 <BR/> (CC: x-2730)\n
Action.c(220):           </td> </tr> </table>\n
Action.c(220):           </center>\n
Action.c(220):       </TD>\n
Action.c(220):     </TR>\n
Action.c(220):     <TR bgcolor="#EFF2F7">\n
Action.c(220):       <TD COLSPAN="3">\n
Action.c(220):       <b>Flight Details:</b><BR/>  <center>\n
Action.c(220):       07/25/2020\n
Action.c(220):      :  8am : Flight 240 leaves London  for Paris.<br>  07/28/2020\n
Action.c(220):      :  8am : Flight 420 leaves Paris  for London.<br>  </center>\n
Action.c(220):       </TD>\n
Action.c(220):     </TR>\n
Action.c(220):     \n
Action.c(220):     <TR bgcolor="#EFF2F7">\n
Action.c(220):       <TD COLSPAN="4">\n
Action.c(220):       <hr/>\n
Action.c(220):       </TD>\n
Action.c(220):     </TR>\n
Action.c(220):     \n
Action.c(220):     <!-- Flight #1 -->\n
Action.c(220):     <TR bgcolor="#EFF2F7">\n
Action.c(220):       <TD width="5%" rowspan="2" align="left" valign="top">\n
Action.c(220):     <b>\n
Action.c(220):     <label><input type="checkbox" name="65" value="on" /></label></font></b>\n
Action.c(220):     <input type="hidden" name="flightID" value="866933372-50207855-BK"  />\n
Action.c(220):       </TD>\n
Action.c(220):       <TD width="45%" valign="top">\n
Action.c(220):           <b>&nbsp;&nbsp;A Firs
Action.c(220): t=124327ms: 6-byte chunked response overhead for "http://localhost:1080/cgi-bin/itinerary.pl" (RelFrameId=1, Internal ID=121)
Action.c(220):     1000\r\n
Action.c(220): t=124327ms: 2-byte chunked response overhead for "http://localhost:1080/cgi-bin/itinerary.pl" (RelFrameId=1, Internal ID=121)
Action.c(220):     \r\n
Action.c(220): t=124327ms: 4096-byte chunked response body for "http://localhost:1080/cgi-bin/itinerary.pl" (RelFrameId=1, Internal ID=121)
Action.c(220):     t class ticket for :</b><br/>\n
Action.c(220):           <center><table border="0" width="85%"><tr><td>\n
Action.c(220):           <li><i>Varsonofiy Vlasov\n
Action.c(220):           <li><i></i>\n
Action.c(220):           </td></tr></table></center>\n
Action.c(220):       </TD>\n
Action.c(220):       <TD width="5%" >.<br/>.<br/>.<br/>.</TD>\n
Action.c(220):       <TD width="45%" valign=top><b>Invoice sent to:</b><br/>\n
Action.c(220):           <center>\n
Action.c(220):           <Table width="80%" cellspacing="0" > <tr> <td>\n
Action.c(220):               Bratislavskaya Konstantin\n
Action.c(220):     <br/>\n
Action.c(220):               ulitsa Polotskaya <br/>\n
Action.c(220):               Moscow MO Moscow<br/>\n
Action.c(220):               <br/>\n
Action.c(220):               Total Charge: $ 2120 <BR/> (CC: x-2340)\n
Action.c(220):           </td> </tr> </table>\n
Action.c(220):           </center>\n
Action.c(220):       </TD>\n
Action.c(220):     </TR>\n
Action.c(220):     <TR bgcolor="#EFF2F7">\n
Action.c(220):       <TD COLSPAN="3">\n
Action.c(220):       <b>Flight Details:</b><BR/>  <center>\n
Action.c(220):       07/25/2020\n
Action.c(220):      :  8am : Flight 720 leaves Seattle  for London.<br>  07/28/2020\n
Action.c(220):      :  8am : Flight 270 leaves London  for Seattle.<br>  </center>\n
Action.c(220):       </TD>\n
Action.c(220):     </TR>\n
Action.c(220):     \n
Action.c(220):     <TR bgcolor="#EFF2F7">\n
Action.c(220):       <TD COLSPAN="4">\n
Action.c(220):       <hr/>\n
Action.c(220):       </TD>\n
Action.c(220):     </TR>\n
Action.c(220):     \n
Action.c(220):     <!-- Flight #1 -->\n
Action.c(220):     <TR bgcolor="#EFF2F7">\n
Action.c(220):       <TD width="5%" rowspan="2" align="left" valign="top">\n
Action.c(220):     <b>\n
Action.c(220):     <label><input type="checkbox" name="66" value="on" /></label></font></b>\n
Action.c(220):     <input type="hidden" name="flightID" value="2230018-5086230-BK"  />\n
Action.c(220):       </TD>\n
Action.c(220):       <TD width="45%" valign="top">\n
Action.c(220):           <b>&nbsp;&nbsp;A First class ticket for :</b><br/>\n
Action.c(220):           <center><table border="0" width="85%"><tr><td>\n
Action.c(220):           <li><i>Potr Grafinin\n
Action.c(220):           <li><i></i>\n
Action.c(220):           </td></tr></table></center>\n
Action.c(220):       </TD>\n
Action.c(220):       <TD width="5%" >.<br/>.<br/>.<br/>.</TD>\n
Action.c(220):       <TD width="45%" valign=top><b>Invoice sent to:</b><br/>\n
Action.c(220):           <center>\n
Action.c(220):           <Table width="80%" cellspacing="0" > <tr> <td>\n
Action.c(220):               Bratislavskaya Konstantin\n
Action.c(220):     <br/>\n
Action.c(220):               ulitsa Polotskaya <br/>\n
Action.c(220):               Moscow MO Moscow<br/>\n
Action.c(220):               <br/>\n
Action.c(220):               Total Charge: $ 998 <BR/> (CC: x-0060)\n
Action.c(220):           </td> </tr> </table>\n
Action.c(220):           </center>\n
Action.c(220):       </TD>\n
Action.c(220):     </TR>\n
Action.c(220):     <TR bgcolor="#EFF2F7">\n
Action.c(220):       <TD COLSPAN="3">\n
Action.c(220):       <b>Flight Details:</b><BR/>  <center>\n
Action.c(220):       07/25/2020\n
Action.c(220):      :  8am : Flight 210 leaves London  for Frankfurt.<br>  07/28/2020\n
Action.c(220):      :  8am : Flight 120 leaves Frankfurt  for London.<br>  </center>\n
Action.c(220):       </TD>\n
Action.c(220):     </TR>\n
Action.c(220):     \n
Action.c(220):     <TR bgcolor="#EFF2F7">\n
Action.c(220):       <TD COLSPAN="4">\n
Action.c(220):       <hr/>\n
Action.c(220):       </TD>\n
Action.c(220):     </TR>\n
Action.c(220):     \n
Action.c(220):     <!-- Flight #1 -->\n
Action.c(220):     <TR bgcolor="#EFF2F7">\n
Action.c(220):       <TD width="5%" rowspan="2" align="left" valign="top">\n
Action.c(220):     <b>\n
Action.c(220):     <label><input type="checkbox" name="67" value="on" /></label></font></b>\n
Action.c(220):     <input type="hidden" name="flightID" value="227051503-52253929-BK"  />\n
Action.c(220):       </TD>\n
Action.c(220):       <TD width="45%" valign="top">\n
Action.c(220):           <b>&nbsp;&nbsp;A Business class ticket for :</b><br/>\n
Action.c(220):           <center><table border="0" width="85%"><tr><td>\n
Action.c(220):           <li><i>German Grigorov\n
Action.c(220):           <li><i></i>\n
Action.c(220):           </td></tr></table></center>\n
Action.c(220):       </TD>\n
Action.c(220):       <TD width="5%" >.<br/>.<br/>.<br/>.</TD>\n
Action.c(220):       <TD width="45%" valign=top><b>Invoice sent to:</b><br/>\n
Action.c(220):           <center>\n
Action.c(220):           <Table width="80%" cellspacing="0" > <tr> <td>\n
Action.c(220):               Bratislavskaya Konstantin\n
Action.c(220):     <br/>\n
Action.c(220):               ulitsa Polotskaya <br/>\n
Action.c(220):               Moscow MO Moscow<br/>\n
Action.c(220):               <br/>\n
Action.c(220):               Total Charge: $ 1084 <BR/> (CC: x-6130)\n
Action.c(220):           </td> </tr> </table>\n
Action.c(220):           </center>\n
Action.c(220):       </TD>\n
Action.c(220):     </TR>\n
Action.c(220):     <TR bgcolor="#EFF2F7">\n
Action.c(220):       <TD COLSPAN="3">\n
Action.c(220):       <b>Flight Details:</b><BR/>  <center>\n
Action.c(220):       07/25/2020\n
Action.c(220):      :  8am : Flight 390 leaves Los Angeles  for Zurich.<br>  07/28/2020\n
Action.c(220):      :  8am : Flight 930 leaves Zurich  for Los Angeles.<br>  </center>\n
Action.c(220):       </TD>\n
Action.c(220):     </TR>\n
Action.c(220):     \n
Action.c(220):     <TR bgcolor="#EFF2F7">\n
Action.c(220):       <TD COLSPAN="4">\n
Action.c(220):       <hr/>\n
Action.c(220):       </TD>\n
Action.c(220):     </TR>\n
Action.c(220):     \n
Action.c(220):     <!-- Flight #1 -->\n
Action.c(220):     <TR bgcolor="#EFF2F7">\n
Action.c(220):       <TD width="5%" rowspan="2" align="left" valign="top">\n
Action.c(220):     <b>\n
Action.c(220):     <label><input type="checkbox" name="68" value="on" /></label></font></b>\n
Action.c(220):     <input type="hidden" name="flightID" value="152619639-5259269-BK"  />\n
Action.c(220):       </TD>\n
Action.c(220):       <TD width="45%" valign="top">\n
Action.c(220):           <b>&nbsp;&nbsp;A Business class ticket for :</b><br/>\n
Action.c(220):           <center><table border="0" width="85%"><tr><td>\n
Action.c(220):           <li><i>Andrey Ardalionov\n
Action.c(220):           <li><i></i>\n
Action.c(220):           </td></tr></table></center>\n
Action.c(220):       </TD>\n
Action.c(220):       <TD width="5%" >.<br/>.<br/>.<br/>.</TD>\n
Action.c(220):       <TD width="45%" valign=top><b>Invoice sent to:</b><br/>\n
Action.c(220):           <center>\n
Action.c(220):           <Table width="80%" cellspacing="0" > <tr> <td>\n
Action.c(220):               Bratislavskaya Konstantin\n
Action.c(220):     <br/>\n
Action.c(220):               ulitsa Polotskaya <br/>\n
Action.c(220):               Moscow MO Moscow<br/>\n
Action.c(220):               <br/>\n
Action.c(220):               Total Charge: $ 506 <BR/> (CC: x-4120)\n
Action.c(220): t=124330ms: 6-byte chunked response overhead for "http://localhost:1080/cgi-bin/itinerary.pl" (RelFrameId=1, Internal ID=121)
Action.c(220):     1000\r\n
Action.c(220): t=124330ms: 2-byte chunked response overhead for "http://localhost:1080/cgi-bin/itinerary.pl" (RelFrameId=1, Internal ID=121)
Action.c(220):     \r\n
Action.c(220): t=124331ms: 4096-byte chunked response body for "http://localhost:1080/cgi-bin/itinerary.pl" (RelFrameId=1, Internal ID=121)
Action.c(220):           </td> </tr> </table>\n
Action.c(220):           </center>\n
Action.c(220):       </TD>\n
Action.c(220):     </TR>\n
Action.c(220):     <TR bgcolor="#EFF2F7">\n
Action.c(220):       <TD COLSPAN="3">\n
Action.c(220):       <b>Flight Details:</b><BR/>  <center>\n
Action.c(220):       07/25/2020\n
Action.c(220):      :  8am : Flight 730 leaves Seattle  for Los Angeles.<br>  07/28/2020\n
Action.c(220):      :  8am : Flight 370 leaves Los Angeles  for Seattle.<br>  </center>\n
Action.c(220):       </TD>\n
Action.c(220):     </TR>\n
Action.c(220):     \n
Action.c(220):     <TR bgcolor="#EFF2F7">\n
Action.c(220):       <TD COLSPAN="4">\n
Action.c(220):       <hr/>\n
Action.c(220):       </TD>\n
Action.c(220):     </TR>\n
Action.c(220):     \n
Action.c(220):     <!-- Flight #1 -->\n
Action.c(220):     <TR bgcolor="#EFF2F7">\n
Action.c(220):       <TD width="5%" rowspan="2" align="left" valign="top">\n
Action.c(220):     <b>\n
Action.c(220):     <label><input type="checkbox" name="69" value="on" /></label></font></b>\n
Action.c(220):     <input type="hidden" name="flightID" value="314451492-5377736-BK"  />\n
Action.c(220):       </TD>\n
Action.c(220):       <TD width="45%" valign="top">\n
Action.c(220):           <b>&nbsp;&nbsp;A Business class ticket for :</b><br/>\n
Action.c(220):           <center><table border="0" width="85%"><tr><td>\n
Action.c(220):           <li><i>Mark Arefyev\n
Action.c(220):           <li><i></i>\n
Action.c(220):           </td></tr></table></center>\n
Action.c(220):       </TD>\n
Action.c(220):       <TD width="5%" >.<br/>.<br/>.<br/>.</TD>\n
Action.c(220):       <TD width="45%" valign=top><b>Invoice sent to:</b><br/>\n
Action.c(220):           <center>\n
Action.c(220):           <Table width="80%" cellspacing="0" > <tr> <td>\n
Action.c(220):               Bratislavskaya Konstantin\n
Action.c(220):     <br/>\n
Action.c(220):               ulitsa Polotskaya <br/>\n
Action.c(220):               Moscow MO Moscow<br/>\n
Action.c(220):               <br/>\n
Action.c(220):               Total Charge: $ 574 <BR/> (CC: x-8490)\n
Action.c(220):           </td> </tr> </table>\n
Action.c(220):           </center>\n
Action.c(220):       </TD>\n
Action.c(220):     </TR>\n
Action.c(220):     <TR bgcolor="#EFF2F7">\n
Action.c(220):       <TD COLSPAN="3">\n
Action.c(220):       <b>Flight Details:</b><BR/>  <center>\n
Action.c(220):       07/25/2020\n
Action.c(220):      :  8am : Flight 190 leaves Frankfurt  for Zurich.<br>  07/28/2020\n
Action.c(220):      :  8am : Flight 910 leaves Zurich  for Frankfurt.<br>  </center>\n
Action.c(220):       </TD>\n
Action.c(220):     </TR>\n
Action.c(220):     \n
Action.c(220):     <TR bgcolor="#EFF2F7">\n
Action.c(220):       <TD COLSPAN="4">\n
Action.c(220):       <hr/>\n
Action.c(220):       </TD>\n
Action.c(220):     </TR>\n
Action.c(220):     \n
Action.c(220):     <!-- Flight #1 -->\n
Action.c(220):     <TR bgcolor="#EFF2F7">\n
Action.c(220):       <TD width="5%" rowspan="2" align="left" valign="top">\n
Action.c(220):     <b>\n
Action.c(220):     <label><input type="checkbox" name="70" value="on" /></label></font></b>\n
Action.c(220):     <input type="hidden" name="flightID" value="250374824-5400810-BK"  />\n
Action.c(220):       </TD>\n
Action.c(220):       <TD width="45%" valign="top">\n
Action.c(220):           <b>&nbsp;&nbsp;A Coach class ticket for :</b><br/>\n
Action.c(220):           <center><table border="0" width="85%"><tr><td>\n
Action.c(220):           <li><i>Sevastyan Borodin\n
Action.c(220):           <li><i></i>\n
Action.c(220):           </td></tr></table></center>\n
Action.c(220):       </TD>\n
Action.c(220):       <TD width="5%" >.<br/>.<br/>.<br/>.</TD>\n
Action.c(220):       <TD width="45%" valign=top><b>Invoice sent to:</b><br/>\n
Action.c(220):           <center>\n
Action.c(220):           <Table width="80%" cellspacing="0" > <tr> <td>\n
Action.c(220):               Bratislavskaya Konstantin\n
Action.c(220):     <br/>\n
Action.c(220):               ulitsa Polotskaya <br/>\n
Action.c(220):               Moscow MO Moscow<br/>\n
Action.c(220):               <br/>\n
Action.c(220):               Total Charge: $ 532 <BR/> (CC: x-6760)\n
Action.c(220):           </td> </tr> </table>\n
Action.c(220):           </center>\n
Action.c(220):       </TD>\n
Action.c(220):     </TR>\n
Action.c(220):     <TR bgcolor="#EFF2F7">\n
Action.c(220):       <TD COLSPAN="3">\n
Action.c(220):       <b>Flight Details:</b><BR/>  <center>\n
Action.c(220):       07/25/2020\n
Action.c(220):      :  8am : Flight 120 leaves Frankfurt  for London.<br>  07/28/2020\n
Action.c(220):      :  8am : Flight 210 leaves London  for Frankfurt.<br>  </center>\n
Action.c(220):       </TD>\n
Action.c(220):     </TR>\n
Action.c(220):     \n
Action.c(220):     <TR bgcolor="#EFF2F7">\n
Action.c(220):       <TD COLSPAN="4">\n
Action.c(220):       <hr/>\n
Action.c(220):       </TD>\n
Action.c(220):     </TR>\n
Action.c(220):     \n
Action.c(220):     <!-- Flight #1 -->\n
Action.c(220):     <TR bgcolor="#EFF2F7">\n
Action.c(220):       <TD width="5%" rowspan="2" align="left" valign="top">\n
Action.c(220):     <b>\n
Action.c(220):     <label><input type="checkbox" name="71" value="on" /></label></font></b>\n
Action.c(220):     <input type="hidden" name="flightID" value="323348894-5480024-BK"  />\n
Action.c(220):       </TD>\n
Action.c(220):       <TD width="45%" valign="top">\n
Action.c(220):           <b>&nbsp;&nbsp;A Business class ticket for :</b><br/>\n
Action.c(220):           <center><table border="0" width="85%"><tr><td>\n
Action.c(220):           <li><i>Varfolomey Vlasyev\n
Action.c(220):           <li><i></i>\n
Action.c(220):           </td></tr></table></center>\n
Action.c(220):       </TD>\n
Action.c(220):       <TD width="5%" >.<br/>.<br/>.<br/>.</TD>\n
Action.c(220):       <TD width="45%" valign=top><b>Invoice sent to:</b><br/>\n
Action.c(220):           <center>\n
Action.c(220):           <Table width="80%" cellspacing="0" > <tr> <td>\n
Action.c(220):               Bratislavskaya Konstantin\n
Action.c(220):     <br/>\n
Action.c(220):               ulitsa Polotskaya <br/>\n
Action.c(220):               Moscow MO Moscow<br/>\n
Action.c(220):               <br/>\n
Action.c(220):               Total Charge: $ 314 <BR/> (CC: x-8730)\n
Action.c(220):           </td> </tr> </table>\n
Action.c(220):           </center>\n
Action.c(220):       </TD>\n
Action.c(220):     </TR>\n
Action.c(220):     <TR bgcolor="#EFF2F7">\n
Action.c(220):       <TD COLSPAN="3">\n
Action.c(220):       <b>Flight Details:</b><BR/>  <center>\n
Action.c(220):       07/25/2020\n
Action.c(220):      :  8am : Flight 420 leaves Paris  for London.<br>  07/28/2020\n
Action.c(220):      :  8am : Flight 240 leaves London  for Paris.<br>  </center>\n
Action.c(220):       </TD>\n
Action.c(220):     </TR>\n
Action.c(220):     \n
Action.c(220):     <TR bgcolor="#EFF2F7">\n
Action.c(220):       <TD COLSPAN="4">\n
Action.c(220):       <hr/>\n
Action.c(220):       </TD>\n
Action.c(220):     </TR>\n
Action.c(220):     \n
Action.c(220):     <!-- Flight #1 -->\n
Action.c(220):     <TR bgcolor="#EFF2F7">\n
Action.c(220):       <TD width="5%" rowspan="2" align="left" valign="top">\n
Action.c(220):     <b>\n
Action.c(220):     <label><input type="checkbox" name="72" value="on"
Action.c(220): t=124334ms: 6-byte chunked response overhead for "http://localhost:1080/cgi-bin/itinerary.pl" (RelFrameId=1, Internal ID=121)
Action.c(220):     1000\r\n
Action.c(220): t=124334ms: 2-byte chunked response overhead for "http://localhost:1080/cgi-bin/itinerary.pl" (RelFrameId=1, Internal ID=121)
Action.c(220):     \r\n
Action.c(220): t=124334ms: 4096-byte chunked response body for "http://localhost:1080/cgi-bin/itinerary.pl" (RelFrameId=1, Internal ID=121)
Action.c(220):      /></label></font></b>\n
Action.c(220):     <input type="hidden" name="flightID" value="678107481-56138771-BK"  />\n
Action.c(220):       </TD>\n
Action.c(220):       <TD width="45%" valign="top">\n
Action.c(220):           <b>&nbsp;&nbsp;A First class ticket for :</b><br/>\n
Action.c(220):           <center><table border="0" width="85%"><tr><td>\n
Action.c(220):           <li><i>Vasiliy Vnifatyev\n
Action.c(220):           <li><i></i>\n
Action.c(220):           </td></tr></table></center>\n
Action.c(220):       </TD>\n
Action.c(220):       <TD width="5%" >.<br/>.<br/>.<br/>.</TD>\n
Action.c(220):       <TD width="45%" valign=top><b>Invoice sent to:</b><br/>\n
Action.c(220):           <center>\n
Action.c(220):           <Table width="80%" cellspacing="0" > <tr> <td>\n
Action.c(220):               Bratislavskaya Konstantin\n
Action.c(220):     <br/>\n
Action.c(220):               ulitsa Polotskaya <br/>\n
Action.c(220):               Moscow MO Moscow<br/>\n
Action.c(220):               <br/>\n
Action.c(220):               Total Charge: $ 4026 <BR/> (CC: x-1830)\n
Action.c(220):           </td> </tr> </table>\n
Action.c(220):           </center>\n
Action.c(220):       </TD>\n
Action.c(220):     </TR>\n
Action.c(220):     <TR bgcolor="#EFF2F7">\n
Action.c(220):       <TD COLSPAN="3">\n
Action.c(220):       <b>Flight Details:</b><BR/>  <center>\n
Action.c(220):       07/25/2020\n
Action.c(220):      :  8am : Flight 890 leaves Sydney  for Zurich.<br>  07/28/2020\n
Action.c(220):      :  8am : Flight 980 leaves Zurich  for Sydney.<br>  </center>\n
Action.c(220):       </TD>\n
Action.c(220):     </TR>\n
Action.c(220):     \n
Action.c(220):     <TR bgcolor="#EFF2F7">\n
Action.c(220):       <TD COLSPAN="4">\n
Action.c(220):       <hr/>\n
Action.c(220):       </TD>\n
Action.c(220):     </TR>\n
Action.c(220):     \n
Action.c(220):     <!-- Flight #1 -->\n
Action.c(220):     <TR bgcolor="#EFF2F7">\n
Action.c(220):       <TD width="5%" rowspan="2" align="left" valign="top">\n
Action.c(220):     <b>\n
Action.c(220):     <label><input type="checkbox" name="73" value="on" /></label></font></b>\n
Action.c(220):     <input type="hidden" name="flightID" value="2311140783-56769407-BK"  />\n
Action.c(220):       </TD>\n
Action.c(220):       <TD width="45%" valign="top">\n
Action.c(220):           <b>&nbsp;&nbsp;A Business class ticket for :</b><br/>\n
Action.c(220):           <center><table border="0" width="85%"><tr><td>\n
Action.c(220):           <li><i>Svyatopolk Borishchenko\n
Action.c(220):           <li><i></i>\n
Action.c(220):           </td></tr></table></center>\n
Action.c(220):       </TD>\n
Action.c(220):       <TD width="5%" >.<br/>.<br/>.<br/>.</TD>\n
Action.c(220):       <TD width="45%" valign=top><b>Invoice sent to:</b><br/>\n
Action.c(220):           <center>\n
Action.c(220):           <Table width="80%" cellspacing="0" > <tr> <td>\n
Action.c(220):               Bratislavskaya Konstantin\n
Action.c(220):     <br/>\n
Action.c(220):               ulitsa Polotskaya <br/>\n
Action.c(220):               Moscow MO Moscow<br/>\n
Action.c(220):               <br/>\n
Action.c(220):               Total Charge: $ 2296 <BR/> (CC: x-6240)\n
Action.c(220):           </td> </tr> </table>\n
Action.c(220):           </center>\n
Action.c(220):       </TD>\n
Action.c(220):     </TR>\n
Action.c(220):     <TR bgcolor="#EFF2F7">\n
Action.c(220):       <TD COLSPAN="3">\n
Action.c(220):       <b>Flight Details:</b><BR/>  <center>\n
Action.c(220):       07/25/2020\n
Action.c(220):      :  8am : Flight 080 leaves Denver  for Sydney.<br>  07/28/2020\n
Action.c(220):      :  8am : Flight 800 leaves Sydney  for Denver.<br>  </center>\n
Action.c(220):       </TD>\n
Action.c(220):     </TR>\n
Action.c(220):     \n
Action.c(220):     <TR bgcolor="#EFF2F7">\n
Action.c(220):       <TD COLSPAN="4">\n
Action.c(220):       <hr/>\n
Action.c(220):       </TD>\n
Action.c(220):     </TR>\n
Action.c(220):     \n
Action.c(220):     <!-- Flight #1 -->\n
Action.c(220):     <TR bgcolor="#EFF2F7">\n
Action.c(220):       <TD width="5%" rowspan="2" align="left" valign="top">\n
Action.c(220):     <b>\n
Action.c(220):     <label><input type="checkbox" name="74" value="on" /></label></font></b>\n
Action.c(220):     <input type="hidden" name="flightID" value="138519271-5707744-BK"  />\n
Action.c(220):       </TD>\n
Action.c(220):       <TD width="45%" valign="top">\n
Action.c(220):           <b>&nbsp;&nbsp;A Coach class ticket for :</b><br/>\n
Action.c(220):           <center><table border="0" width="85%"><tr><td>\n
Action.c(220):           <li><i>Saveliy Bozhenko\n
Action.c(220):           <li><i></i>\n
Action.c(220):           </td></tr></table></center>\n
Action.c(220):       </TD>\n
Action.c(220):       <TD width="5%" >.<br/>.<br/>.<br/>.</TD>\n
Action.c(220):       <TD width="45%" valign=top><b>Invoice sent to:</b><br/>\n
Action.c(220):           <center>\n
Action.c(220):           <Table width="80%" cellspacing="0" > <tr> <td>\n
Action.c(220):               Bratislavskaya Konstantin\n
Action.c(220):     <br/>\n
Action.c(220):               ulitsa Polotskaya <br/>\n
Action.c(220):               Moscow MO Moscow<br/>\n
Action.c(220):               <br/>\n
Action.c(220):               Total Charge: $ 676 <BR/> (CC: x-3740)\n
Action.c(220):           </td> </tr> </table>\n
Action.c(220):           </center>\n
Action.c(220):       </TD>\n
Action.c(220):     </TR>\n
Action.c(220):     <TR bgcolor="#EFF2F7">\n
Action.c(220):       <TD COLSPAN="3">\n
Action.c(220):       <b>Flight Details:</b><BR/>  <center>\n
Action.c(220):       07/25/2020\n
Action.c(220):      :  8am : Flight 020 leaves Denver  for London.<br>  07/28/2020\n
Action.c(220):      :  8am : Flight 200 leaves London  for Denver.<br>  </center>\n
Action.c(220):       </TD>\n
Action.c(220):     </TR>\n
Action.c(220):     \n
Action.c(220):     <TR bgcolor="#EFF2F7">\n
Action.c(220):       <TD COLSPAN="4">\n
Action.c(220):       <hr/>\n
Action.c(220):       </TD>\n
Action.c(220):     </TR>\n
Action.c(220):     \n
Action.c(220):     <!-- Flight #1 -->\n
Action.c(220):     <TR bgcolor="#EFF2F7">\n
Action.c(220):       <TD width="5%" rowspan="2" align="left" valign="top">\n
Action.c(220):     <b>\n
Action.c(220):     <label><input type="checkbox" name="75" value="on" /></label></font></b>\n
Action.c(220):     <input type="hidden" name="flightID" value="191516303-5806954-BK"  />\n
Action.c(220):       </TD>\n
Action.c(220):       <TD width="45%" valign="top">\n
Action.c(220):           <b>&nbsp;&nbsp;A Business class ticket for :</b><br/>\n
Action.c(220):           <center><table border="0" width="85%"><tr><td>\n
Action.c(220):           <li><i>Valentin Arkadin\n
Action.c(220):           <li><i></i>\n
Action.c(220):           </td></tr></table></center>\n
Action.c(220):       </TD>\n
Action.c(220):       <TD width="5%" >.<br/>.<br/>.<br/>.</TD>\n
Action.c(220):       <TD width="45%" valign=top><b>Invoice sent to:</b><br/>\n
Action.c(220):           <center>\n
Action.c(220):           <Table width="80%" cellspacing="0" > <tr> <td>\n
Action.c(220):               Bratisl
Action.c(220): t=124337ms: 6-byte chunked response overhead for "http://localhost:1080/cgi-bin/itinerary.pl" (RelFrameId=1, Internal ID=121)
Action.c(220):     1000\r\n
Action.c(220): t=124337ms: 2-byte chunked response overhead for "http://localhost:1080/cgi-bin/itinerary.pl" (RelFrameId=1, Internal ID=121)
Action.c(220):     \r\n
Action.c(220): t=124337ms: 4096-byte chunked response body for "http://localhost:1080/cgi-bin/itinerary.pl" (RelFrameId=1, Internal ID=121)
Action.c(220):     avskaya Konstantin\n
Action.c(220):     <br/>\n
Action.c(220):               ulitsa Polotskaya <br/>\n
Action.c(220):               Moscow MO Moscow<br/>\n
Action.c(220):               <br/>\n
Action.c(220):               Total Charge: $ 414 <BR/> (CC: x-5170)\n
Action.c(220):           </td> </tr> </table>\n
Action.c(220):           </center>\n
Action.c(220):       </TD>\n
Action.c(220):     </TR>\n
Action.c(220):     <TR bgcolor="#EFF2F7">\n
Action.c(220):       <TD COLSPAN="3">\n
Action.c(220):       <b>Flight Details:</b><BR/>  <center>\n
Action.c(220):       07/25/2020\n
Action.c(220):      :  8am : Flight 940 leaves Zurich  for Paris.<br>  07/28/2020\n
Action.c(220):      :  8am : Flight 490 leaves Paris  for Zurich.<br>  </center>\n
Action.c(220):       </TD>\n
Action.c(220):     </TR>\n
Action.c(220):     \n
Action.c(220):     <TR bgcolor="#EFF2F7">\n
Action.c(220):       <TD COLSPAN="4">\n
Action.c(220):       <hr/>\n
Action.c(220):       </TD>\n
Action.c(220):     </TR>\n
Action.c(220):     \n
Action.c(220):     <!-- Flight #1 -->\n
Action.c(220):     <TR bgcolor="#EFF2F7">\n
Action.c(220):       <TD width="5%" rowspan="2" align="left" valign="top">\n
Action.c(220):     <b>\n
Action.c(220):     <label><input type="checkbox" name="76" value="on" /></label></font></b>\n
Action.c(220):     <input type="hidden" name="flightID" value="230760029-58653970-BK"  />\n
Action.c(220):       </TD>\n
Action.c(220):       <TD width="45%" valign="top">\n
Action.c(220):           <b>&nbsp;&nbsp;A Business class ticket for :</b><br/>\n
Action.c(220):           <center><table border="0" width="85%"><tr><td>\n
Action.c(220):           <li><i>Varlam Vikhrov\n
Action.c(220):           <li><i></i>\n
Action.c(220):           </td></tr></table></center>\n
Action.c(220):       </TD>\n
Action.c(220):       <TD width="5%" >.<br/>.<br/>.<br/>.</TD>\n
Action.c(220):       <TD width="45%" valign=top><b>Invoice sent to:</b><br/>\n
Action.c(220):           <center>\n
Action.c(220):           <Table width="80%" cellspacing="0" > <tr> <td>\n
Action.c(220):               Bratislavskaya Konstantin\n
Action.c(220):     <br/>\n
Action.c(220):               ulitsa Polotskaya <br/>\n
Action.c(220):               Moscow MO Moscow<br/>\n
Action.c(220):               <br/>\n
Action.c(220):               Total Charge: $ 1610 <BR/> (CC: x-6230)\n
Action.c(220):           </td> </tr> </table>\n
Action.c(220):           </center>\n
Action.c(220):       </TD>\n
Action.c(220):     </TR>\n
Action.c(220):     <TR bgcolor="#EFF2F7">\n
Action.c(220):       <TD COLSPAN="3">\n
Action.c(220):       <b>Flight Details:</b><BR/>  <center>\n
Action.c(220):       07/25/2020\n
Action.c(220):      :  8am : Flight 520 leaves Portland  for London.<br>  07/28/2020\n
Action.c(220):      :  8am : Flight 250 leaves London  for Portland.<br>  </center>\n
Action.c(220):       </TD>\n
Action.c(220):     </TR>\n
Action.c(220):     \n
Action.c(220):     <TR bgcolor="#EFF2F7">\n
Action.c(220):       <TD COLSPAN="4">\n
Action.c(220):       <hr/>\n
Action.c(220):       </TD>\n
Action.c(220):     </TR>\n
Action.c(220):     \n
Action.c(220):     <!-- Flight #1 -->\n
Action.c(220):     <TR bgcolor="#EFF2F7">\n
Action.c(220):       <TD width="5%" rowspan="2" align="left" valign="top">\n
Action.c(220):     <b>\n
Action.c(220):     <label><input type="checkbox" name="77" value="on" /></label></font></b>\n
Action.c(220):     <input type="hidden" name="flightID" value="230741131-59307778-BK"  />\n
Action.c(220):       </TD>\n
Action.c(220):       <TD width="45%" valign="top">\n
Action.c(220):           <b>&nbsp;&nbsp;A Business class ticket for :</b><br/>\n
Action.c(220):           <center><table border="0" width="85%"><tr><td>\n
Action.c(220):           <li><i>Saveliy Bozhenko\n
Action.c(220):           <li><i></i>\n
Action.c(220):           </td></tr></table></center>\n
Action.c(220):       </TD>\n
Action.c(220):       <TD width="5%" >.<br/>.<br/>.<br/>.</TD>\n
Action.c(220):       <TD width="45%" valign=top><b>Invoice sent to:</b><br/>\n
Action.c(220):           <center>\n
Action.c(220):           <Table width="80%" cellspacing="0" > <tr> <td>\n
Action.c(220):               Bratislavskaya Konstantin\n
Action.c(220):     <br/>\n
Action.c(220):               ulitsa Polotskaya <br/>\n
Action.c(220):               Moscow MO Moscow<br/>\n
Action.c(220):               <br/>\n
Action.c(220):               Total Charge: $ 1118 <BR/> (CC: x-6230)\n
Action.c(220):           </td> </tr> </table>\n
Action.c(220):           </center>\n
Action.c(220):       </TD>\n
Action.c(220):     </TR>\n
Action.c(220):     <TR bgcolor="#EFF2F7">\n
Action.c(220):       <TD COLSPAN="3">\n
Action.c(220):       <b>Flight Details:</b><BR/>  <center>\n
Action.c(220):       07/25/2020\n
Action.c(220):      :  8am : Flight 010 leaves Denver  for Frankfurt.<br>  07/28/2020\n
Action.c(220):      :  8am : Flight 100 leaves Frankfurt  for Denver.<br>  </center>\n
Action.c(220):       </TD>\n
Action.c(220):     </TR>\n
Action.c(220):     \n
Action.c(220):     <TR bgcolor="#EFF2F7">\n
Action.c(220):       <TD COLSPAN="4">\n
Action.c(220):       <hr/>\n
Action.c(220):       </TD>\n
Action.c(220):     </TR>\n
Action.c(220):     \n
Action.c(220):     <!-- Flight #1 -->\n
Action.c(220):     <TR bgcolor="#EFF2F7">\n
Action.c(220):       <TD width="5%" rowspan="2" align="left" valign="top">\n
Action.c(220):     <b>\n
Action.c(220):     <label><input type="checkbox" name="78" value="on" /></label></font></b>\n
Action.c(220):     <input type="hidden" name="flightID" value="141484094-60538545-BK"  />\n
Action.c(220):       </TD>\n
Action.c(220):       <TD width="45%" valign="top">\n
Action.c(220):           <b>&nbsp;&nbsp;A First class ticket for :</b><br/>\n
Action.c(220):           <center><table border="0" width="85%"><tr><td>\n
Action.c(220):           <li><i>Semon Bortsov\n
Action.c(220):           <li><i></i>\n
Action.c(220):           </td></tr></table></center>\n
Action.c(220):       </TD>\n
Action.c(220):       <TD width="5%" >.<br/>.<br/>.<br/>.</TD>\n
Action.c(220):       <TD width="45%" valign=top><b>Invoice sent to:</b><br/>\n
Action.c(220):           <center>\n
Action.c(220):           <Table width="80%" cellspacing="0" > <tr> <td>\n
Action.c(220):               Bratislavskaya Konstantin\n
Action.c(220):     <br/>\n
Action.c(220):               ulitsa Polotskaya <br/>\n
Action.c(220):               Moscow MO Moscow<br/>\n
Action.c(220):               <br/>\n
Action.c(220):               Total Charge: $ 1096 <BR/> (CC: x-3820)\n
Action.c(220):           </td> </tr> </table>\n
Action.c(220):           </center>\n
Action.c(220):       </TD>\n
Action.c(220):     </TR>\n
Action.c(220):     <TR bgcolor="#EFF2F7">\n
Action.c(220):       <TD COLSPAN="3">\n
Action.c(220):       <b>Flight Details:</b><BR/>  <center>\n
Action.c(220):       07/25/2020\n
Action.c(220):      :  8am : Flight 070 leaves Denver  for Seattle.<br>  07/28/2020\n
Action.c(220):      :  8am : Flight 700 leaves Seattle  for Denver.<br>  </center>\n
Action.c(220):       </TD>\n
Action.c(220):     </TR>\n
Action.c(220):     \n
Action.c(220):     <TR bgcolor="#EFF2F7">\n
Action.c(220):       <TD COLSPAN="4">\n
Action.c(220):       <hr/>\n
Action.c(220):       </TD>\n
Action.c(220):     </TR>\n
Action.c(220):     \n
Action.c(220):     <!-- F
Action.c(220): t=124352ms: 6-byte chunked response overhead for "http://localhost:1080/cgi-bin/itinerary.pl" (RelFrameId=1, Internal ID=121)
Action.c(220):     1000\r\n
Action.c(220): t=124352ms: 7-byte chunked response overhead for "http://localhost:1080/cgi-bin/itinerary.pl" (RelFrameId=1, Internal ID=121)
Action.c(220):     \r\n
Action.c(220):     bce\r\n
Action.c(220): t=124352ms: 2-byte chunked response overhead for "http://localhost:1080/cgi-bin/itinerary.pl" (RelFrameId=1, Internal ID=121)
Action.c(220):     \r\n
Action.c(220): t=124352ms: 7118-byte chunked response body for "http://localhost:1080/cgi-bin/itinerary.pl" (RelFrameId=1, Internal ID=121)
Action.c(220):     light #1 -->\n
Action.c(220):     <TR bgcolor="#EFF2F7">\n
Action.c(220):       <TD width="5%" rowspan="2" align="left" valign="top">\n
Action.c(220):     <b>\n
Action.c(220):     <label><input type="checkbox" name="79" value="on" /></label></font></b>\n
Action.c(220):     <input type="hidden" name="flightID" value="255579292-61123215-BK"  />\n
Action.c(220):       </TD>\n
Action.c(220):       <TD width="45%" valign="top">\n
Action.c(220):           <b>&nbsp;&nbsp;A Business class ticket for :</b><br/>\n
Action.c(220):           <center><table border="0" width="85%"><tr><td>\n
Action.c(220):           <li><i>Aleksey Ankhimov\n
Action.c(220):           <li><i></i>\n
Action.c(220):           </td></tr></table></center>\n
Action.c(220):       </TD>\n
Action.c(220):       <TD width="5%" >.<br/>.<br/>.<br/>.</TD>\n
Action.c(220):       <TD width="45%" valign=top><b>Invoice sent to:</b><br/>\n
Action.c(220):           <center>\n
Action.c(220):           <Table width="80%" cellspacing="0" > <tr> <td>\n
Action.c(220):               Bratislavskaya Konstantin\n
Action.c(220):     <br/>\n
Action.c(220):               ulitsa Polotskaya <br/>\n
Action.c(220):               Moscow MO Moscow<br/>\n
Action.c(220):               <br/>\n
Action.c(220):               Total Charge: $ 1804 <BR/> (CC: x-6900)\n
Action.c(220):           </td> </tr> </table>\n
Action.c(220):           </center>\n
Action.c(220):       </TD>\n
Action.c(220):     </TR>\n
Action.c(220):     <TR bgcolor="#EFF2F7">\n
Action.c(220):       <TD COLSPAN="3">\n
Action.c(220):       <b>Flight Details:</b><BR/>  <center>\n
Action.c(220):       07/25/2020\n
Action.c(220):      :  8am : Flight 640 leaves San Francisco  for Paris.<br>  07/28/2020\n
Action.c(220):      :  8am : Flight 460 leaves Paris  for San Francisco.<br>  </center>\n
Action.c(220):       </TD>\n
Action.c(220):     </TR>\n
Action.c(220):     \n
Action.c(220):     <TR bgcolor="#EFF2F7">\n
Action.c(220):       <TD COLSPAN="4">\n
Action.c(220):       <hr/>\n
Action.c(220):       </TD>\n
Action.c(220):     </TR>\n
Action.c(220):     \n
Action.c(220):     <!-- Flight #1 -->\n
Action.c(220):     <TR bgcolor="#EFF2F7">\n
Action.c(220):       <TD width="5%" rowspan="2" align="left" valign="top">\n
Action.c(220):     <b>\n
Action.c(220):     <label><input type="checkbox" name="80" value="on" /></label></font></b>\n
Action.c(220):     <input type="hidden" name="flightID" value="274077430-62230863-BK"  />\n
Action.c(220):       </TD>\n
Action.c(220):       <TD width="45%" valign="top">\n
Action.c(220):           <b>&nbsp;&nbsp;A Business class ticket for :</b><br/>\n
Action.c(220):           <center><table border="0" width="85%"><tr><td>\n
Action.c(220):           <li><i>Maksim Arefov\n
Action.c(220):           <li><i></i>\n
Action.c(220):           </td></tr></table></center>\n
Action.c(220):       </TD>\n
Action.c(220):       <TD width="5%" >.<br/>.<br/>.<br/>.</TD>\n
Action.c(220):       <TD width="45%" valign=top><b>Invoice sent to:</b><br/>\n
Action.c(220):           <center>\n
Action.c(220):           <Table width="80%" cellspacing="0" > <tr> <td>\n
Action.c(220):               Bratislavskaya Konstantin\n
Action.c(220):     <br/>\n
Action.c(220):               ulitsa Polotskaya <br/>\n
Action.c(220):               Moscow MO Moscow<br/>\n
Action.c(220):               <br/>\n
Action.c(220):               Total Charge: $ 1220 <BR/> (CC: x-7400)\n
Action.c(220):           </td> </tr> </table>\n
Action.c(220):           </center>\n
Action.c(220):       </TD>\n
Action.c(220):     </TR>\n
Action.c(220):     <TR bgcolor="#EFF2F7">\n
Action.c(220):       <TD COLSPAN="3">\n
Action.c(220):       <b>Flight Details:</b><BR/>  <center>\n
Action.c(220):       07/27/2020\n
Action.c(220):      :  8am : Flight 090 leaves Denver  for Zurich.<br>  07/30/2020\n
Action.c(220):      :  8am : Flight 900 leaves Zurich  for Denver.<br>  </center>\n
Action.c(220):       </TD>\n
Action.c(220):     </TR>\n
Action.c(220):     \n
Action.c(220):     <TR bgcolor="#EFF2F7">\n
Action.c(220):       <TD COLSPAN="4">\n
Action.c(220):       <hr/>\n
Action.c(220):       </TD>\n
Action.c(220):     </TR>\n
Action.c(220):     <TR>\n
Action.c(220):        <TD align="center" COLSPAN="4">\n
Action.c(220):        <b>A total of 80 scheduled flights.</font></b>\n
Action.c(220):        </TD>\n
Action.c(220):     </TR>\n
Action.c(220):     </TABLE>\n
Action.c(220):     \n
Action.c(220):     <TABLE WIDTH="87%" BORDER="0" CELLSPACING="0">\n
Action.c(220):     <TR>\n
Action.c(220):     <TD align="left" width="50%" >\n
Action.c(220):     <input type="image" name="removeFlights" src="/WebTours/images/cancelreservation.gif" bord
Action.c(220):     er="0" /></TD>\n
Action.c(220):     <TD align="right" width="50%" >\n
Action.c(220):     <input type="image" name="removeAllFlights" src="/WebTours/images/cancelallreservations.gi
Action.c(220):     f" border="0" /></TD>\n
Action.c(220):     </TABLE>\n
Action.c(220):     \n
Action.c(220):     <div><input type="hidden" name=".cgifields" value="33"  /><input type="hidden" name=".cgif
Action.c(220):     ields" value="32"  /><input type="hidden" name=".cgifields" value="63"  /><input type="hid
Action.c(220):     den" name=".cgifields" value="21"  /><input type="hidden" name=".cgifields" value="71"  />
Action.c(220):     <input type="hidden" name=".cgifields" value="7"  /><input type="hidden" name=".cgifields"
Action.c(220):      value="80"  /><input type="hidden" name=".cgifields" value="26"  /><input type="hidden" n
Action.c(220):     ame=".cgifields" value="18"  /><input type="hidden" name=".cgifields" value="72"  /><input
Action.c(220):      type="hidden" name=".cgifields" value="16"  /><input type="hidden" name=".cgifields" valu
Action.c(220):     e="44"  /><input type="hidden" name=".cgifields" value="55"  /><input type="hidden" name="
Action.c(220):     .cgifields" value="74"  /><input type="hidden" name=".cgifields" value="27"  /><input type
Action.c(220):     ="hidden" name=".cgifields" value="57"  /><input type="hidden" name=".cgifields" value="61
Action.c(220):     "  /><input type="hidden" name=".cgifields" value="20"  /><input type="hidden" name=".cgif
Action.c(220):     ields" value="10"  /><input type="hidden" name=".cgifields" value="31"  /><input type="hid
Action.c(220):     den" name=".cgifields" value="35"  /><input type="hidden" name=".cgifields" value="11"  />
Action.c(220):     <input type="hidden" name=".cgifields" value="78"  /><input type="hidden" name=".cgifields
Action.c(220):     " value="48"  /><input type="hidden" name=".cgifields" value="77"  /><input type="hidden" 
Action.c(220):     name=".cgifields" value="65"  /><input type="hidden" name=".cgifields" value="29"  /><inpu
Action.c(220):     t type="hidden" name=".cgifields" value="50"  /><input type="hidden" name=".cgifields" val
Action.c(220):     ue="39"  /><input type="hidden" name=".cgifields" value="64"  /><input type="hidden" name=
Action.c(220):     ".cgifields" value="58"  /><input type="hidden" name=".cgifields" value="41"  /><input typ
Action.c(220):     e="hidden" name=".cgifields" value="12"  /><input type="hidden" name=".cgifields" value="1
Action.c(220):     5"  /><input type="hidden" name=".cgifields" value="52"  /><input type="hidden" name=".cgi
Action.c(220):     fields" value="60"  /><input type="hidden" name=".cgifields" value="56"  /><input type="hi
Action.c(220):     dden" name=".cgifields" value="73"  /><input type="hidden" name=".cgifields" value="66"  /
Action.c(220):     ><input type="hidden" name=".cgifields" value="45"  /><input type="hidden" name=".cgifield
Action.c(220):     s" value="76"  /><input type="hidden" name=".cgifields" value="19"  /><input type="hidden"
Action.c(220):      name=".cgifields" value="62"  /><input type="hidden" name=".cgifields" value="54"  /><inp
Action.c(220):     ut type="hidden" name=".cgifields" value="67"  /><input type="hidden" name=".cgifields" va
Action.c(220):     lue="70"  /><input type="hidden" name=".cgifields" value="68"  /><input type="hidden" name
Action.c(220):     =".cgifields" value="2"  /><input type="hidden" name=".cgifields" value="17"  /><input typ
Action.c(220):     e="hidden" name=".cgifields" value="1"  /><input type="hidden" name=".cgifields" value="30
Action.c(220):     "  /><input type="hidden" name=".cgifields" value="25"  /><input type="hidden" name=".cgif
Action.c(220):     ields" value="28"  /><input type="hidden" name=".cgifields" value="75"  /><input type="hid
Action.c(220):     den" name=".cgifields" value="40"  /><input type="hidden" name=".cgifields" value="14"  />
Action.c(220):     <input type="hidden" name=".cgifields" value="69"  /><input type="hidden" name=".cgifields
Action.c(220):     " value="59"  /><input type="hidden" name=".cgifields" value="49"  /><input type="hidden" 
Action.c(220):     name=".cgifields" value="24"  /><input type="hidden" name=".cgifields" value="53"  /><inpu
Action.c(220):     t type="hidden" name=".cgifields" value="79"  /><input type="hidden" name=".cgifields" val
Action.c(220):     ue="22"  /><input type="hidden" name=".cgifields" value="42"  /><input type="hidden" name=
Action.c(220):     ".cgifields" value="46"  /><input type="hidden" name=".cgifields" value="23"  /><input typ
Action.c(220):     e="hidden" name=".cgifields" value="13"  /><input type="hidden" name=".cgifields" value="6
Action.c(220):     "  /><input type="hidden" name=".cgifields" value="3"  /><input type="hidden" name=".cgifi
Action.c(220):     elds" value="36"  /><input type="hidden" name=".cgifields" value="9"  /><input type="hidde
Action.c(220):     n" name=".cgifields" value="51"  /><input type="hidden" name=".cgifields" value="47"  /><i
Action.c(220):     nput type="hidden" name=".cgifields" value="8"  /><input type="hidden" name=".cgifields" v
Action.c(220):     alue="38"  /><input type="hidden" name=".cgifields" value="4"  /><input type="hidden" name
Action.c(220):     =".cgifields" value="34"  /><input type="hidden" name=".cgifields" value="37"  /><input ty
Action.c(220):     pe="hidden" name=".cgifields" value="43"  /><input type="hidden" name=".cgifields" value="
Action.c(220):     5"  /></div></form>\n
Action.c(220):     \n
Action.c(220):     </center>\n
Action.c(220):     \n
Action.c(220):     </body>\n
Action.c(220):     </html>
Action.c(220): Resource "http://localhost:1080/WebTours/images/cancelreservation.gif" is in the cache already and will not be downloaded again  	[MsgId: MMSG-26655]
Action.c(220): Resource "http://localhost:1080/WebTours/images/cancelallreservations.gif" is in the cache already and will not be downloaded again  	[MsgId: MMSG-26655]
Action.c(220): t=124368ms: 5-byte chunked response overhead for "http://localhost:1080/cgi-bin/itinerary.pl" (RelFrameId=1, Internal ID=121)
Action.c(220):     0\r\n
Action.c(220):     \r\n
Action.c(220): Error -26368: "Text=118529647-79303-BK" found for web_reg_find (count=1)  	[MsgId: MERR-26368]
End auto log messages stack.	[MsgId: MMSG-10544]


