Start auto log messages stack - Iteration 3.	[MsgId: MMSG-10545]
Action.c(101):       <b>Flight Details:</b><BR/>  <center>\n
Action.c(101):       07/31/2020\n
Action.c(101):      :  8am : Flight 980 leaves Zurich  for Sydney.<br>  08/17/2020\n
Action.c(101):      :  8am : Flight 890 leaves Sydney  for Zurich.<br>  </center>\n
Action.c(101):       </TD>\n
Action.c(101):     </TR>\n
Action.c(101):     \n
Action.c(101):     <TR bgcolor="#EFF2F7">\n
Action.c(101):       <TD COLSPAN="4">\n
Action.c(101):       <hr/>\n
Action.c(101):       </TD>\n
Action.c(101):     </TR>\n
Action.c(101):     \n
Action.c(101):     <!-- Flight #1 -->\n
Action.c(101):     <TR bgcolor="#EFF2F7">\n
Action.c(101):       <TD width="5%" rowspan="2" align="left" valign="top">\n
Action.c(101):     <b>\n
Action.c(101):     <label><input type="checkbox" name="50" value="on" /></label></font></b>\n
Action.c(101):     <input type="hidden" name="flightID" value="53350023-38877018-AD"  />\n
Action.c(101):       </TD>\n
Action.c(101):       <TD width="45%" valign="top">\n
Action.c(101):           <b>&nbsp;&nbsp;A Coach class ticket for :</b><br/>\n
Action.c(101):           <center><table border="0" width="85%"><tr><td>\n
Action.c(101):           <li><i>Anikita Arepyev\n
Action.c(101):           <li><i></i>\n
Action.c(101):           </td></tr></table></center>\n
Action.c(101):       </TD>\n
Action.c(101):       <TD width="5%" >.<br/>.<br/>.<br/>.</TD>\n
Action.c(101):       <TD width="45%" valign=top><b>Invoice sent to:</b><br/>\n
Action.c(101):           <center>\n
Action.c(101):           <Table width="80%" cellspacing="0" > <tr> <td>\n
Action.c(101):               Andreyev Dementiy\n
Action.c(101):     <br/>\n
Action.c(101):               kvartal Volzhskiy Bulvar 114a<br/>\n
Action.c(101):               Moscow MO Moscow<br/>\n
Action.c(101):               <br/>\n
Action.c(101):               Total Charge: $ 1242 <BR/> (CC: x-1440)\n
Action.c(101):           </td> </tr> </table>\n
Action.c(101):           </center>\n
Action.c(101):       </TD>\n
Action.c(101):     </TR>\n
Action.c(101):     <TR bgcolor="#EFF2F7">\n
Action.c(101):       <TD COLSPAN="3">\n
Action.c(101):       <b>Flight Details:</b><BR/>  <center>\n
Action.c(101):       08/07/2020\n
Action.c(101):      :  8am : Flight 450 leaves Paris  for Portland.<br>  08/27/2020\n
Action.c(101):      :  8am : Flight 540 leaves Portland  for Paris.<br>  </center>\n
Action.c(101):       </TD>\n
Action.c(101):     </TR>\n
Action.c(101):     \n
Action.c(101):     <TR bgcolor="#EFF2F7">\n
Action.c(101):       <TD COLSPAN="4">\n
Action.c(101):       <hr/>\n
Action.c(101):       </TD>\n
Action.c(101):     </TR>\n
Action.c(101):     \n
Action.c(101):     <!-- Flight #1 -->\n
Action.c(101):     <TR bgcolor="#EFF2F7">\n
Action.c(101):       <TD width="5%" rowspan="2" align="left" valign="top">\n
Action.c(101):     <b>\n
Action.c(101):     <label><input type="checkbox" name="51" value="on" /></label></font></b>\n
Action.c(101):     <input type="hidden" name="flightID" value="118552235-3937749-AD"  />\n
Action.c(101):       </TD>\n
Action.c(101):       <TD width="45%" valign="top">\n
Action.c(101):           <b>&nbsp;&nbsp;A First class ticket for :</b><br/>\n
Action.c(101):           <center><table border="0" width="85%"><tr><td>\n
Action.c(101):           <li><i>Valeriy Arsenov\n
Action.c(101):           <li><i></i>\n
Action.c(101):           </td></tr></table></center>\n
Action.c(101):       </TD>\n
Action.c(101):       <TD width="5%" >.<br/
Action.c(101): Notify: Saving Parameter "flightId_45 = 167042992".	[MsgId: MMSG-13798]
Action.c(101): Notify: Saving Parameter "flightId_46 = 301114835".	[MsgId: MMSG-13798]
Action.c(101): Notify: Saving Parameter "flightId_47 = 2981696352".	[MsgId: MMSG-13798]
Action.c(101): Notify: Saving Parameter "flightId_48 = 25212228".	[MsgId: MMSG-13798]
Action.c(101): Notify: Saving Parameter "flightId_49 = 1715177852".	[MsgId: MMSG-13798]
Action.c(101): Notify: Saving Parameter "flightId_50 = 53350023".	[MsgId: MMSG-13798]
Action.c(101): Notify: Saving Parameter "flightId_51 = 118552235".	[MsgId: MMSG-13798]
Action.c(101): t=279117ms: 6-byte chunked response overhead for "http://localhost:1080/cgi-bin/itinerary.pl" (RelFrameId=1.2, Internal ID=86)
Action.c(101):     2000\r\n
Action.c(101): t=279117ms: 8-byte chunked response overhead for "http://localhost:1080/cgi-bin/itinerary.pl" (RelFrameId=1.2, Internal ID=86)
Action.c(101):     \r\n
Action.c(101):     1000\r\n
Action.c(101): t=279117ms: 8746-byte chunked response body for "http://localhost:1080/cgi-bin/itinerary.pl" (RelFrameId=1.2, Internal ID=86)
Action.c(101):     >.<br/>.<br/>.</TD>\n
Action.c(101):       <TD width="45%" valign=top><b>Invoice sent to:</b><br/>\n
Action.c(101):           <center>\n
Action.c(101):           <Table width="80%" cellspacing="0" > <tr> <td>\n
Action.c(101):               Andreyev Dementiy\n
Action.c(101):     <br/>\n
Action.c(101):               kvartal Volzhskiy Bulvar 114a<br/>\n
Action.c(101):               Moscow MO Moscow<br/>\n
Action.c(101):               <br/>\n
Action.c(101):               Total Charge: $ 742 <BR/> (CC: x-3200)\n
Action.c(101):           </td> </tr> </table>\n
Action.c(101):           </center>\n
Action.c(101):       </TD>\n
Action.c(101):     </TR>\n
Action.c(101):     <TR bgcolor="#EFF2F7">\n
Action.c(101):       <TD COLSPAN="3">\n
Action.c(101):       <b>Flight Details:</b><BR/>  <center>\n
Action.c(101):       08/05/2020\n
Action.c(101):      :  8am : Flight 910 leaves Zurich  for Frankfurt.<br>  08/14/2020\n
Action.c(101):      :  8am : Flight 190 leaves Frankfurt  for Zurich.<br>  </center>\n
Action.c(101):       </TD>\n
Action.c(101):     </TR>\n
Action.c(101):     \n
Action.c(101):     <TR bgcolor="#EFF2F7">\n
Action.c(101):       <TD COLSPAN="4">\n
Action.c(101):       <hr/>\n
Action.c(101):       </TD>\n
Action.c(101):     </TR>\n
Action.c(101):     \n
Action.c(101):     <!-- Flight #1 -->\n
Action.c(101):     <TR bgcolor="#EFF2F7">\n
Action.c(101):       <TD width="5%" rowspan="2" align="left" valign="top">\n
Action.c(101):     <b>\n
Action.c(101):     <label><input type="checkbox" name="52" value="on" /></label></font></b>\n
Action.c(101):     <input type="hidden" name="flightID" value="307791115-4048478-AD"  />\n
Action.c(101):       </TD>\n
Action.c(101):       <TD width="45%" valign="top">\n
Action.c(101):           <b>&nbsp;&nbsp;A First class ticket for :</b><br/>\n
Action.c(101):           <center><table border="0" width="85%"><tr><td>\n
Action.c(101):           <li><i>German Grigorov\n
Action.c(101):           <li><i></i>\n
Action.c(101):           </td></tr></table></center>\n
Action.c(101):       </TD>\n
Action.c(101):       <TD width="5%" >.<br/>.<br/>.<br/>.</TD>\n
Action.c(101):       <TD width="45%" valign=top><b>Invoice sent to:</b><br/>\n
Action.c(101):           <center>\n
Action.c(101):           <Table width="80%" cellspacing="0" > <tr> <td>\n
Action.c(101):               Andreyev Dementiy\n
Action.c(101):     <br/>\n
Action.c(101):               kvartal Volzhskiy Bulvar 114a<br/>\n
Action.c(101):               Moscow MO Moscow<br/>\n
Action.c(101):               <br/>\n
Action.c(101):               Total Charge: $ 226 <BR/> (CC: x-8310)\n
Action.c(101):           </td> </tr> </table>\n
Action.c(101):           </center>\n
Action.c(101):       </TD>\n
Action.c(101):     </TR>\n
Action.c(101):     <TR bgcolor="#EFF2F7">\n
Action.c(101):       <TD COLSPAN="3">\n
Action.c(101):       <b>Flight Details:</b><BR/>  <center>\n
Action.c(101):       08/03/2020\n
Action.c(101):      :  8am : Flight 360 leaves Los Angeles  for San Francisco.<br>  08/28/2020\n
Action.c(101):      :  8am : Flight 630 leaves San Francisco  for Los Angeles.<br>  </center>\n
Action.c(101):       </TD>\n
Action.c(101):     </TR>\n
Action.c(101):     \n
Action.c(101):     <TR bgcolor="#EFF2F7">\n
Action.c(101):       <TD COLSPAN="4">\n
Action.c(101):       <hr/>\n
Action.c(101):       </TD>\n
Action.c(101):     </TR>\n
Action.c(101):     \n
Action.c(101):     <!-- Flight #1 -->\n
Action.c(101):     <TR bgcolor="#EFF2F7">\n
Action.c(101):       <TD width="5%" rowspan="2" align="left" valign="top">\n
Action.c(101):     <b>\n
Action.c(101):     <label><input type="checkbox" name="53" value="on" /></label></font></b>\n
Action.c(101):     <input type="hidden" name="flightID" value="77424846-41338594-AD"  />\n
Action.c(101):       </TD>\n
Action.c(101):       <TD width="45%" valign="top">\n
Action.c(101):           <b>&nbsp;&nbsp;A Business class ticket for :</b><br/>\n
Action.c(101):           <center><table border="0" width="85%"><tr><td>\n
Action.c(101):           <li><i>Paisiy Volkov\n
Action.c(101):           <li><i></i>\n
Action.c(101):           </td></tr></table></center>\n
Action.c(101):       </TD>\n
Action.c(101):       <TD width="5%" >.<br/>.<br/>.<br/>.</TD>\n
Action.c(101):       <TD width="45%" valign=top><b>Invoice sent to:</b><br/>\n
Action.c(101):           <center>\n
Action.c(101):           <Table width="80%" cellspacing="0" > <tr> <td>\n
Action.c(101):               Andreyev Dementiy\n
Action.c(101):     <br/>\n
Action.c(101):               kvartal Volzhskiy Bulvar 114a<br/>\n
Action.c(101):               Moscow MO Moscow<br/>\n
Action.c(101):               <br/>\n
Action.c(101):               Total Charge: $ 1734 <BR/> (CC: x-2090)\n
Action.c(101):           </td> </tr> </table>\n
Action.c(101):           </center>\n
Action.c(101):       </TD>\n
Action.c(101):     </TR>\n
Action.c(101):     <TR bgcolor="#EFF2F7">\n
Action.c(101):       <TD COLSPAN="3">\n
Action.c(101):       <b>Flight Details:</b><BR/>  <center>\n
Action.c(101):       08/01/2020\n
Action.c(101):      :  8am : Flight 470 leaves Paris  for Seattle.<br>  08/20/2020\n
Action.c(101):      :  8am : Flight 740 leaves Seattle  for Paris.<br>  </center>\n
Action.c(101):       </TD>\n
Action.c(101):     </TR>\n
Action.c(101):     \n
Action.c(101):     <TR bgcolor="#EFF2F7">\n
Action.c(101):       <TD COLSPAN="4">\n
Action.c(101):       <hr/>\n
Action.c(101):       </TD>\n
Action.c(101):     </TR>\n
Action.c(101):     \n
Action.c(101):     <!-- Flight #1 -->\n
Action.c(101):     <TR bgcolor="#EFF2F7">\n
Action.c(101):       <TD width="5%" rowspan="2" align="left" valign="top">\n
Action.c(101):     <b>\n
Action.c(101):     <label><input type="checkbox" name="54" value="on" /></label></font></b>\n
Action.c(101):     <input type="hidden" name="flightID" value="53366695-41607813-AD"  />\n
Action.c(101):       </TD>\n
Action.c(101):       <TD width="45%" valign="top">\n
Action.c(101):           <b>&nbsp;&nbsp;A First class ticket for :</b><br/>\n
Action.c(101):           <center><table border="0" width="85%"><tr><td>\n
Action.c(101):           <li><i>Venedikt Voynov\n
Action.c(101):           <li><i></i>\n
Action.c(101):           </td></tr></table></center>\n
Action.c(101):       </TD>\n
Action.c(101):       <TD width="5%" >.<br/>.<br/>.<br/>.</TD>\n
Action.c(101):       <TD width="45%" valign=top><b>Invoice sent to:</b><br/>\n
Action.c(101):           <center>\n
Action.c(101):           <Table width="80%" cellspacing="0" > <tr> <td>\n
Action.c(101):               Andreyev Dementiy\n
Action.c(101):     <br/>\n
Action.c(101):               kvartal Volzhskiy Bulvar 114a<br/>\n
Action.c(101):               Moscow MO Moscow<br/>\n
Action.c(101):               <br/>\n
Action.c(101):               Total Charge: $ 1578 <BR/> (CC: x-1440)\n
Action.c(101):           </td> </tr> </table>\n
Action.c(101):           </center>\n
Action.c(101):       </TD>\n
Action.c(101):     </TR>\n
Action.c(101):     <TR bgcolor="#EFF2F7">\n
Action.c(101):       <TD COLSPAN="3">\n
Action.c(101):       <b>Flight Details:</b><BR/>  <center>\n
Action.c(101):       08/07/2020\n
Action.c(101):      :  8am : Flight 900 leaves Zurich  for Denver.<br>  08/25/2020\n
Action.c(101):      :  8am : Flight 090 leaves Denver  for Zurich.<br>  </center>\n
Action.c(101):       </TD>\n
Action.c(101):     </TR>\n
Action.c(101):     \n
Action.c(101):     <TR bgcolor="#EFF2F7">\n
Action.c(101):       <TD COLSPAN="4">\n
Action.c(101):       <hr/>\n
Action.c(101):       </TD>\n
Action.c(101):     </TR>\n
Action.c(101):     \n
Action.c(101):     <!-- Flight #1 -->\n
Action.c(101):     <TR bgcolor="#EFF2F7">\n
Action.c(101):       <TD width="5%" rowspan="2" align="left" valign="top">\n
Action.c(101):     <b>\n
Action.c(101):     <label><input type="checkbox" name="55" value="on" /></label></font></b>\n
Action.c(101):     <input type="hidden" name="flightID" value="91505208-42661634-AD"  />\n
Action.c(101):       </TD>\n
Action.c(101):       <TD width="45%" valign="top">\n
Action.c(101):           <b>&nbsp;&nbsp;A Coach class ticket for :</b><br/>\n
Action.c(101):           <center><table border="0" width="85%"><tr><td>\n
Action.c(101):           <li><i>Serafim Bosov\n
Action.c(101):           <li><i></i>\n
Action.c(101):           </td></tr></table></center>\n
Action.c(101):       </TD>\n
Action.c(101):       <TD width="5%" >.<br/>.<br/>.<br/>.</TD>\n
Action.c(101):       <TD width="45%" valign=top><b>Invoice sent to:</b><br/>\n
Action.c(101):           <center>\n
Action.c(101):           <Table width="80%" cellspacing="0" > <tr> <td>\n
Action.c(101):               Andreyev Dementiy\n
Action.c(101):     <br/>\n
Action.c(101):               kvartal Volzhskiy Bulvar 114a<br/>\n
Action.c(101):               Moscow MO Moscow<br/>\n
Action.c(101):               <br/>\n
Action.c(101):               Total Charge: $ 1244 <BR/> (CC: x-2470)\n
Action.c(101):           </td> </tr> </table>\n
Action.c(101):           </center>\n
Action.c(101):       </TD>\n
Action.c(101):     </TR>\n
Action.c(101):     <TR bgcolor="#EFF2F7">\n
Action.c(101):       <TD COLSPAN="3">\n
Action.c(101):       <b>Flight Details:</b><BR/>  <center>\n
Action.c(101):       08/03/2020\n
Action.c(101):      :  8am : Flight 640 leaves San Francisco  for Paris.<br>  08/12/2020\n
Action.c(101):      :  8am : Flight 460 leaves Paris  for San Francisco.<br>  </center>\n
Action.c(101):       </TD>\n
Action.c(101):     </TR>\n
Action.c(101):     \n
Action.c(101):     <TR bgcolor="#EFF2F7">\n
Action.c(101):       <TD COLSPAN="4">\n
Action.c(101):       <hr/>\n
Action.c(101):       </TD>\n
Action.c(101):     </TR>\n
Action.c(101):     \n
Action.c(101):     <!-- Flight #1 -->\n
Action.c(101):     <TR bgcolor="#EFF2F7">\n
Action.c(101):       <TD width="5%" rowspan="2" align="left" valign="top">\n
Action.c(101):     <b>\n
Action.c(101):     <label><input type="checkbox" name="56" value="on" /></label></font></b>\n
Action.c(101):     <input type="hidden" name="flightID" value="207441864-4337749-AD"  />\n
Action.c(101):       </TD>\n
Action.c(101):       <TD width="45%" valign="top">\n
Action.c(101):           <b>&nbsp;&nbsp;A Coach class ticket for :</b><br/>\n
Action.c(101):           <center><table border="0" width="85%"><tr><td>\n
Action.c(101):           <li><i>Serafim Bosov\n
Action.c(101):           <li><i></i>\n
Action.c(101):           </td></tr></table></center>\n
Action.c(101):       </TD>\n
Action.c(101):       <TD width="5%" >.<br/>.<br/>.<br/>.</TD>\n
Action.c(101):       <TD width="45%" valign=top><b>Invoice sent to:</b><br/>\n
Action.c(101):           <center>\n
Action.c(101):           <Table width="80%" cellspacing="0" > <tr> <td>\n
Action.c(101):               Andreyev Dementiy\n
Action.c(101):     <br/>\n
Action.c(101):               kvartal Volzhskiy Bulvar 114a<br/>\n
Action.c(101):               Moscow MO Moscow<br/>\n
Action.c(101):               <br/>\n
Action.c(101):               Total Charge: $ 747 <BR/> (CC: x-5600)\n
Action.c(101):           </td> </tr> </table>\n
Action.c(101):           </center>\n
Action.c(101):       </TD>\n
Action.c(101):     </TR>\n
Action.c(101):     <TR bgcolor="#EFF2F7">\n
Action.c(101):       <TD COLSPAN="3">\n
Action.c(101):       <b>Flight Details:</b><BR/>  <center>\n
Action.c(101):       07/30/2020\n
Action.c(101):      :  8am : Flight 930 leaves Zurich  for Los Angeles.<br>  08/10/2020\n
Action.c(101):      :  8am : Flight 390 leaves Los Angeles  for Zurich.<br>  </center>\n
Action.c(101):       </TD>\n
Action.c(101):     </TR>\n
Action.c(101):     \n
Action.c(101):     <TR bgcolor="#EFF2F7">\n
Action.c(101):       <TD COLSPAN="4">\n
Action.c(101):       <hr/>\n
Action.c(101):       </TD>\n
Action.c(101):     </TR>\n
Action.c(101):     \n
Action.c(101):     <!-- Flight #1 -->\n
Action.c(101):     <TR bgcolor="#EFF2F7">\n
Action.c(101):       <TD width="5%" rowspan="2" align="left" valign="top">\n
Action.c(101):     <b>\n
Action.c(101):     <label><input type="checkbox" name="57" value="on" /></label></font></b>\n
Action.c(101):     <input type="hidden" name="flightID" value="3629929674-43984802-AD"  />\n
Action.c(101):       </TD>\n
Action.c(101):       <TD width="45%" valign="top">\n
Action.c(101):           <b>&nbsp;&nbsp;A Coach class ticket for :</b><br/>\n
Action.c(101):           <center><table border="0" width="85%"><tr><td>\n
Action.c(101):           <li><i>Vasiliy Vnifatyev\n
Action.c(101):           <li><i></i>\n
Action.c(101):           </td></tr></table></center>\n
Action.c(101):       </TD>\n
Action.c(101):       <TD width="5%" >.<br/>.<br/>.<br/>.</TD>\n
Action.c(101):       <TD width="45%" valign=top><b>Invoice sent to:</b><br/>\n
Action.c(101):           <center>\n
Action.c(101):           <Table width="80%" cellspacing="0" > <tr> <td>\n
Action.c(101):               Andreyev Dementiy\n
Action.c(101):     <br/>\n
Action.c(101):               kvartal Volzhskiy Bulvar 114a<br/>\n
Action.c(101):               Moscow MO Moscow<br/>\n
Action.c(101):               <br/>\n
Action.c(101):               Total Charge: $ 2438 <BR/> (CC: x-9800)\n
Action.c(101):           </td> </tr> </table>\n
Action.c(101):           </center>\n
Action.c(101):       </TD>\n
Action.c(101):     </TR>\n
Action.c(101):     <TR bgcolor="#EFF2F7">\n
Action.c(101):       <TD COLSPAN="3">\n
Action.c(101):       <b>Flight Details:</b><BR/>  <center>\n
Action.c(101):       08/04/2020\n
Action.c(101):      :  8am : Flight 810 leaves Sydney  for Frankfurt.<br>  08/18/2020\n
Action.c(101):      :  8am : Flight 180 leaves Frankfurt  for Sydney.<br>  </center>\n
Action.c(101):       </TD>\n
Action.c(101):     </TR>\n
Action.c(101):     \n
Action.c(101):     <TR bgcolor="#EFF2F7">\n
Action.c(101):       <TD COLSPAN="4">\n
Action.c(101):       <hr/>\n
Action.c(101):       </TD>\n
Action.c(101):     </TR>\n
Action.c(101):     \n
Action.c(101):     <!-- Flight #1 -->\n
Action.c(101):     <TR bgcolor="#EFF2F7">\n
Action.c(101):       <TD width="5%" rowspan="2" align="left" valign="top">\n
Action.c(101):     <b>\n
Action.c(101):     <label><input type="checkbox" name="58" value="on" /></label></font></b>\n
Action.c(101):     <input type="hidden" name="flightID" value="360395191-4520024-AD"  />\n
Action.c(101):       </TD>\n
Action.c(101):       <TD width="45%" valign="top">\n
Action.c(101):           <b>&nbsp;&nbsp;A First class ticket for :</b><br/>\n
Action.c(101):           <center><table border="0" width="85%"><tr><td>\n
Action.c(101):           <li><i>Gleb Gri\n
Action.c(101):           <li><i></i>\n
Action.c(101):           </td></tr></table></center>\n
Action.c(101):       </TD>\n
Action.c(101):       <TD width="5%" >.<br/>.<br/>.<br/>.</TD>\n
Action.c(101):       <TD width="45%" valign=top><b>Invoice sent to:</b><br/>\n
Action.c(101):           <center>\n
Action.c(101):           <Table width="80%" cellspacing="0" > <tr> <td>\n
Action.c(101):               Andreyev Dementiy\n
Action.c(101):     <br/>\n
Action.c(101):               kvartal Volzhskiy Bulvar 114a<br/>\n
Action.c(101):               Moscow MO Moscow<br/>\n
Action.c(101):               <br/>\n
Action.c(101):               Total Charge: $ 324 <BR/> (CC: x-9730)\n
Action.c(101):           </td> </tr> </table>\n
Action.c(101):           </center>\n
Action.c(101):       </TD>\n
Action.c(101):     <
Action.c(101): Notify: Saving Parameter "flightId_52 = 307791115".	[MsgId: MMSG-13798]
Action.c(101): Notify: Saving Parameter "flightId_53 = 77424846".	[MsgId: MMSG-13798]
Action.c(101): Notify: Saving Parameter "flightId_54 = 53366695".	[MsgId: MMSG-13798]
Action.c(101): Notify: Saving Parameter "flightId_55 = 91505208".	[MsgId: MMSG-13798]
Action.c(101): Notify: Saving Parameter "flightId_56 = 207441864".	[MsgId: MMSG-13798]
Action.c(101): Notify: Saving Parameter "flightId_57 = 3629929674".	[MsgId: MMSG-13798]
Action.c(101): Notify: Saving Parameter "flightId_58 = 360395191".	[MsgId: MMSG-13798]
Action.c(101): t=279121ms: 8-byte chunked response overhead for "http://localhost:1080/cgi-bin/itinerary.pl" (RelFrameId=1.2, Internal ID=86)
Action.c(101):     \r\n
Action.c(101):     1000\r\n
Action.c(101): t=279121ms: 8-byte chunked response overhead for "http://localhost:1080/cgi-bin/itinerary.pl" (RelFrameId=1.2, Internal ID=86)
Action.c(101):     \r\n
Action.c(101):     1000\r\n
Action.c(101): t=279121ms: 9092-byte chunked response body for "http://localhost:1080/cgi-bin/itinerary.pl" (RelFrameId=1.2, Internal ID=86)
Action.c(101):     /TR>\n
Action.c(101):     <TR bgcolor="#EFF2F7">\n
Action.c(101):       <TD COLSPAN="3">\n
Action.c(101):       <b>Flight Details:</b><BR/>  <center>\n
Action.c(101):       07/30/2020\n
Action.c(101):      :  8am : Flight 670 leaves San Francisco  for Seattle.<br>  08/13/2020\n
Action.c(101):      :  8am : Flight 760 leaves Seattle  for San Francisco.<br>  </center>\n
Action.c(101):       </TD>\n
Action.c(101):     </TR>\n
Action.c(101):     \n
Action.c(101):     <TR bgcolor="#EFF2F7">\n
Action.c(101):       <TD COLSPAN="4">\n
Action.c(101):       <hr/>\n
Action.c(101):       </TD>\n
Action.c(101):     </TR>\n
Action.c(101):     \n
Action.c(101):     <!-- Flight #1 -->\n
Action.c(101):     <TR bgcolor="#EFF2F7">\n
Action.c(101):       <TD width="5%" rowspan="2" align="left" valign="top">\n
Action.c(101):     <b>\n
Action.c(101):     <label><input type="checkbox" name="59" value="on" /></label></font></b>\n
Action.c(101):     <input type="hidden" name="flightID" value="141503714-4543122-AD"  />\n
Action.c(101):       </TD>\n
Action.c(101):       <TD width="45%" valign="top">\n
Action.c(101):           <b>&nbsp;&nbsp;A Business class ticket for :</b><br/>\n
Action.c(101):           <center><table border="0" width="85%"><tr><td>\n
Action.c(101):           <li><i>Saveliy Bozhenko\n
Action.c(101):           <li><i></i>\n
Action.c(101):           </td></tr></table></center>\n
Action.c(101):       </TD>\n
Action.c(101):       <TD width="5%" >.<br/>.<br/>.<br/>.</TD>\n
Action.c(101):       <TD width="45%" valign=top><b>Invoice sent to:</b><br/>\n
Action.c(101):           <center>\n
Action.c(101):           <Table width="80%" cellspacing="0" > <tr> <td>\n
Action.c(101):               Andreyev Dementiy\n
Action.c(101):     <br/>\n
Action.c(101):               kvartal Volzhskiy Bulvar 114a<br/>\n
Action.c(101):               Moscow MO Moscow<br/>\n
Action.c(101):               <br/>\n
Action.c(101):               Total Charge: $ 586 <BR/> (CC: x-3820)\n
Action.c(101):           </td> </tr> </table>\n
Action.c(101):           </center>\n
Action.c(101):       </TD>\n
Action.c(101):     </TR>\n
Action.c(101):     <TR bgcolor="#EFF2F7">\n
Action.c(101):       <TD COLSPAN="3">\n
Action.c(101):       <b>Flight Details:</b><BR/>  <center>\n
Action.c(101):       08/08/2020\n
Action.c(101):      :  8am : Flight 600 leaves San Francisco  for Denver.<br>  08/28/2020\n
Action.c(101):      :  8am : Flight 060 leaves Denver  for San Francisco.<br>  </center>\n
Action.c(101):       </TD>\n
Action.c(101):     </TR>\n
Action.c(101):     \n
Action.c(101):     <TR bgcolor="#EFF2F7">\n
Action.c(101):       <TD COLSPAN="4">\n
Action.c(101):       <hr/>\n
Action.c(101):       </TD>\n
Action.c(101):     </TR>\n
Action.c(101):     \n
Action.c(101):     <!-- Flight #1 -->\n
Action.c(101):     <TR bgcolor="#EFF2F7">\n
Action.c(101):       <TD width="5%" rowspan="2" align="left" valign="top">\n
Action.c(101):     <b>\n
Action.c(101):     <label><input type="checkbox" name="60" value="on" /></label></font></b>\n
Action.c(101):     <input type="hidden" name="flightID" value="1415177835-46838700-AD"  />\n
Action.c(101):       </TD>\n
Action.c(101):       <TD width="45%" valign="top">\n
Action.c(101):           <b>&nbsp;&nbsp;A Business class ticket for :</b><br/>\n
Action.c(101):           <center><table border="0" width="85%"><tr><td>\n
Action.c(101):           <li><i>Andrey Ardalionov\n
Action.c(101):           <li><i></i>\n
Action.c(101):           </td></tr></table></center>\n
Action.c(101):       </TD>\n
Action.c(101):       <TD width="5%" >.<br/>.<br/>.<br/>.</TD>\n
Action.c(101):       <TD width="45%" valign=top><b>Invoice sent to:</b><br/>\n
Action.c(101):           <center>\n
Action.c(101):           <Table width="80%" cellspacing="0" > <tr> <td>\n
Action.c(101):               Andreyev Dementiy\n
Action.c(101):     <br/>\n
Action.c(101):               kvartal Volzhskiy Bulvar 114a<br/>\n
Action.c(101):               Moscow MO Moscow<br/>\n
Action.c(101):               <br/>\n
Action.c(101):               Total Charge: $ 3112 <BR/> (CC: x-3820)\n
Action.c(101):           </td> </tr> </table>\n
Action.c(101):           </center>\n
Action.c(101):       </TD>\n
Action.c(101):     </TR>\n
Action.c(101):     <TR bgcolor="#EFF2F7">\n
Action.c(101):       <TD COLSPAN="3">\n
Action.c(101):       <b>Flight Details:</b><BR/>  <center>\n
Action.c(101):       07/30/2020\n
Action.c(101):      :  8am : Flight 980 leaves Zurich  for Sydney.<br>  08/11/2020\n
Action.c(101):      :  8am : Flight 890 leaves Sydney  for Zurich.<br>  </center>\n
Action.c(101):       </TD>\n
Action.c(101):     </TR>\n
Action.c(101):     \n
Action.c(101):     <TR bgcolor="#EFF2F7">\n
Action.c(101):       <TD COLSPAN="4">\n
Action.c(101):       <hr/>\n
Action.c(101):       </TD>\n
Action.c(101):     </TR>\n
Action.c(101):     \n
Action.c(101):     <!-- Flight #1 -->\n
Action.c(101):     <TR bgcolor="#EFF2F7">\n
Action.c(101):       <TD width="5%" rowspan="2" align="left" valign="top">\n
Action.c(101):     <b>\n
Action.c(101):     <label><input type="checkbox" name="61" value="on" /></label></font></b>\n
Action.c(101):     <input type="hidden" name="flightID" value="614933374-47100172-AD"  />\n
Action.c(101):       </TD>\n
Action.c(101):       <TD width="45%" valign="top">\n
Action.c(101):           <b>&nbsp;&nbsp;A Business class ticket for :</b><br/>\n
Action.c(101):           <center><table border="0" width="85%"><tr><td>\n
Action.c(101):           <li><i>Anatoliy Aparin\n
Action.c(101):           <li><i></i>\n
Action.c(101):           </td></tr></table></center>\n
Action.c(101):       </TD>\n
Action.c(101):       <TD width="5%" >.<br/>.<br/>.<br/>.</TD>\n
Action.c(101):       <TD width="45%" valign=top><b>Invoice sent to:</b><br/>\n
Action.c(101):           <center>\n
Action.c(101):           <Table width="80%" cellspacing="0" > <tr> <td>\n
Action.c(101):               Andreyev Dementiy\n
Action.c(101):     <br/>\n
Action.c(101):               kvartal Volzhskiy Bulvar 114a<br/>\n
Action.c(101):               Moscow MO Moscow<br/>\n
Action.c(101):               <br/>\n
Action.c(101):               Total Charge: $ 2242 <BR/> (CC: x-1660)\n
Action.c(101):           </td> </tr> </table>\n
Action.c(101):           </center>\n
Action.c(101):       </TD>\n
Action.c(101):     </TR>\n
Action.c(101):     <TR bgcolor="#EFF2F7">\n
Action.c(101):       <TD COLSPAN="3">\n
Action.c(101):       <b>Flight Details:</b><BR/>  <center>\n
Action.c(101):       08/08/2020\n
Action.c(101):      :  8am : Flight 320 leaves Los Angeles  for London.<br>  08/19/2020\n
Action.c(101):      :  8am : Flight 230 leaves London  for Los Angeles.<br>  </center>\n
Action.c(101):       </TD>\n
Action.c(101):     </TR>\n
Action.c(101):     \n
Action.c(101):     <TR bgcolor="#EFF2F7">\n
Action.c(101):       <TD COLSPAN="4">\n
Action.c(101):       <hr/>\n
Action.c(101):       </TD>\n
Action.c(101):     </TR>\n
Action.c(101):     \n
Action.c(101):     <!-- Flight #1 -->\n
Action.c(101):     <TR bgcolor="#EFF2F7">\n
Action.c(101):       <TD width="5%" rowspan="2" align="left" valign="top">\n
Action.c(101):     <b>\n
Action.c(101):     <label><input type="checkbox" name="62" value="on" /></label></font></b>\n
Action.c(101):     <input type="hidden" name="flightID" value="1711340781-47892476-AD"  />\n
Action.c(101):       </TD>\n
Action.c(101):       <TD width="45%" valign="top">\n
Action.c(101):           <b>&nbsp;&nbsp;A First class ticket for :</b><br/>\n
Action.c(101):           <center><table border="0" width="85%"><tr><td>\n
Action.c(101):           <li><i>Alvian Anyukov\n
Action.c(101):           <li><i></i>\n
Action.c(101):           </td></tr></table></center>\n
Action.c(101):       </TD>\n
Action.c(101):       <TD width="5%" >.<br/>.<br/>.<br/>.</TD>\n
Action.c(101):       <TD width="45%" valign=top><b>Invoice sent to:</b><br/>\n
Action.c(101):           <center>\n
Action.c(101):           <Table width="80%" cellspacing="0" > <tr> <td>\n
Action.c(101):               Andreyev Dementiy\n
Action.c(101):     <br/>\n
Action.c(101):               kvartal Volzhskiy Bulvar 114a<br/>\n
Action.c(101):               Moscow MO Moscow<br/>\n
Action.c(101):               <br/>\n
Action.c(101):               Total Charge: $ 2198 <BR/> (CC: x-4620)\n
Action.c(101):           </td> </tr> </table>\n
Action.c(101):           </center>\n
Action.c(101):       </TD>\n
Action.c(101):     </TR>\n
Action.c(101):     <TR bgcolor="#EFF2F7">\n
Action.c(101):       <TD COLSPAN="3">\n
Action.c(101):       <b>Flight Details:</b><BR/>  <center>\n
Action.c(101):       07/31/2020\n
Action.c(101):      :  8am : Flight 620 leaves San Francisco  for London.<br>  08/09/2020\n
Action.c(101):      :  8am : Flight 260 leaves London  for San Francisco.<br>  </center>\n
Action.c(101):       </TD>\n
Action.c(101):     </TR>\n
Action.c(101):     \n
Action.c(101):     <TR bgcolor="#EFF2F7">\n
Action.c(101):       <TD COLSPAN="4">\n
Action.c(101):       <hr/>\n
Action.c(101):       </TD>\n
Action.c(101):     </TR>\n
Action.c(101):     \n
Action.c(101):     <!-- Flight #1 -->\n
Action.c(101):     <TR bgcolor="#EFF2F7">\n
Action.c(101):       <TD width="5%" rowspan="2" align="left" valign="top">\n
Action.c(101):     <b>\n
Action.c(101):     <label><input type="checkbox" name="63" value="on" /></label></font></b>\n
Action.c(101):     <input type="hidden" name="flightID" value="257421506-49100102-AD"  />\n
Action.c(101):       </TD>\n
Action.c(101):       <TD width="45%" valign="top">\n
Action.c(101):           <b>&nbsp;&nbsp;A Coach class ticket for :</b><br/>\n
Action.c(101):           <center><table border="0" width="85%"><tr><td>\n
Action.c(101):           <li><i>Valeryan Vintilov\n
Action.c(101):           <li><i></i>\n
Action.c(101):           </td></tr></table></center>\n
Action.c(101):       </TD>\n
Action.c(101):       <TD width="5%" >.<br/>.<br/>.<br/>.</TD>\n
Action.c(101):       <TD width="45%" valign=top><b>Invoice sent to:</b><br/>\n
Action.c(101):           <center>\n
Action.c(101):           <Table width="80%" cellspacing="0" > <tr> <td>\n
Action.c(101):               Andreyev Dementiy\n
Action.c(101):     <br/>\n
Action.c(101):               kvartal Volzhskiy Bulvar 114a<br/>\n
Action.c(101):               Moscow MO Moscow<br/>\n
Action.c(101):               <br/>\n
Action.c(101):               Total Charge: $ 1338 <BR/> (CC: x-6950)\n
Action.c(101):           </td> </tr> </table>\n
Action.c(101):           </center>\n
Action.c(101):       </TD>\n
Action.c(101):     </TR>\n
Action.c(101):     <TR bgcolor="#EFF2F7">\n
Action.c(101):       <TD COLSPAN="3">\n
Action.c(101):       <b>Flight Details:</b><BR/>  <center>\n
Action.c(101):       08/08/2020\n
Action.c(101):      :  8am : Flight 380 leaves Los Angeles  for Sydney.<br>  08/15/2020\n
Action.c(101):      :  8am : Flight 830 leaves Sydney  for Los Angeles.<br>  </center>\n
Action.c(101):       </TD>\n
Action.c(101):     </TR>\n
Action.c(101):     \n
Action.c(101):     <TR bgcolor="#EFF2F7">\n
Action.c(101):       <TD COLSPAN="4">\n
Action.c(101):       <hr/>\n
Action.c(101):       </TD>\n
Action.c(101):     </TR>\n
Action.c(101):     \n
Action.c(101):     <!-- Flight #1 -->\n
Action.c(101):     <TR bgcolor="#EFF2F7">\n
Action.c(101):       <TD width="5%" rowspan="2" align="left" valign="top">\n
Action.c(101):     <b>\n
Action.c(101):     <label><input type="checkbox" name="64" value="on" /></label></font></b>\n
Action.c(101):     <input type="hidden" name="flightID" value="347797414-4950030-AD"  />\n
Action.c(101):       </TD>\n
Action.c(101):       <TD width="45%" valign="top">\n
Action.c(101):           <b>&nbsp;&nbsp;A Coach class ticket for :</b><br/>\n
Action.c(101):           <center><table border="0" width="85%"><tr><td>\n
Action.c(101):           <li><i>Mark Arefyev\n
Action.c(101):           <li><i></i>\n
Action.c(101):           </td></tr></table></center>\n
Action.c(101):       </TD>\n
Action.c(101):       <TD width="5%" >.<br/>.<br/>.<br/>.</TD>\n
Action.c(101):       <TD width="45%" valign=top><b>Invoice sent to:</b><br/>\n
Action.c(101):           <center>\n
Action.c(101):           <Table width="80%" cellspacing="0" > <tr> <td>\n
Action.c(101):               Andreyev Dementiy\n
Action.c(101):     <br/>\n
Action.c(101):               kvartal Volzhskiy Bulvar 114a<br/>\n
Action.c(101):               Moscow MO Moscow<br/>\n
Action.c(101):               <br/>\n
Action.c(101):               Total Charge: $ 396 <BR/> (CC: x-9390)\n
Action.c(101):           </td> </tr> </table>\n
Action.c(101):           </center>\n
Action.c(101):       </TD>\n
Action.c(101):     </TR>\n
Action.c(101):     <TR bgcolor="#EFF2F7">\n
Action.c(101):       <TD COLSPAN="3">\n
Action.c(101):       <b>Flight Details:</b><BR/>  <center>\n
Action.c(101):       08/08/2020\n
Action.c(101):      :  8am : Flight 530 leaves Portland  for Los Angeles.<br>  08/23/2020\n
Action.c(101):      :  8am : Flight 350 leaves Los Angeles  for Portland.<br>  </center>\n
Action.c(101):       </TD>\n
Action.c(101):     </TR>\n
Action.c(101):     \n
Action.c(101):     <TR bgcolor="#EFF2F7">\n
Action.c(101):       <TD COLSPAN="4">\n
Action.c(101):       <hr/>\n
Action.c(101):       </TD>\n
Action.c(101):     </TR>\n
Action.c(101):     \n
Action.c(101):     <!-- Flight #1 -->\n
Action.c(101):     <TR bgcolor="#EFF2F7">\n
Action.c(101):       <TD width="5%" rowspan="2" align="left" valign="top">\n
Action.c(101):     <b>\n
Action.c(101):     <label><input type="checkbox" name="65" value="on" /></label></font></b>\n
Action.c(101):     <input type="hidden" name="flightID" value="66694096-50361630-AD"  />\n
Action.c(101):       </TD>\n
Action.c(101):       <TD width="45%" valign="top">\n
Action.c(101):           <b>&nbsp;&nbsp;A Coach class ticket for :</b><br/>\n
Action.c(101):           <center><table border="0" width="85%"><tr><td>\n
Action.c(101):           <li><i>Maksim Arefov\n
Action.c(101):           <li><i></i>\n
Action.c(101):           </td></tr></table></center>\n
Action.c(101):       </TD>\n
Action.c(101):       <TD width="5%" >.<br/>.<br/>.<br/>.</TD>\n
Action.c(101):       <TD width="45%" valign=top><b>Invoice sent to:</b><br/>\n
Action.c(101):           <center>\n
Action.c(101):           <Table width="80%" cellspacing="0" > <tr> <td>\n
Action.c(101):               Andreyev Dementiy\n
Action.c(101):     <br/>\n
Action.c(101):               kvartal Volzhskiy Bulvar 114a<br/>\n
Action.c(101):               Moscow MO Moscow<br/>\n
Action.c(101):               <br/>\n
Action.c(101):               Total Charge: $ 1196 <BR/> (CC: x-1800)\n
Action.c(101):           </td> </tr> </table>\n
Action.c(101):           </center>\n
Action.c(101):       </TD>\n
Action.c(101):     </TR>\n
Action.c(101):     <TR bgcolor="#EFF2F7">\n
Action.c(101):       <TD COLSPAN="3">\n
Action.c(101):       <b>Flight Details:</b><BR/>  <center>\n
Action.c(101):       07/31/2020\n
Action.c(101):      :  8am : Flight 740 leaves Seattle  for Paris.<br>  08/09/2020\n
Action.c(101):      :  8am : Flight 470 leaves Paris  for Seattle.<br>  </center>\n
Action.c(101):       </TD>\n
Action.c(101):     </TR>\n
Action.c(101):     \n
Action.c(101):     <TR bgcolor="#EFF2F7">\n
Action.c(101):       <TD COLSPAN="4">\n
Action.c(101):       <hr/>\n
Action.c(101):       </TD>\n
Action.c(101):     </TR>\n
Action.c(101):     \n
Action.c(101):     <!-- Flight #1 -->\n
Action.c(101):     <TR bgcolor="#EFF2F7">\n
Action.c(101):       <TD width="5%" rowspan="2" align="left" valign="top">\n
Action.c(101):     <b>\n
Action.c(101):     <label><input type="checkbox" name="66" value="on" /></label></font></b>\n
Action.c(101):     <input type="hidden" name="flightID" value="351504819-5104632-AD"  />\n
Action.c(101):       </TD>\n
Action.c(101):       <TD width="45%" valign="top">\n
Action.c(101):           <b>&nbsp;&nbsp;A First class ticket for :</b><br/>\n
Action.c(101):           <center><table border="0
Action.c(101): Notify: Saving Parameter "flightId_59 = 141503714".	[MsgId: MMSG-13798]
Action.c(101): Notify: Saving Parameter "flightId_60 = 1415177835".	[MsgId: MMSG-13798]
Action.c(101): Notify: Saving Parameter "flightId_61 = 614933374".	[MsgId: MMSG-13798]
Action.c(101): Notify: Saving Parameter "flightId_62 = 1711340781".	[MsgId: MMSG-13798]
Action.c(101): Notify: Saving Parameter "flightId_63 = 257421506".	[MsgId: MMSG-13798]
Action.c(101): Notify: Saving Parameter "flightId_64 = 347797414".	[MsgId: MMSG-13798]
Action.c(101): Notify: Saving Parameter "flightId_65 = 66694096".	[MsgId: MMSG-13798]
Action.c(101): Notify: Saving Parameter "flightId_66 = 351504819".	[MsgId: MMSG-13798]
Action.c(101): t=279125ms: 8-byte chunked response overhead for "http://localhost:1080/cgi-bin/itinerary.pl" (RelFrameId=1.2, Internal ID=86)
Action.c(101):     \r\n
Action.c(101):     1000\r\n
Action.c(101): t=279126ms: 2-byte chunked response overhead for "http://localhost:1080/cgi-bin/itinerary.pl" (RelFrameId=1.2, Internal ID=86)
Action.c(101):     \r\n
Action.c(101): t=279126ms: 6738-byte chunked response body for "http://localhost:1080/cgi-bin/itinerary.pl" (RelFrameId=1.2, Internal ID=86)
Action.c(101):     " width="85%"><tr><td>\n
Action.c(101):           <li><i>Alvian Anyukov\n
Action.c(101):           <li><i></i>\n
Action.c(101):           </td></tr></table></center>\n
Action.c(101):       </TD>\n
Action.c(101):       <TD width="5%" >.<br/>.<br/>.<br/>.</TD>\n
Action.c(101):       <TD width="45%" valign=top><b>Invoice sent to:</b><br/>\n
Action.c(101):           <center>\n
Action.c(101):           <Table width="80%" cellspacing="0" > <tr> <td>\n
Action.c(101):               Andreyev Dementiy\n
Action.c(101):     <br/>\n
Action.c(101):               kvartal Volzhskiy Bulvar 114a<br/>\n
Action.c(101):               Moscow MO Moscow<br/>\n
Action.c(101):               <br/>\n
Action.c(101):               Total Charge: $ 226 <BR/> (CC: x-9490)\n
Action.c(101):           </td> </tr> </table>\n
Action.c(101):           </center>\n
Action.c(101):       </TD>\n
Action.c(101):     </TR>\n
Action.c(101):     <TR bgcolor="#EFF2F7">\n
Action.c(101):       <TD COLSPAN="3">\n
Action.c(101):       <b>Flight Details:</b><BR/>  <center>\n
Action.c(101):       08/02/2020\n
Action.c(101):      :  8am : Flight 630 leaves San Francisco  for Los Angeles.<br>  08/24/2020\n
Action.c(101):      :  8am : Flight 360 leaves Los Angeles  for San Francisco.<br>  </center>\n
Action.c(101):       </TD>\n
Action.c(101):     </TR>\n
Action.c(101):     \n
Action.c(101):     <TR bgcolor="#EFF2F7">\n
Action.c(101):       <TD COLSPAN="4">\n
Action.c(101):       <hr/>\n
Action.c(101):       </TD>\n
Action.c(101):     </TR>\n
Action.c(101):     \n
Action.c(101):     <!-- Flight #1 -->\n
Action.c(101):     <TR bgcolor="#EFF2F7">\n
Action.c(101):       <TD width="5%" rowspan="2" align="left" valign="top">\n
Action.c(101):     <b>\n
Action.c(101):     <label><input type="checkbox" name="67" value="on" /></label></font></b>\n
Action.c(101):     <input type="hidden" name="flightID" value="492911162-52061750-AD"  />\n
Action.c(101):       </TD>\n
Action.c(101):       <TD width="45%" valign="top">\n
Action.c(101):           <b>&nbsp;&nbsp;A First class ticket for :</b><br/>\n
Action.c(101):           <center><table border="0" width="85%"><tr><td>\n
Action.c(101):           <li><i>Valeryan Vintilov\n
Action.c(101):           <li><i></i>\n
Action.c(101):           </td></tr></table></center>\n
Action.c(101):       </TD>\n
Action.c(101):       <TD width="5%" >.<br/>.<br/>.<br/>.</TD>\n
Action.c(101):       <TD width="45%" valign=top><b>Invoice sent to:</b><br/>\n
Action.c(101):           <center>\n
Action.c(101):           <Table width="80%" cellspacing="0" > <tr> <td>\n
Action.c(101):               Andreyev Dementiy\n
Action.c(101):     <br/>\n
Action.c(101):               kvartal Volzhskiy Bulvar 114a<br/>\n
Action.c(101):               Moscow MO Moscow<br/>\n
Action.c(101):               <br/>\n
Action.c(101):               Total Charge: $ 2758 <BR/> (CC: x-1330)\n
Action.c(101):           </td> </tr> </table>\n
Action.c(101):           </center>\n
Action.c(101):       </TD>\n
Action.c(101):     </TR>\n
Action.c(101):     <TR bgcolor="#EFF2F7">\n
Action.c(101):       <TD COLSPAN="3">\n
Action.c(101):       <b>Flight Details:</b><BR/>  <center>\n
Action.c(101):       07/30/2020\n
Action.c(101):      :  8am : Flight 860 leaves Sydney  for San Francisco.<br>  08/24/2020\n
Action.c(101):      :  8am : Flight 680 leaves San Francisco  for Sydney.<br>  </center>\n
Action.c(101):       </TD>\n
Action.c(101):     </TR>\n
Action.c(101):     \n
Action.c(101):     <TR bgcolor="#EFF2F7">\n
Action.c(101):       <TD COLSPAN="4">\n
Action.c(101):       <hr/>\n
Action.c(101):       </TD>\n
Action.c(101):     </TR>\n
Action.c(101):     \n
Action.c(101):     <!-- Flight #1 -->\n
Action.c(101):     <TR bgcolor="#EFF2F7">\n
Action.c(101):       <TD width="5%" rowspan="2" align="left" valign="top">\n
Action.c(101):     <b>\n
Action.c(101):     <label><input type="checkbox" name="68" value="on" /></label></font></b>\n
Action.c(101):     <input type="hidden" name="flightID" value="14105953-52830882-AD"  />\n
Action.c(101):       </TD>\n
Action.c(101):       <TD width="45%" valign="top">\n
Action.c(101):           <b>&nbsp;&nbsp;A Coach class ticket for :</b><br/>\n
Action.c(101):           <center><table border="0" width="85%"><tr><td>\n
Action.c(101):           <li><i>Parfeniy Gordeyev\n
Action.c(101):           <li><i></i>\n
Action.c(101):           </td></tr></table></center>\n
Action.c(101):       </TD>\n
Action.c(101):       <TD width="5%" >.<br/>.<br/>.<br/>.</TD>\n
Action.c(101):       <TD width="45%" valign=top><b>Invoice sent to:</b><br/>\n
Action.c(101):           <center>\n
Action.c(101):           <Table width="80%" cellspacing="0" > <tr> <td>\n
Action.c(101):               Andreyev Dementiy\n
Action.c(101):     <br/>\n
Action.c(101):               kvartal Volzhskiy Bulvar 114a<br/>\n
Action.c(101):               Moscow MO Moscow<br/>\n
Action.c(101):               <br/>\n
Action.c(101):               Total Charge: $ 1470 <BR/> (CC: x-0380)\n
Action.c(101):           </td> </tr> </table>\n
Action.c(101):           </center>\n
Action.c(101):       </TD>\n
Action.c(101):     </TR>\n
Action.c(101):     <TR bgcolor="#EFF2F7">\n
Action.c(101):       <TD COLSPAN="3">\n
Action.c(101):       <b>Flight Details:</b><BR/>  <center>\n
Action.c(101):       08/04/2020\n
Action.c(101):      :  8am : Flight 860 leaves Sydney  for San Francisco.<br>  08/20/2020\n
Action.c(101):      :  8am : Flight 680 leaves San Francisco  for Sydney.<br>  </center>\n
Action.c(101):       </TD>\n
Action.c(101):     </TR>\n
Action.c(101):     \n
Action.c(101):     <TR bgcolor="#EFF2F7">\n
Action.c(101):       <TD COLSPAN="4">\n
Action.c(101):       <hr/>\n
Action.c(101):       </TD>\n
Action.c(101):     </TR>\n
Action.c(101):     \n
Action.c(101):     <!-- Flight #1 -->\n
Action.c(101):     <TR bgcolor="#EFF2F7">\n
Action.c(101):       <TD width="5%" rowspan="2" align="left" valign="top">\n
Action.c(101):     <b>\n
Action.c(101):     <label><input type="checkbox" name="69" value="on" /></label></font></b>\n
Action.c(101):     <input type="hidden" name="flightID" value="255572255-53492446-AD"  />\n
Action.c(101):       </TD>\n
Action.c(101):       <TD width="45%" valign="top">\n
Action.c(101):           <b>&nbsp;&nbsp;A Business class ticket for :</b><br/>\n
Action.c(101):           <center><table border="0" width="85%"><tr><td>\n
Action.c(101):           <li><i>Sevastyan Borodin\n
Action.c(101):           <li><i></i>\n
Action.c(101):           </td></tr></table></center>\n
Action.c(101):       </TD>\n
Action.c(101):       <TD width="5%" >.<br/>.<br/>.<br/>.</TD>\n
Action.c(101):       <TD width="45%" valign=top><b>Invoice sent to:</b><br/>\n
Action.c(101):           <center>\n
Action.c(101):           <Table width="80%" cellspacing="0" > <tr> <td>\n
Action.c(101):               Andreyev Dementiy\n
Action.c(101):     <br/>\n
Action.c(101):               kvartal Volzhskiy Bulvar 114a<br/>\n
Action.c(101):               Moscow MO Moscow<br/>\n
Action.c(101):               <br/>\n
Action.c(101):               Total Charge: $ 1802 <BR/> (CC: x-6900)\n
Action.c(101):           </td> </tr> </table>\n
Action.c(101):           </center>\n
Action.c(101):       </TD>\n
Action.c(101):     </TR>\n
Action.c(101):     <TR bgcolor="#EFF2F7">\n
Action.c(101):       <TD COLSPAN="3">\n
Action.c(101):       <b>Flight Details:</b><BR/>  <center>\n
Action.c(101):       07/31/2020\n
Action.c(101):      :  8am : Flight 450 leaves Paris  for Portland.<br>  08/11/2020\n
Action.c(101):      :  8am : Flight 540 leaves Portland  for Paris.<br>  </center>\n
Action.c(101):       </TD>\n
Action.c(101):     </TR>\n
Action.c(101):     \n
Action.c(101):     <TR bgcolor="#EFF2F7">\n
Action.c(101):       <TD COLSPAN="4">\n
Action.c(101):       <hr/>\n
Action.c(101):       </TD>\n
Action.c(101):     </TR>\n
Action.c(101):     \n
Action.c(101):     <!-- Flight #1 -->\n
Action.c(101):     <TR bgcolor="#EFF2F7">\n
Action.c(101):       <TD width="5%" rowspan="2" align="left" valign="top">\n
Action.c(101):     <b>\n
Action.c(101):     <label><input type="checkbox" name="70" value="on" /></label></font></b>\n
Action.c(101):     <input type="hidden" name="flightID" value="344447800-54538555-AD"  />\n
Action.c(101):       </TD>\n
Action.c(101):       <TD width="45%" valign="top">\n
Action.c(101):           <b>&nbsp;&nbsp;A Business class ticket for :</b><br/>\n
Action.c(101):           <center><table border="0" width="85%"><tr><td>\n
Action.c(101):           <li><i>Gleb Gri\n
Action.c(101):           <li><i></i>\n
Action.c(101):           </td></tr></table></center>\n
Action.c(101):       </TD>\n
Action.c(101):       <TD width="5%" >.<br/>.<br/>.<br/>.</TD>\n
Action.c(101):       <TD width="45%" valign=top><b>Invoice sent to:</b><br/>\n
Action.c(101):           <center>\n
Action.c(101):           <Table width="80%" cellspacing="0" > <tr> <td>\n
Action.c(101):               Andreyev Dementiy\n
Action.c(101):     <br/>\n
Action.c(101):               kvartal Volzhskiy Bulvar 114a<br/>\n
Action.c(101):               Moscow MO Moscow<br/>\n
Action.c(101):               <br/>\n
Action.c(101):               Total Charge: $ 1220 <BR/> (CC: x-9300)\n
Action.c(101):           </td> </tr> </table>\n
Action.c(101):           </center>\n
Action.c(101):       </TD>\n
Action.c(101):     </TR>\n
Action.c(101):     <TR bgcolor="#EFF2F7">\n
Action.c(101):       <TD COLSPAN="3">\n
Action.c(101):       <b>Flight Details:</b><BR/>  <center>\n
Action.c(101):       08/05/2020\n
Action.c(101):      :  8am : Flight 090 leaves Denver  for Zurich.<br>  08/27/2020\n
Action.c(101):      :  8am : Flight 900 leaves Zurich  for Denver.<br>  </center>\n
Action.c(101):       </TD>\n
Action.c(101):     </TR>\n
Action.c(101):     \n
Action.c(101):     <TR bgcolor="#EFF2F7">\n
Action.c(101):       <TD COLSPAN="4">\n
Action.c(101):       <hr/>\n
Action.c(101):       </TD>\n
Action.c(101):     </TR>\n
Action.c(101):     \n
Action.c(101):     <!-- Flight #1 -->\n
Action.c(101):     <TR bgcolor="#EFF2F7">\n
Action.c(101):       <TD width="5%" rowspan="2" align="left" valign="top">\n
Action.c(101):     <b>\n
Action.c(101):     <label><input type="checkbox" name="71" value="on" /></label></font></b>\n
Action.c(101):     <input type="hidden" name="flightID" value="3233548204-55269462-AD"  />\n
Action.c(101):       </TD>\n
Action.c(101):       <TD width="45%" valign="top">\n
Action.c(101):           <b>&nbsp;&nbsp;A First class ticket for :</b><br/>\n
Action.c(101):           <center><table border="0" width="85%"><tr><td>\n
Action.c(101):           <li><i>Sevastyan Borodin\n
Action.c(101):           <li><i></i>\n
Action.c(101):           </td></tr></table></center>\n
Action.c(101):       </TD>\n
Action.c(101):       <TD width="5%" >.<br/>.<br/>.<br/>.</TD>\n
Action.c(101):       <TD width="45%" valign=top><b>Invoice sent to:</b><br/>\n
Action.c(101):           <center>\n
Action.c(101):           <Table width="80%" cellspacing="0" > <tr> <td>\n
Action.c(101):               Andreyev Dementiy\n
Action.c(101):     <br/>\n
Action.c(101):               kvartal Volzhskiy Bulvar 114a<br/>\n
Action.c(101):               Moscow MO Moscow<br/>\n
Action.c(101):               <br/>\n
Action.c(101):               Total Charge: $ 3018 <BR/> (CC: x-8730)\n
Action.c(101):           </td> </tr> </table>\n
Action.c(101):           </center>\n
Action.c(101):       </TD>\n
Action.c(101):     </TR>\n
Action.c(101):     <TR bgcolor="#EFF2F7">\n
Action.c(101):       <TD COLSPAN="3">\n
Action.c(101):       <b>Flight Details:</b><BR/>  <center>\n
Action.c(101):       08/03/2020\n
Action.c(101):      :  8am : Flight 580 leaves Portland  for Sydney.<br>  08/26/2020\n
Action.c(101):      :  8am : Flight 850 leaves Sydney  for Portland.<br>
Action.c(101): Notify: Saving Parameter "flightId_67 = 492911162".	[MsgId: MMSG-13798]
Action.c(101): Notify: Saving Parameter "flightId_68 = 14105953".	[MsgId: MMSG-13798]
Action.c(101): Notify: Saving Parameter "flightId_69 = 255572255".	[MsgId: MMSG-13798]
Action.c(101): Notify: Saving Parameter "flightId_70 = 344447800".	[MsgId: MMSG-13798]
Action.c(101): Notify: Saving Parameter "flightId_71 = 3233548204".	[MsgId: MMSG-13798]
Action.c(101): t=279132ms: 6-byte chunked response overhead for "http://localhost:1080/cgi-bin/itinerary.pl" (RelFrameId=1.2, Internal ID=86)
Action.c(101):     1000\r\n
Action.c(101): t=279132ms: 7-byte chunked response overhead for "http://localhost:1080/cgi-bin/itinerary.pl" (RelFrameId=1.2, Internal ID=86)
Action.c(101):     \r\n
Action.c(101):     5da\r\n
Action.c(101): t=279132ms: 2-byte chunked response overhead for "http://localhost:1080/cgi-bin/itinerary.pl" (RelFrameId=1.2, Internal ID=86)
Action.c(101):     \r\n
Action.c(101): t=279132ms: 5594-byte chunked response body for "http://localhost:1080/cgi-bin/itinerary.pl" (RelFrameId=1.2, Internal ID=86)
Action.c(101):       </center>\n
Action.c(101):       </TD>\n
Action.c(101):     </TR>\n
Action.c(101):     \n
Action.c(101):     <TR bgcolor="#EFF2F7">\n
Action.c(101):       <TD COLSPAN="4">\n
Action.c(101):       <hr/>\n
Action.c(101):       </TD>\n
Action.c(101):     </TR>\n
Action.c(101):     \n
Action.c(101):     <!-- Flight #1 -->\n
Action.c(101):     <TR bgcolor="#EFF2F7">\n
Action.c(101):       <TD width="5%" rowspan="2" align="left" valign="top">\n
Action.c(101):     <b>\n
Action.c(101):     <label><input type="checkbox" name="72" value="on" /></label></font></b>\n
Action.c(101):     <input type="hidden" name="flightID" value="17412597-5570019-AD"  />\n
Action.c(101):       </TD>\n
Action.c(101):       <TD width="45%" valign="top">\n
Action.c(101):           <b>&nbsp;&nbsp;A Coach class ticket for :</b><br/>\n
Action.c(101):           <center><table border="0" width="85%"><tr><td>\n
Action.c(101):           <li><i>Melentiy Arkadyev\n
Action.c(101):           <li><i></i>\n
Action.c(101):           </td></tr></table></center>\n
Action.c(101):       </TD>\n
Action.c(101):       <TD width="5%" >.<br/>.<br/>.<br/>.</TD>\n
Action.c(101):       <TD width="45%" valign=top><b>Invoice sent to:</b><br/>\n
Action.c(101):           <center>\n
Action.c(101):           <Table width="80%" cellspacing="0" > <tr> <td>\n
Action.c(101):               Andreyev Dementiy\n
Action.c(101):     <br/>\n
Action.c(101):               kvartal Volzhskiy Bulvar 114a<br/>\n
Action.c(101):               Moscow MO Moscow<br/>\n
Action.c(101):               <br/>\n
Action.c(101):               Total Charge: $ 256 <BR/> (CC: x-0470)\n
Action.c(101):           </td> </tr> </table>\n
Action.c(101):           </center>\n
Action.c(101):       </TD>\n
Action.c(101):     </TR>\n
Action.c(101):     <TR bgcolor="#EFF2F7">\n
Action.c(101):       <TD COLSPAN="3">\n
Action.c(101):       <b>Flight Details:</b><BR/>  <center>\n
Action.c(101):       08/05/2020\n
Action.c(101):      :  8am : Flight 140 leaves Frankfurt  for Paris.<br>  08/15/2020\n
Action.c(101):      :  8am : Flight 410 leaves Paris  for Frankfurt.<br>  </center>\n
Action.c(101):       </TD>\n
Action.c(101):     </TR>\n
Action.c(101):     \n
Action.c(101):     <TR bgcolor="#EFF2F7">\n
Action.c(101):       <TD COLSPAN="4">\n
Action.c(101):       <hr/>\n
Action.c(101):       </TD>\n
Action.c(101):     </TR>\n
Action.c(101):     <TR>\n
Action.c(101):        <TD align="center" COLSPAN="4">\n
Action.c(101):        <b>A total of 72 scheduled flights.</font></b>\n
Action.c(101):        </TD>\n
Action.c(101):     </TR>\n
Action.c(101):     </TABLE>\n
Action.c(101):     \n
Action.c(101):     <TABLE WIDTH="87%" BORDER="0" CELLSPACING="0">\n
Action.c(101):     <TR>\n
Action.c(101):     <TD align="left" width="50%" >\n
Action.c(101):     <input type="image" name="removeFlights" src="/WebTours/images/cancelreservation.gif" bord
Action.c(101):     er="0" /></TD>\n
Action.c(101):     <TD align="right" width="50%" >\n
Action.c(101):     <input type="image" name="removeAllFlights" src="/WebTours/images/cancelallreservations.gi
Action.c(101):     f" border="0" /></TD>\n
Action.c(101):     </TABLE>\n
Action.c(101):     \n
Action.c(101):     <div><input type="hidden" name=".cgifields" value="33"  /><input type="hidden" name=".cgif
Action.c(101):     ields" value="32"  /><input type="hidden" name=".cgifields" value="63"  /><input type="hid
Action.c(101):     den" name=".cgifields" value="21"  /><input type="hidden" name=".cgifields" value="71"  />
Action.c(101):     <input type="hidden" name=".cgifields" value="7"  /><input type="hidden" name=".cgifields"
Action.c(101):      value="26"  /><input type="hidden" name=".cgifields" value="18"  /><input type="hidden" n
Action.c(101):     ame=".cgifields" value="72"  /><input type="hidden" name=".cgifields" value="16"  /><input
Action.c(101):      type="hidden" name=".cgifields" value="44"  /><input type="hidden" name=".cgifields" valu
Action.c(101):     e="55"  /><input type="hidden" name=".cgifields" value="27"  /><input type="hidden" name="
Action.c(101):     .cgifields" value="57"  /><input type="hidden" name=".cgifields" value="61"  /><input type
Action.c(101):     ="hidden" name=".cgifields" value="20"  /><input type="hidden" name=".cgifields" value="10
Action.c(101):     "  /><input type="hidden" name=".cgifields" value="31"  /><input type="hidden" name=".cgif
Action.c(101):     ields" value="35"  /><input type="hidden" name=".cgifields" value="11"  /><input type="hid
Action.c(101):     den" name=".cgifields" value="48"  /><input type="hidden" name=".cgifields" value="65"  />
Action.c(101):     <input type="hidden" name=".cgifields" value="29"  /><input type="hidden" name=".cgifields
Action.c(101):     " value="50"  /><input type="hidden" name=".cgifields" value="39"  /><input type="hidden" 
Action.c(101):     name=".cgifields" value="64"  /><input type="hidden" name=".cgifields" value="58"  /><inpu
Action.c(101):     t type="hidden" name=".cgifields" value="41"  /><input type="hidden" name=".cgifields" val
Action.c(101):     ue="12"  /><input type="hidden" name=".cgifields" value="15"  /><input type="hidden" name=
Action.c(101):     ".cgifields" value="52"  /><input type="hidden" name=".cgifields" value="60"  /><input typ
Action.c(101):     e="hidden" name=".cgifields" value="56"  /><input type="hidden" name=".cgifields" value="6
Action.c(101):     6"  /><input type="hidden" name=".cgifields" value="45"  /><input type="hidden" name=".cgi
Action.c(101):     fields" value="19"  /><input type="hidden" name=".cgifields" value="62"  /><input type="hi
Action.c(101):     dden" name=".cgifields" value="54"  /><input type="hidden" name=".cgifields" value="67"  /
Action.c(101):     ><input type="hidden" name=".cgifields" value="70"  /><input type="hidden" name=".cgifield
Action.c(101):     s" value="68"  /><input type="hidden" name=".cgifields" value="2"  /><input type="hidden" 
Action.c(101):     name=".cgifields" value="17"  /><input type="hidden" name=".cgifields" value="1"  /><input
Action.c(101):      type="hidden" name=".cgifields" value="30"  /><input type="hidden" name=".cgifields" valu
Action.c(101):     e="25"  /><input type="hidden" name=".cgifields" value="28"  /><input type="hidden" name="
Action.c(101):     .cgifields" value="40"  /><input type="hidden" name=".cgifields" value="14"  /><input type
Action.c(101):     ="hidden" name=".cgifields" value="69"  /><input type="hidden" name=".cgifields" value="59
Action.c(101):     "  /><input type="hidden" name=".cgifields" value="49"  /><input type="hidden" name=".cgif
Action.c(101):     ields" value="24"  /><input type="hidden" name=".cgifields" value="53"  /><input type="hid
Action.c(101):     den" name=".cgifields" value="22"  /><input type="hidden" name=".cgifields" value="42"  />
Action.c(101):     <input type="hidden" name=".cgifields" value="46"  /><input type="hidden" name=".cgifields
Action.c(101):     " value="23"  /><input type="hidden" name=".cgifields" value="13"  /><input type="hidden" 
Action.c(101):     name=".cgifields" value="6"  /><input type="hidden" name=".cgifields" value="3"  /><input 
Action.c(101):     type="hidden" name=".cgifields" value="36"  /><input type="hidden" name=".cgifields" value
Action.c(101):     ="9"  /><input type="hidden" name=".cgifields" value="51"  /><input type="hidden" name=".c
Action.c(101):     gifields" value="47"  /><input type="hidden" name=".cgifields" value="8"  /><input type="h
Action.c(101):     idden" name=".cgifields" value="38"  /><input type="hidden" name=".cgifields" value="4"  /
Action.c(101):     ><input type="hidden" name=".cgifields" value="34"  /><input type="hidden" name=".cgifield
Action.c(101):     s" value="37"  /><input type="hidden" name=".cgifields" value="43"  /><input type="hidden"
Action.c(101):      name=".cgifields" value="5"  /></div></form>\n
Action.c(101):     \n
Action.c(101):     </center>\n
Action.c(101):     \n
Action.c(101):     </body>\n
Action.c(101):     </html>
Action.c(101): Notify: Saving Parameter "flightId_72 = 17412597".	[MsgId: MMSG-13798]
Action.c(101): Found resource "http://localhost:1080/WebTours/images/cancelreservation.gif" in HTML "http://localhost:1080/cgi-bin/itinerary.pl"  	[MsgId: MMSG-26659]
Action.c(101): Found resource "http://localhost:1080/WebTours/images/cancelallreservations.gif" in HTML "http://localhost:1080/cgi-bin/itinerary.pl"  	[MsgId: MMSG-26659]
Action.c(101): t=279161ms: 5-byte chunked response overhead for "http://localhost:1080/cgi-bin/nav.pl?page=menu&in=itinerary" (RelFrameId=1.1, Internal ID=85)
Action.c(101):     0\r\n
Action.c(101):     \r\n
Action.c(101): t=279161ms: 5-byte chunked response overhead for "http://localhost:1080/cgi-bin/itinerary.pl" (RelFrameId=1.2, Internal ID=86)
Action.c(101):     0\r\n
Action.c(101):     \r\n
Action.c(101): t=279162ms: 297-byte response headers for "http://localhost:1080/WebTours/images/cancelreservation.gif" (RelFrameId=, Internal ID=88)
Action.c(101):     HTTP/1.1 200 OK\r\n
Action.c(101):     Date: Thu, 30 Jul 2020 18:02:16 GMT\r\n
Action.c(101):     Server: Apache/2.2.21 (Win32)\r\n
Action.c(101):     Last-Modified: Tue, 07 Jul 2020 19:02:13 GMT\r\n
Action.c(101):     ETag: "5000000054622-33f-5a9dea10c9863"\r\n
Action.c(101):     Accept-Ranges: bytes\r\n
Action.c(101):     Content-Length: 831\r\n
Action.c(101):     Keep-Alive: timeout=5, max=98\r\n
Action.c(101):     Connection: Keep-Alive\r\n
Action.c(101):     Content-Type: image/gif\r\n
Action.c(101):     \r\n
Action.c(101): t=279162ms: 831-byte response body for "http://localhost:1080/WebTours/images/cancelreservation.gif" (RelFrameId=, Internal ID=88)
Action.c(101): t=281066ms: 298-byte response headers for "http://localhost:1080/WebTours/images/cancelallreservations.gif" (RelFrameId=, Internal ID=89)
Action.c(101):     HTTP/1.1 200 OK\r\n
Action.c(101):     Date: Thu, 30 Jul 2020 18:02:18 GMT\r\n
Action.c(101):     Server: Apache/2.2.21 (Win32)\r\n
Action.c(101):     Last-Modified: Tue, 07 Jul 2020 19:02:13 GMT\r\n
Action.c(101):     ETag: "5000000054621-2e6-5a9dea10c2332"\r\n
Action.c(101):     Accept-Ranges: bytes\r\n
Action.c(101):     Content-Length: 742\r\n
Action.c(101):     Keep-Alive: timeout=5, max=100\r\n
Action.c(101):     Connection: Keep-Alive\r\n
Action.c(101):     Content-Type: image/gif\r\n
Action.c(101):     \r\n
Action.c(101): t=281066ms: 742-byte response body for "http://localhost:1080/WebTours/images/cancelallreservations.gif" (RelFrameId=, Internal ID=89)
Action.c(101): Registered web_reg_find successful for "Text=No flights have been reserved"  	[MsgId: MMSG-26362]
Action.c(101): Notify: Saving Parameter "erroMess = 0".	[MsgId: MMSG-13798]
Action.c(101): Notify: Saving Parameter "flightId_count = 72".	[MsgId: MMSG-13798]
Action.c(101): Registered web_reg_find successful for "Text=14074465"  	[MsgId: MMSG-26362]
Action.c(101): Notify: Saving Parameter "Count_before_Flight_1 = 0".	[MsgId: MMSG-13798]
Action.c(101): web_url("Itinerary Button") was successful, 95865 body bytes, 1620 header bytes, 203 chunking overhead bytes  	[MsgId: MMSG-26385]
Action.c(111): Notify: Transaction "goto_Itinerary" ended with a "Pass" status (Duration: 7,2080 Wasted Time: 0,0036).	[MsgId: MMSG-16871]
Action.c(114): lr_think_time: 5,00 seconds.	[MsgId: MMSG-15948]
Action.c(116): Notify: Transaction "Delete_first" started.	[MsgId: MMSG-16999]
Action.c(118): Notify: Parameter Substitution: parameter "flightId_count" =  "72"	[MsgId: MMSG-13992]
Action.c(122): Notify: Parameter Substitution: parameter "flightId_1" =  "3011196349"	[MsgId: MMSG-13992]
Action.c(122): Notify: Saving Parameter "cancelflight = 3011196349".	[MsgId: MMSG-13798]
Action.c(125): web_reg_find started  	[MsgId: MMSG-26355]
Action.c(125): Notify: Parameter Substitution: parameter "cancelflight" =  "3011196349"	[MsgId: MMSG-13992]
Action.c(125): Registering web_reg_find was successful  	[MsgId: MMSG-26390]
Action.c(137): web_reg_find started  	[MsgId: MMSG-26355]
Action.c(137): Notify: Parameter Substitution: parameter "flightId_1" =  "3011196349"	[MsgId: MMSG-13992]
Action.c(137): Registering web_reg_find was successful  	[MsgId: MMSG-26390]
Action.c(142): Notify: Parameter Substitution: parameter "Count_after_Flight_1" =  "1"	[MsgId: MMSG-13992]
Action.c(143): Notify: Parameter Substitution: parameter "Count_after_Flight_1" =  "1"	[MsgId: MMSG-13992]
Action.c(143): Notify: Parameter Substitution: parameter "Count_before_Flight_1" =  "0"	[MsgId: MMSG-13992]
Action.c(145): Notify: Parameter Substitution: parameter "User_Login" =  "andreyev"	[MsgId: MMSG-13992]
Action.c(145): Notify: Parameter Substitution: parameter "flightId_1" =  "3011196349"	[MsgId: MMSG-13992]
Action.c(145): Notify: Parameter Substitution: parameter "Count_before_Flight_1" =  "0"	[MsgId: MMSG-13992]
Action.c(145): Notify: Parameter Substitution: parameter "Count_after_Flight_1" =  "1"	[MsgId: MMSG-13992]
Action.c(145): Error: User - andreyev; flightId_1 - 3011196349; Count_before_Flight_1 - 0; Count_after_Flight_1 - 1	[MsgId: MERR-17999]
End auto log messages stack.	[MsgId: MMSG-10544]


