Start auto log messages stack - Iteration 18.	[MsgId: MMSG-10545]
Action.c(97):           </td> </tr> </table>\n
Action.c(97):           </center>\n
Action.c(97):       </TD>\n
Action.c(97):     </TR>\n
Action.c(97):     <TR bgcolor="#EFF2F7">\n
Action.c(97):       <TD COLSPAN="3">\n
Action.c(97):       <b>Flight Details:</b><BR/>  <center>\n
Action.c(97):       07/28/2020\n
Action.c(97):      :  8am : Flight 060 leaves Denver  for San Francisco.<br>  07/31/2020\n
Action.c(97):      :  8am : Flight 600 leaves San Francisco  for Denver.<br>  </center>\n
Action.c(97):       </TD>\n
Action.c(97):     </TR>\n
Action.c(97):     \n
Action.c(97):     <TR bgcolor="#EFF2F7">\n
Action.c(97):       <TD COLSPAN="4">\n
Action.c(97):       <hr/>\n
Action.c(97):       </TD>\n
Action.c(97):     </TR>\n
Action.c(97):     \n
Action.c(97):     <!-- Flight #1 -->\n
Action.c(97):     <TR bgcolor="#EFF2F7">\n
Action.c(97):       <TD width="5%" rowspan="2" align="left" valign="top">\n
Action.c(97):     <b>\n
Action.c(97):     <label><input type="checkbox" name="51" value="on" /></label></font></b>\n
Action.c(97):     <input type="hidden" name="flightID" value="22964457-3953900-DO"  />\n
Action.c(97):       </TD>\n
Action.c(97):       <TD width="45%" valign="top">\n
Action.c(97):           <b>&nbsp;&nbsp;A Coach class ticket for :</b><br/>\n
Action.c(97):           <center><table border="0" width="85%"><tr><td>\n
Action.c(97):           <li><i>Samuil Borisenko\n
Action.c(97):           <li><i></i>\n
Action.c(97):           </td></tr></table></center>\n
Action.c(97):       </TD>\n
Action.c(97):       <TD width="5%" >.<br/>.<br/>.<br/>.</TD>\n
Action.c(97):       <TD width="45%" valign=top><b>Invoice sent to:</b><br/>\n
Action.c(97):           <center>\n
Action.c(97):           <Table width="80%" cellspacing="0" > <tr> <td>\n
Action.c(97):               Demidov Oles\n
Action.c(97):     <br/>\n
Action.c(97):               ulitsa Shlomina<br/>\n
Action.c(97):               Moscow MO Moscow<br/>\n
Action.c(97):               <br/>\n
Action.c(97):               Total Charge: $ 700 <BR/> (CC: x-0620)\n
Action.c(97):           </td> </tr> </table>\n
Action.c(97):           </center>\n
Action.c(97):       </TD>\n
Action.c(97):     </TR>\n
Action.c(97):     <TR bgcolor="#EFF2F7">\n
Action.c(97):       <TD COLSPAN="3">\n
Action.c(97):       <b>Flight Details:</b><BR/>  <center>\n
Action.c(97):       07/28/2020\n
Action.c(97):      :  8am : Flight 040 leaves Denver  for Paris.<br>  07/31/2020\n
Action.c(97):      :  8am : Flight 400 leaves Paris  for Denver.<br>
Action.c(97): Notify: Saving Parameter "flightId_49 = 150019640".	[MsgId: MMSG-13798]
Action.c(97): Notify: Saving Parameter "flightId_50 = 330742973".	[MsgId: MMSG-13798]
Action.c(97): Notify: Saving Parameter "flightId_51 = 22964457".	[MsgId: MMSG-13798]
Action.c(97): t=586796ms: 6-byte chunked response overhead for "http://localhost:1080/cgi-bin/itinerary.pl" (RelFrameId=1.2, Internal ID=551)
Action.c(97):     1000\r\n
Action.c(97): t=586796ms: 2-byte chunked response overhead for "http://localhost:1080/cgi-bin/itinerary.pl" (RelFrameId=1.2, Internal ID=551)
Action.c(97):     \r\n
Action.c(97): t=586796ms: 4096-byte chunked response body for "http://localhost:1080/cgi-bin/itinerary.pl" (RelFrameId=1.2, Internal ID=551)
Action.c(97):       </center>\n
Action.c(97):       </TD>\n
Action.c(97):     </TR>\n
Action.c(97):     \n
Action.c(97):     <TR bgcolor="#EFF2F7">\n
Action.c(97):       <TD COLSPAN="4">\n
Action.c(97):       <hr/>\n
Action.c(97):       </TD>\n
Action.c(97):     </TR>\n
Action.c(97):     \n
Action.c(97):     <!-- Flight #1 -->\n
Action.c(97):     <TR bgcolor="#EFF2F7">\n
Action.c(97):       <TD width="5%" rowspan="2" align="left" valign="top">\n
Action.c(97):     <b>\n
Action.c(97):     <label><input type="checkbox" name="52" value="on" /></label></font></b>\n
Action.c(97):     <input type="hidden" name="flightID" value="148165577-40569322-DO"  />\n
Action.c(97):       </TD>\n
Action.c(97):       <TD width="45%" valign="top">\n
Action.c(97):           <b>&nbsp;&nbsp;A Coach class ticket for :</b><br/>\n
Action.c(97):           <center><table border="0" width="85%"><tr><td>\n
Action.c(97):           <li><i>Valentin Arkadin\n
Action.c(97):           <li><i></i>\n
Action.c(97):           </td></tr></table></center>\n
Action.c(97):       </TD>\n
Action.c(97):       <TD width="5%" >.<br/>.<br/>.<br/>.</TD>\n
Action.c(97):       <TD width="45%" valign=top><b>Invoice sent to:</b><br/>\n
Action.c(97):           <center>\n
Action.c(97):           <Table width="80%" cellspacing="0" > <tr> <td>\n
Action.c(97):               Demidov Oles\n
Action.c(97):     <br/>\n
Action.c(97):               ulitsa Shlomina<br/>\n
Action.c(97):               Moscow MO Moscow<br/>\n
Action.c(97):               <br/>\n
Action.c(97):               Total Charge: $ 1196 <BR/> (CC: x-4000)\n
Action.c(97):           </td> </tr> </table>\n
Action.c(97):           </center>\n
Action.c(97):       </TD>\n
Action.c(97):     </TR>\n
Action.c(97):     <TR bgcolor="#EFF2F7">\n
Action.c(97):       <TD COLSPAN="3">\n
Action.c(97):       <b>Flight Details:</b><BR/>  <center>\n
Action.c(97):       07/28/2020\n
Action.c(97):      :  8am : Flight 470 leaves Paris  for Seattle.<br>  07/31/2020\n
Action.c(97):      :  8am : Flight 740 leaves Seattle  for Paris.<br>  </center>\n
Action.c(97):       </TD>\n
Action.c(97):     </TR>\n
Action.c(97):     \n
Action.c(97):     <TR bgcolor="#EFF2F7">\n
Action.c(97):       <TD COLSPAN="4">\n
Action.c(97):       <hr/>\n
Action.c(97):       </TD>\n
Action.c(97):     </TR>\n
Action.c(97):     \n
Action.c(97):     <!-- Flight #1 -->\n
Action.c(97):     <TR bgcolor="#EFF2F7">\n
Action.c(97):       <TD width="5%" rowspan="2" align="left" valign="top">\n
Action.c(97):     <b>\n
Action.c(97):     <label><input type="checkbox" name="53" value="on" /></label></font></b>\n
Action.c(97):     <input type="hidden" name="flightID" value="100404084-4091582-DO"  />\n
Action.c(97):       </TD>\n
Action.c(97):       <TD width="45%" valign="top">\n
Action.c(97):           <b>&nbsp;&nbsp;A Business class ticket for :</b><br/>\n
Action.c(97):           <center><table border="0" width="85%"><tr><td>\n
Action.c(97):           <li><i>Anikita Arepyev\n
Action.c(97):           <li><i></i>\n
Action.c(97):           </td></tr></table></center>\n
Action.c(97):       </TD>\n
Action.c(97):       <TD width="5%" >.<br/>.<br/>.<br/>.</TD>\n
Action.c(97):       <TD width="45%" valign=top><b>Invoice sent to:</b><br/>\n
Action.c(97):           <center>\n
Action.c(97):           <Table width="80%" cellspacing="0" > <tr> <td>\n
Action.c(97):               Demidov Oles\n
Action.c(97):     <br/>\n
Action.c(97):               ulitsa Shlomina<br/>\n
Action.c(97):               Moscow MO Moscow<br/>\n
Action.c(97):               <br/>\n
Action.c(97):               Total Charge: $ 574 <BR/> (CC: x-2710)\n
Action.c(97):           </td> </tr> </table>\n
Action.c(97):           </center>\n
Action.c(97):       </TD>\n
Action.c(97):     </TR>\n
Action.c(97):     <TR bgcolor="#EFF2F7">\n
Action.c(97):       <TD COLSPAN="3">\n
Action.c(97):       <b>Flight Details:</b><BR/>  <center>\n
Action.c(97):       07/28/2020\n
Action.c(97):      :  8am : Flight 910 leaves Zurich  for Frankfurt.<br>  07/31/2020\n
Action.c(97):      :  8am : Flight 190 leaves Frankfurt  for Zurich.<br>  </center>\n
Action.c(97):       </TD>\n
Action.c(97):     </TR>\n
Action.c(97):     \n
Action.c(97):     <TR bgcolor="#EFF2F7">\n
Action.c(97):       <TD COLSPAN="4">\n
Action.c(97):       <hr/>\n
Action.c(97):       </TD>\n
Action.c(97):     </TR>\n
Action.c(97):     \n
Action.c(97):     <!-- Flight #1 -->\n
Action.c(97):     <TR bgcolor="#EFF2F7">\n
Action.c(97):       <TD width="5%" rowspan="2" align="left" valign="top">\n
Action.c(97):     <b>\n
Action.c(97):     <label><input type="checkbox" name="54" value="on" /></label></font></b>\n
Action.c(97):     <input type="hidden" name="flightID" value="231134448-4181555-DO"  />\n
Action.c(97):       </TD>\n
Action.c(97):       <TD width="45%" valign="top">\n
Action.c(97):           <b>&nbsp;&nbsp;A First class ticket for :</b><br/>\n
Action.c(97):           <center><table border="0" width="85%"><tr><td>\n
Action.c(97):           <li><i>Maksim Arefov\n
Action.c(97):           <li><i></i>\n
Action.c(97):           </td></tr></table></center>\n
Action.c(97):       </TD>\n
Action.c(97):       <TD width="5%" >.<br/>.<br/>.<br/>.</TD>\n
Action.c(97):       <TD width="45%" valign=top><b>Invoice sent to:</b><br/>\n
Action.c(97):           <center>\n
Action.c(97):           <Table width="80%" cellspacing="0" > <tr> <td>\n
Action.c(97):               Demidov Oles\n
Action.c(97):     <br/>\n
Action.c(97):               ulitsa Shlomina<br/>\n
Action.c(97):               Moscow MO Moscow<br/>\n
Action.c(97):               <br/>\n
Action.c(97):               Total Charge: $ 226 <BR/> (CC: x-6240)\n
Action.c(97):           </td> </tr> </table>\n
Action.c(97):           </center>\n
Action.c(97):       </TD>\n
Action.c(97):     </TR>\n
Action.c(97):     <TR bgcolor="#EFF2F7">\n
Action.c(97):       <TD COLSPAN="3">\n
Action.c(97):       <b>Flight Details:</b><BR/>  <center>\n
Action.c(97):       07/28/2020\n
Action.c(97):      :  8am : Flight 630 leaves San Francisco  for Los Angeles.<br>  07/31/2020\n
Action.c(97):      :  8am : Flight 360 leaves Los Angeles  for San Francisco.<br>  </center>\n
Action.c(97):       </TD>\n
Action.c(97):     </TR>\n
Action.c(97):     \n
Action.c(97):     <TR bgcolor="#EFF2F7">\n
Action.c(97):       <TD COLSPAN="4">\n
Action.c(97):       <hr/>\n
Action.c(97):       </TD>\n
Action.c(97):     </TR>\n
Action.c(97):     \n
Action.c(97):     <!-- Flight #1 -->\n
Action.c(97):     <TR bgcolor="#EFF2F7">\n
Action.c(97):       <TD width="5%" rowspan="2" align="left" valign="top">\n
Action.c(97):     <b>\n
Action.c(97):     <label><input type="checkbox" name="55" value="on" /></label></font></b>\n
Action.c(97):     <input type="hidden" name="flightID" value="559570469-42677335-DO"  />\n
Action.c(97):       </TD>\n
Action.c(97):       <TD width="45%" valign="top">\n
Action.c(97):           <b>&nbsp;&nbsp;A First class ticket for :</b><br/>\n
Action.c(97):           <center><table border="0" width="85%"><tr><td>\n
Action.c(97):           <li><i>German Grigorov\n
Action.c(97):           <li><i></i>\n
Action.c(97):           </td></tr></ta
Action.c(97): Notify: Saving Parameter "flightId_52 = 148165577".	[MsgId: MMSG-13798]
Action.c(97): Notify: Saving Parameter "flightId_53 = 100404084".	[MsgId: MMSG-13798]
Action.c(97): Notify: Saving Parameter "flightId_54 = 231134448".	[MsgId: MMSG-13798]
Action.c(97): Notify: Saving Parameter "flightId_55 = 559570469".	[MsgId: MMSG-13798]
Action.c(97): t=586798ms: 6-byte chunked response overhead for "http://localhost:1080/cgi-bin/itinerary.pl" (RelFrameId=1.2, Internal ID=551)
Action.c(97):     1000\r\n
Action.c(97): t=586798ms: 2-byte chunked response overhead for "http://localhost:1080/cgi-bin/itinerary.pl" (RelFrameId=1.2, Internal ID=551)
Action.c(97):     \r\n
Action.c(97): t=586798ms: 4096-byte chunked response body for "http://localhost:1080/cgi-bin/itinerary.pl" (RelFrameId=1.2, Internal ID=551)
Action.c(97):     ble></center>\n
Action.c(97):       </TD>\n
Action.c(97):       <TD width="5%" >.<br/>.<br/>.<br/>.</TD>\n
Action.c(97):       <TD width="45%" valign=top><b>Invoice sent to:</b><br/>\n
Action.c(97):           <center>\n
Action.c(97):           <Table width="80%" cellspacing="0" > <tr> <td>\n
Action.c(97):               Demidov Oles\n
Action.c(97):     <br/>\n
Action.c(97):               ulitsa Shlomina<br/>\n
Action.c(97):               Moscow MO Moscow<br/>\n
Action.c(97):               <br/>\n
Action.c(97):               Total Charge: $ 5358 <BR/> (CC: x-1510)\n
Action.c(97):           </td> </tr> </table>\n
Action.c(97):           </center>\n
Action.c(97):       </TD>\n
Action.c(97):     </TR>\n
Action.c(97):     <TR bgcolor="#EFF2F7">\n
Action.c(97):       <TD COLSPAN="3">\n
Action.c(97):       <b>Flight Details:</b><BR/>  <center>\n
Action.c(97):       07/28/2020\n
Action.c(97):      :  8am : Flight 840 leaves Sydney  for Paris.<br>  07/31/2020\n
Action.c(97):      :  8am : Flight 480 leaves Paris  for Sydney.<br>  </center>\n
Action.c(97):       </TD>\n
Action.c(97):     </TR>\n
Action.c(97):     \n
Action.c(97):     <TR bgcolor="#EFF2F7">\n
Action.c(97):       <TD COLSPAN="4">\n
Action.c(97):       <hr/>\n
Action.c(97):       </TD>\n
Action.c(97):     </TR>\n
Action.c(97):     \n
Action.c(97):     <!-- Flight #1 -->\n
Action.c(97):     <TR bgcolor="#EFF2F7">\n
Action.c(97):       <TD width="5%" rowspan="2" align="left" valign="top">\n
Action.c(97):     <b>\n
Action.c(97):     <label><input type="checkbox" name="56" value="on" /></label></font></b>\n
Action.c(97):     <input type="hidden" name="flightID" value="6304843-43323195-DO"  />\n
Action.c(97):       </TD>\n
Action.c(97):       <TD width="45%" valign="top">\n
Action.c(97):           <b>&nbsp;&nbsp;A Coach class ticket for :</b><br/>\n
Action.c(97):           <center><table border="0" width="85%"><tr><td>\n
Action.c(97):           <li><i>Pankratiy Volochkov\n
Action.c(97):           <li><i></i>\n
Action.c(97):           </td></tr></table></center>\n
Action.c(97):       </TD>\n
Action.c(97):       <TD width="5%" >.<br/>.<br/>.<br/>.</TD>\n
Action.c(97):       <TD width="45%" valign=top><b>Invoice sent to:</b><br/>\n
Action.c(97):           <center>\n
Action.c(97):           <Table width="80%" cellspacing="0" > <tr> <td>\n
Action.c(97):               Demidov Oles\n
Action.c(97):     <br/>\n
Action.c(97):               ulitsa Shlomina<br/>\n
Action.c(97):               Moscow MO Moscow<br/>\n
Action.c(97):               <br/>\n
Action.c(97):               Total Charge: $ 1546 <BR/> (CC: x-0170)\n
Action.c(97):           </td> </tr> </table>\n
Action.c(97):           </center>\n
Action.c(97):       </TD>\n
Action.c(97):     </TR>\n
Action.c(97):     <TR bgcolor="#EFF2F7">\n
Action.c(97):       <TD COLSPAN="3">\n
Action.c(97):       <b>Flight Details:</b><BR/>  <center>\n
Action.c(97):       07/28/2020\n
Action.c(97):      :  8am : Flight 230 leaves London  for Los Angeles.<br>  07/31/2020\n
Action.c(97):      :  8am : Flight 320 leaves Los Angeles  for London.<br>  </center>\n
Action.c(97):       </TD>\n
Action.c(97):     </TR>\n
Action.c(97):     \n
Action.c(97):     <TR bgcolor="#EFF2F7">\n
Action.c(97):       <TD COLSPAN="4">\n
Action.c(97):       <hr/>\n
Action.c(97):       </TD>\n
Action.c(97):     </TR>\n
Action.c(97):     \n
Action.c(97):     <!-- Flight #1 -->\n
Action.c(97):     <TR bgcolor="#EFF2F7">\n
Action.c(97):       <TD width="5%" rowspan="2" align="left" valign="top">\n
Action.c(97):     <b>\n
Action.c(97):     <label><input type="checkbox" name="57" value="on" /></label></font></b>\n
Action.c(97):     <input type="hidden" name="flightID" value="1481777820-43907868-DO"  />\n
Action.c(97):       </TD>\n
Action.c(97):       <TD width="45%" valign="top">\n
Action.c(97):           <b>&nbsp;&nbsp;A Business class ticket for :</b><br/>\n
Action.c(97):           <center><table border="0" width="85%"><tr><td>\n
Action.c(97):           <li><i>Gleb Gri\n
Action.c(97):           <li><i></i>\n
Action.c(97):           </td></tr></table></center>\n
Action.c(97):       </TD>\n
Action.c(97):       <TD width="5%" >.<br/>.<br/>.<br/>.</TD>\n
Action.c(97):       <TD width="45%" valign=top><b>Invoice sent to:</b><br/>\n
Action.c(97):           <center>\n
Action.c(97):           <Table width="80%" cellspacing="0" > <tr> <td>\n
Action.c(97):               Demidov Oles\n
Action.c(97):     <br/>\n
Action.c(97):               ulitsa Shlomina<br/>\n
Action.c(97):               Moscow MO Moscow<br/>\n
Action.c(97):               <br/>\n
Action.c(97):               Total Charge: $ 2296 <BR/> (CC: x-4000)\n
Action.c(97):           </td> </tr> </table>\n
Action.c(97):           </center>\n
Action.c(97):       </TD>\n
Action.c(97):     </TR>\n
Action.c(97):     <TR bgcolor="#EFF2F7">\n
Action.c(97):       <TD COLSPAN="3">\n
Action.c(97):       <b>Flight Details:</b><BR/>  <center>\n
Action.c(97):       07/28/2020\n
Action.c(97):      :  8am : Flight 800 leaves Sydney  for Denver.<br>  07/31/2020\n
Action.c(97):      :  8am : Flight 080 leaves Denver  for Sydney.<br>  </center>\n
Action.c(97):       </TD>\n
Action.c(97):     </TR>\n
Action.c(97):     \n
Action.c(97):     <TR bgcolor="#EFF2F7">\n
Action.c(97):       <TD COLSPAN="4">\n
Action.c(97):       <hr/>\n
Action.c(97):       </TD>\n
Action.c(97):     </TR>\n
Action.c(97):     \n
Action.c(97):     <!-- Flight #1 -->\n
Action.c(97):     <TR bgcolor="#EFF2F7">\n
Action.c(97):       <TD width="5%" rowspan="2" align="left" valign="top">\n
Action.c(97):     <b>\n
Action.c(97):     <label><input type="checkbox" name="58" value="on" /></label></font></b>\n
Action.c(97):     <input type="hidden" name="flightID" value="91482234-4476975-DO"  />\n
Action.c(97):       </TD>\n
Action.c(97):       <TD width="45%" valign="top">\n
Action.c(97):           <b>&nbsp;&nbsp;A Coach class ticket for :</b><br/>\n
Action.c(97):           <center><table border="0" width="85%"><tr><td>\n
Action.c(97):           <li><i>Parfeniy Gordeyev\n
Action.c(97):           <li><i></i>\n
Action.c(97):           </td></tr></table></center>\n
Action.c(97):       </TD>\n
Action.c(97):       <TD width="5%" >.<br/>.<br/>.<br/>.</TD>\n
Action.c(97):       <TD width="45%" valign=top><b>Invoice sent to:</b><br/>\n
Action.c(97):           <center>\n
Action.c(97):           <Table width="80%" cellspacing="0" > <tr> <td>\n
Action.c(97):               Demidov Oles\n
Action.c(97):     <br/>\n
Action.c(97):               ulitsa Shlomina<br/>\n
Action.c(97):               Moscow MO Moscow<br/>\n
Action.c(97):               <br/>\n
Action.c(97):               Total Charge: $ 676 <BR/> (CC: x-2470)\n
Action.c(97):           </td> </tr> </table>\n
Action.c(97):           </center>\n
Action.c(97):       </TD>\n
Action.c(97):     </TR>\n
Action.c(97):     <TR bgcolor="#EFF2F7">\n
Action.c(97):       <TD COLSPAN="3">\n
Action.c(97):       <b>Flight Details:</b><BR/>  <center>\n
Action.c(97):       07/28/2020\n
Action.c(97):      :  8am : Flight 020 leaves Denver  for London.<br>  07/31/2020\n
Action.c(97):      :  8am : Fl
Action.c(97): Notify: Saving Parameter "flightId_56 = 6304843".	[MsgId: MMSG-13798]
Action.c(97): Notify: Saving Parameter "flightId_57 = 1481777820".	[MsgId: MMSG-13798]
Action.c(97): Notify: Saving Parameter "flightId_58 = 91482234".	[MsgId: MMSG-13798]
Action.c(97): t=586801ms: 6-byte chunked response overhead for "http://localhost:1080/cgi-bin/itinerary.pl" (RelFrameId=1.2, Internal ID=551)
Action.c(97):     1000\r\n
Action.c(97): t=586801ms: 2-byte chunked response overhead for "http://localhost:1080/cgi-bin/itinerary.pl" (RelFrameId=1.2, Internal ID=551)
Action.c(97):     \r\n
Action.c(97): t=586801ms: 4096-byte chunked response body for "http://localhost:1080/cgi-bin/itinerary.pl" (RelFrameId=1.2, Internal ID=551)
Action.c(97):     ight 200 leaves London  for Denver.<br>  </center>\n
Action.c(97):       </TD>\n
Action.c(97):     </TR>\n
Action.c(97):     \n
Action.c(97):     <TR bgcolor="#EFF2F7">\n
Action.c(97):       <TD COLSPAN="4">\n
Action.c(97):       <hr/>\n
Action.c(97):       </TD>\n
Action.c(97):     </TR>\n
Action.c(97):     \n
Action.c(97):     <!-- Flight #1 -->\n
Action.c(97):     <TR bgcolor="#EFF2F7">\n
Action.c(97):       <TD width="5%" rowspan="2" align="left" valign="top">\n
Action.c(97):     <b>\n
Action.c(97):     <label><input type="checkbox" name="59" value="on" /></label></font></b>\n
Action.c(97):     <input type="hidden" name="flightID" value="341878183-45515531-DO"  />\n
Action.c(97):       </TD>\n
Action.c(97):       <TD width="45%" valign="top">\n
Action.c(97):           <b>&nbsp;&nbsp;A First class ticket for :</b><br/>\n
Action.c(97):           <center><table border="0" width="85%"><tr><td>\n
Action.c(97):           <li><i>Saveliy Bozhenko\n
Action.c(97):           <li><i></i>\n
Action.c(97):           </td></tr></table></center>\n
Action.c(97):       </TD>\n
Action.c(97):       <TD width="5%" >.<br/>.<br/>.<br/>.</TD>\n
Action.c(97):       <TD width="45%" valign=top><b>Invoice sent to:</b><br/>\n
Action.c(97):           <center>\n
Action.c(97):           <Table width="80%" cellspacing="0" > <tr> <td>\n
Action.c(97):               Demidov Oles\n
Action.c(97):     <br/>\n
Action.c(97):               ulitsa Shlomina<br/>\n
Action.c(97):               Moscow MO Moscow<br/>\n
Action.c(97):               <br/>\n
Action.c(97):               Total Charge: $ 1914 <BR/> (CC: x-9230)\n
Action.c(97):           </td> </tr> </table>\n
Action.c(97):           </center>\n
Action.c(97):       </TD>\n
Action.c(97):     </TR>\n
Action.c(97):     <TR bgcolor="#EFF2F7">\n
Action.c(97):       <TD COLSPAN="3">\n
Action.c(97):       <b>Flight Details:</b><BR/>  <center>\n
Action.c(97):       07/28/2020\n
Action.c(97):      :  8am : Flight 710 leaves Seattle  for Frankfurt.<br>  07/31/2020\n
Action.c(97):      :  8am : Flight 170 leaves Frankfurt  for Seattle.<br>  </center>\n
Action.c(97):       </TD>\n
Action.c(97):     </TR>\n
Action.c(97):     \n
Action.c(97):     <TR bgcolor="#EFF2F7">\n
Action.c(97):       <TD COLSPAN="4">\n
Action.c(97):       <hr/>\n
Action.c(97):       </TD>\n
Action.c(97):     </TR>\n
Action.c(97):     \n
Action.c(97):     <!-- Flight #1 -->\n
Action.c(97):     <TR bgcolor="#EFF2F7">\n
Action.c(97):       <TD width="5%" rowspan="2" align="left" valign="top">\n
Action.c(97):     <b>\n
Action.c(97):     <label><input type="checkbox" name="60" value="on" /></label></font></b>\n
Action.c(97):     <input type="hidden" name="flightID" value="25632410-4659245-DO"  />\n
Action.c(97):       </TD>\n
Action.c(97):       <TD width="45%" valign="top">\n
Action.c(97):           <b>&nbsp;&nbsp;A Business class ticket for :</b><br/>\n
Action.c(97):           <center><table border="0" width="85%"><tr><td>\n
Action.c(97):           <li><i>Parfeniy Gordeyev\n
Action.c(97):           <li><i></i>\n
Action.c(97):           </td></tr></table></center>\n
Action.c(97):       </TD>\n
Action.c(97):       <TD width="5%" >.<br/>.<br/>.<br/>.</TD>\n
Action.c(97):       <TD width="45%" valign=top><b>Invoice sent to:</b><br/>\n
Action.c(97):           <center>\n
Action.c(97):           <Table width="80%" cellspacing="0" > <tr> <td>\n
Action.c(97):               Demidov Oles\n
Action.c(97):     <br/>\n
Action.c(97):               ulitsa Shlomina<br/>\n
Action.c(97):               Moscow MO Moscow<br/>\n
Action.c(97):               <br/>\n
Action.c(97):               Total Charge: $ 188 <BR/> (CC: x-6920)\n
Action.c(97):           </td> </tr> </table>\n
Action.c(97):           </center>\n
Action.c(97):       </TD>\n
Action.c(97):     </TR>\n
Action.c(97):     <TR bgcolor="#EFF2F7">\n
Action.c(97):       <TD COLSPAN="3">\n
Action.c(97):       <b>Flight Details:</b><BR/>  <center>\n
Action.c(97):       07/28/2020\n
Action.c(97):      :  8am : Flight 750 leaves Seattle  for Portland.<br>  07/31/2020\n
Action.c(97):      :  8am : Flight 570 leaves Portland  for Seattle.<br>  </center>\n
Action.c(97):       </TD>\n
Action.c(97):     </TR>\n
Action.c(97):     \n
Action.c(97):     <TR bgcolor="#EFF2F7">\n
Action.c(97):       <TD COLSPAN="4">\n
Action.c(97):       <hr/>\n
Action.c(97):       </TD>\n
Action.c(97):     </TR>\n
Action.c(97):     \n
Action.c(97):     <!-- Flight #1 -->\n
Action.c(97):     <TR bgcolor="#EFF2F7">\n
Action.c(97):       <TD width="5%" rowspan="2" align="left" valign="top">\n
Action.c(97):     <b>\n
Action.c(97):     <label><input type="checkbox" name="61" value="on" /></label></font></b>\n
Action.c(97):     <input type="hidden" name="flightID" value="6298532-4738519-DO"  />\n
Action.c(97):       </TD>\n
Action.c(97):       <TD width="45%" valign="top">\n
Action.c(97):           <b>&nbsp;&nbsp;A First class ticket for :</b><br/>\n
Action.c(97):           <center><table border="0" width="85%"><tr><td>\n
Action.c(97):           <li><i>Valeryan Vintilov\n
Action.c(97):           <li><i></i>\n
Action.c(97):           </td></tr></table></center>\n
Action.c(97):       </TD>\n
Action.c(97):       <TD width="5%" >.<br/>.<br/>.<br/>.</TD>\n
Action.c(97):       <TD width="45%" valign=top><b>Invoice sent to:</b><br/>\n
Action.c(97):           <center>\n
Action.c(97):           <Table width="80%" cellspacing="0" > <tr> <td>\n
Action.c(97):               Demidov Oles\n
Action.c(97):     <br/>\n
Action.c(97):               ulitsa Shlomina<br/>\n
Action.c(97):               Moscow MO Moscow<br/>\n
Action.c(97):               <br/>\n
Action.c(97):               Total Charge: $ 758 <BR/> (CC: x-0170)\n
Action.c(97):           </td> </tr> </table>\n
Action.c(97):           </center>\n
Action.c(97):       </TD>\n
Action.c(97):     </TR>\n
Action.c(97):     <TR bgcolor="#EFF2F7">\n
Action.c(97):       <TD COLSPAN="3">\n
Action.c(97):       <b>Flight Details:</b><BR/>  <center>\n
Action.c(97):       07/28/2020\n
Action.c(97):      :  8am : Flight 060 leaves Denver  for San Francisco.<br>  07/31/2020\n
Action.c(97):      :  8am : Flight 600 leaves San Francisco  for Denver.<br>  </center>\n
Action.c(97):       </TD>\n
Action.c(97):     </TR>\n
Action.c(97):     \n
Action.c(97):     <TR bgcolor="#EFF2F7">\n
Action.c(97):       <TD COLSPAN="4">\n
Action.c(97):       <hr/>\n
Action.c(97):       </TD>\n
Action.c(97):     </TR>\n
Action.c(97):     \n
Action.c(97):     <!-- Flight #1 -->\n
Action.c(97):     <TR bgcolor="#EFF2F7">\n
Action.c(97):       <TD width="5%" rowspan="2" align="left" valign="top">\n
Action.c(97):     <b>\n
Action.c(97):     <label><input type="checkbox" name="62" value="on" /></label></font></b>\n
Action.c(97):     <input type="hidden" name="flightID" value="80377421-4839287-DO"  />\n
Action.c(97):       </TD>\n
Action.c(97):       <TD width="45%" valign="top">\n
Action.c(97):           <b>&nbsp;&nbsp;A First class ticket for :</b><br/>\n
Action.c(97):           <center><table border="0" width="85%"><tr><td>\n
Action.c(97):           <li><i>Pankratiy Voloch
Action.c(97): Notify: Saving Parameter "flightId_59 = 341878183".	[MsgId: MMSG-13798]
Action.c(97): Notify: Saving Parameter "flightId_60 = 25632410".	[MsgId: MMSG-13798]
Action.c(97): Notify: Saving Parameter "flightId_61 = 6298532".	[MsgId: MMSG-13798]
Action.c(97): Notify: Saving Parameter "flightId_62 = 80377421".	[MsgId: MMSG-13798]
Action.c(97): t=586804ms: 6-byte chunked response overhead for "http://localhost:1080/cgi-bin/itinerary.pl" (RelFrameId=1.2, Internal ID=551)
Action.c(97):     1000\r\n
Action.c(97): t=586804ms: 2-byte chunked response overhead for "http://localhost:1080/cgi-bin/itinerary.pl" (RelFrameId=1.2, Internal ID=551)
Action.c(97):     \r\n
Action.c(97): t=586804ms: 4096-byte chunked response body for "http://localhost:1080/cgi-bin/itinerary.pl" (RelFrameId=1.2, Internal ID=551)
Action.c(97):     kov\n
Action.c(97):           <li><i></i>\n
Action.c(97):           </td></tr></table></center>\n
Action.c(97):       </TD>\n
Action.c(97):       <TD width="5%" >.<br/>.<br/>.<br/>.</TD>\n
Action.c(97):       <TD width="45%" valign=top><b>Invoice sent to:</b><br/>\n
Action.c(97):           <center>\n
Action.c(97):           <Table width="80%" cellspacing="0" > <tr> <td>\n
Action.c(97):               Demidov Oles\n
Action.c(97):     <br/>\n
Action.c(97):               ulitsa Shlomina<br/>\n
Action.c(97):               Moscow MO Moscow<br/>\n
Action.c(97):               <br/>\n
Action.c(97):               Total Charge: $ 742 <BR/> (CC: x-2170)\n
Action.c(97):           </td> </tr> </table>\n
Action.c(97):           </center>\n
Action.c(97):       </TD>\n
Action.c(97):     </TR>\n
Action.c(97):     <TR bgcolor="#EFF2F7">\n
Action.c(97):       <TD COLSPAN="3">\n
Action.c(97):       <b>Flight Details:</b><BR/>  <center>\n
Action.c(97):       07/28/2020\n
Action.c(97):      :  8am : Flight 190 leaves Frankfurt  for Zurich.<br>  07/31/2020\n
Action.c(97):      :  8am : Flight 910 leaves Zurich  for Frankfurt.<br>  </center>\n
Action.c(97):       </TD>\n
Action.c(97):     </TR>\n
Action.c(97):     \n
Action.c(97):     <TR bgcolor="#EFF2F7">\n
Action.c(97):       <TD COLSPAN="4">\n
Action.c(97):       <hr/>\n
Action.c(97):       </TD>\n
Action.c(97):     </TR>\n
Action.c(97):     \n
Action.c(97):     <!-- Flight #1 -->\n
Action.c(97):     <TR bgcolor="#EFF2F7">\n
Action.c(97):       <TD width="5%" rowspan="2" align="left" valign="top">\n
Action.c(97):     <b>\n
Action.c(97):     <label><input type="checkbox" name="63" value="on" /></label></font></b>\n
Action.c(97):     <input type="hidden" name="flightID" value="3633696370-49146463-DO"  />\n
Action.c(97):       </TD>\n
Action.c(97):       <TD width="45%" valign="top">\n
Action.c(97):           <b>&nbsp;&nbsp;A First class ticket for :</b><br/>\n
Action.c(97):           <center><table border="0" width="85%"><tr><td>\n
Action.c(97):           <li><i>Vasiliy Vnifatyev\n
Action.c(97):           <li><i></i>\n
Action.c(97):           </td></tr></table></center>\n
Action.c(97):       </TD>\n
Action.c(97):       <TD width="5%" >.<br/>.<br/>.<br/>.</TD>\n
Action.c(97):       <TD width="45%" valign=top><b>Invoice sent to:</b><br/>\n
Action.c(97):           <center>\n
Action.c(97):           <Table width="80%" cellspacing="0" > <tr> <td>\n
Action.c(97):               Demidov Oles\n
Action.c(97):     <br/>\n
Action.c(97):               ulitsa Shlomina<br/>\n
Action.c(97):               Moscow MO Moscow<br/>\n
Action.c(97):               <br/>\n
Action.c(97):               Total Charge: $ 4026 <BR/> (CC: x-9810)\n
Action.c(97):           </td> </tr> </table>\n
Action.c(97):           </center>\n
Action.c(97):       </TD>\n
Action.c(97):     </TR>\n
Action.c(97):     <TR bgcolor="#EFF2F7">\n
Action.c(97):       <TD COLSPAN="3">\n
Action.c(97):       <b>Flight Details:</b><BR/>  <center>\n
Action.c(97):       07/28/2020\n
Action.c(97):      :  8am : Flight 980 leaves Zurich  for Sydney.<br>  07/31/2020\n
Action.c(97):      :  8am : Flight 890 leaves Sydney  for Zurich.<br>  </center>\n
Action.c(97):       </TD>\n
Action.c(97):     </TR>\n
Action.c(97):     \n
Action.c(97):     <TR bgcolor="#EFF2F7">\n
Action.c(97):       <TD COLSPAN="4">\n
Action.c(97):       <hr/>\n
Action.c(97):       </TD>\n
Action.c(97):     </TR>\n
Action.c(97):     \n
Action.c(97):     <!-- Flight #1 -->\n
Action.c(97):     <TR bgcolor="#EFF2F7">\n
Action.c(97):       <TD width="5%" rowspan="2" align="left" valign="top">\n
Action.c(97):     <b>\n
Action.c(97):     <label><input type="checkbox" name="64" value="on" /></label></font></b>\n
Action.c(97):     <input type="hidden" name="flightID" value="330751869-4925457-DO"  />\n
Action.c(97):       </TD>\n
Action.c(97):       <TD width="45%" valign="top">\n
Action.c(97):           <b>&nbsp;&nbsp;A First class ticket for :</b><br/>\n
Action.c(97):           <center><table border="0" width="85%"><tr><td>\n
Action.c(97):           <li><i>Melentiy Arkadyev\n
Action.c(97):           <li><i></i>\n
Action.c(97):           </td></tr></table></center>\n
Action.c(97):       </TD>\n
Action.c(97):       <TD width="5%" >.<br/>.<br/>.<br/>.</TD>\n
Action.c(97):       <TD width="45%" valign=top><b>Invoice sent to:</b><br/>\n
Action.c(97):           <center>\n
Action.c(97):           <Table width="80%" cellspacing="0" > <tr> <td>\n
Action.c(97):               Demidov Oles\n
Action.c(97):     <br/>\n
Action.c(97):               ulitsa Shlomina<br/>\n
Action.c(97):               Moscow MO Moscow<br/>\n
Action.c(97):               <br/>\n
Action.c(97):               Total Charge: $ 944 <BR/> (CC: x-8930)\n
Action.c(97):           </td> </tr> </table>\n
Action.c(97):           </center>\n
Action.c(97):       </TD>\n
Action.c(97):     </TR>\n
Action.c(97):     <TR bgcolor="#EFF2F7">\n
Action.c(97):       <TD COLSPAN="3">\n
Action.c(97):       <b>Flight Details:</b><BR/>  <center>\n
Action.c(97):       07/28/2020\n
Action.c(97):      :  8am : Flight 300 leaves Los Angeles  for Denver.<br>  07/31/2020\n
Action.c(97):      :  8am : Flight 030 leaves Denver  for Los Angeles.<br>  </center>\n
Action.c(97):       </TD>\n
Action.c(97):     </TR>\n
Action.c(97):     \n
Action.c(97):     <TR bgcolor="#EFF2F7">\n
Action.c(97):       <TD COLSPAN="4">\n
Action.c(97):       <hr/>\n
Action.c(97):       </TD>\n
Action.c(97):     </TR>\n
Action.c(97):     \n
Action.c(97):     <!-- Flight #1 -->\n
Action.c(97):     <TR bgcolor="#EFF2F7">\n
Action.c(97):       <TD width="5%" rowspan="2" align="left" valign="top">\n
Action.c(97):     <b>\n
Action.c(97):     <label><input type="checkbox" name="65" value="on" /></label></font></b>\n
Action.c(97):     <input type="hidden" name="flightID" value="67782236-5016213-DO"  />\n
Action.c(97):       </TD>\n
Action.c(97):       <TD width="45%" valign="top">\n
Action.c(97):           <b>&nbsp;&nbsp;A Business class ticket for :</b><br/>\n
Action.c(97):           <center><table border="0" width="85%"><tr><td>\n
Action.c(97):           <li><i>Aleksey Ankhimov\n
Action.c(97):           <li><i></i>\n
Action.c(97):           </td></tr></table></center>\n
Action.c(97):       </TD>\n
Action.c(97):       <TD width="5%" >.<br/>.<br/>.<br/>.</TD>\n
Action.c(97):       <TD width="45%" valign=top><b>Invoice sent to:</b><br/>\n
Action.c(97):           <center>\n
Action.c(97):           <Table width="80%" cellspacing="0" > <tr> <td>\n
Action.c(97):               Demidov Oles\n
Action.c(97):     <br/>\n
Action.c(97):               ulitsa Shlomina<br/>\n
Action.c(97):               Moscow MO Moscow<br/>\n
Action.c(97):               <br/>\n
Action.c(97):               Total Charge: $ 770 <BR/> (CC: x-1830)\n
Action.c(97):           </td> </tr> </table>\n
Action.c(97):           </center>\n
Action.c(97):       </TD>\n
Action.c(97):     </TR>\n
Action.c(97):     <TR bgcolor="#EFF2F7">\n
Action.c(97):       <TD COLSPAN="3">\n
Action.c(97):       <b>Flight Details:</b><BR/>  <center>\n
Action.c(97):       07/28/2020\n
Action.c(97):      :  8am : Flight 120 
Action.c(97): Notify: Saving Parameter "flightId_63 = 3633696370".	[MsgId: MMSG-13798]
Action.c(97): Notify: Saving Parameter "flightId_64 = 330751869".	[MsgId: MMSG-13798]
Action.c(97): Notify: Saving Parameter "flightId_65 = 67782236".	[MsgId: MMSG-13798]
Action.c(97): t=586807ms: 6-byte chunked response overhead for "http://localhost:1080/cgi-bin/itinerary.pl" (RelFrameId=1.2, Internal ID=551)
Action.c(97):     1000\r\n
Action.c(97): t=586807ms: 2-byte chunked response overhead for "http://localhost:1080/cgi-bin/itinerary.pl" (RelFrameId=1.2, Internal ID=551)
Action.c(97):     \r\n
Action.c(97): t=586807ms: 4096-byte chunked response body for "http://localhost:1080/cgi-bin/itinerary.pl" (RelFrameId=1.2, Internal ID=551)
Action.c(97):     leaves Frankfurt  for London.<br>  07/31/2020\n
Action.c(97):      :  8am : Flight 210 leaves London  for Frankfurt.<br>  </center>\n
Action.c(97):       </TD>\n
Action.c(97):     </TR>\n
Action.c(97):     \n
Action.c(97):     <TR bgcolor="#EFF2F7">\n
Action.c(97):       <TD COLSPAN="4">\n
Action.c(97):       <hr/>\n
Action.c(97):       </TD>\n
Action.c(97):     </TR>\n
Action.c(97):     \n
Action.c(97):     <!-- Flight #1 -->\n
Action.c(97):     <TR bgcolor="#EFF2F7">\n
Action.c(97):       <TD width="5%" rowspan="2" align="left" valign="top">\n
Action.c(97):     <b>\n
Action.c(97):     <label><input type="checkbox" name="66" value="on" /></label></font></b>\n
Action.c(97):     <input type="hidden" name="flightID" value="274096696-50892432-DO"  />\n
Action.c(97):       </TD>\n
Action.c(97):       <TD width="45%" valign="top">\n
Action.c(97):           <b>&nbsp;&nbsp;A First class ticket for :</b><br/>\n
Action.c(97):           <center><table border="0" width="85%"><tr><td>\n
Action.c(97):           <li><i>Paisiy Volkov\n
Action.c(97):           <li><i></i>\n
Action.c(97):           </td></tr></table></center>\n
Action.c(97):       </TD>\n
Action.c(97):       <TD width="5%" >.<br/>.<br/>.<br/>.</TD>\n
Action.c(97):       <TD width="45%" valign=top><b>Invoice sent to:</b><br/>\n
Action.c(97):           <center>\n
Action.c(97):           <Table width="80%" cellspacing="0" > <tr> <td>\n
Action.c(97):               Demidov Oles\n
Action.c(97):     <br/>\n
Action.c(97):               ulitsa Shlomina<br/>\n
Action.c(97):               Moscow MO Moscow<br/>\n
Action.c(97):               <br/>\n
Action.c(97):               Total Charge: $ 1616 <BR/> (CC: x-7400)\n
Action.c(97):           </td> </tr> </table>\n
Action.c(97):           </center>\n
Action.c(97):       </TD>\n
Action.c(97):     </TR>\n
Action.c(97):     <TR bgcolor="#EFF2F7">\n
Action.c(97):       <TD COLSPAN="3">\n
Action.c(97):       <b>Flight Details:</b><BR/>  <center>\n
Action.c(97):       07/28/2020\n
Action.c(97):      :  8am : Flight 610 leaves San Francisco  for Frankfurt.<br>  07/31/2020\n
Action.c(97):      :  8am : Flight 160 leaves Frankfurt  for San Francisco.<br>  </center>\n
Action.c(97):       </TD>\n
Action.c(97):     </TR>\n
Action.c(97):     \n
Action.c(97):     <TR bgcolor="#EFF2F7">\n
Action.c(97):       <TD COLSPAN="4">\n
Action.c(97):       <hr/>\n
Action.c(97):       </TD>\n
Action.c(97):     </TR>\n
Action.c(97):     \n
Action.c(97):     <!-- Flight #1 -->\n
Action.c(97):     <TR bgcolor="#EFF2F7">\n
Action.c(97):       <TD width="5%" rowspan="2" align="left" valign="top">\n
Action.c(97):     <b>\n
Action.c(97):     <label><input type="checkbox" name="67" value="on" /></label></font></b>\n
Action.c(97):     <input type="hidden" name="flightID" value="1185385228-51884794-DO"  />\n
Action.c(97):       </TD>\n
Action.c(97):       <TD width="45%" valign="top">\n
Action.c(97):           <b>&nbsp;&nbsp;A First class ticket for :</b><br/>\n
Action.c(97):           <center><table border="0" width="85%"><tr><td>\n
Action.c(97):           <li><i>Anikita Arepyev\n
Action.c(97):           <li><i></i>\n
Action.c(97):           </td></tr></table></center>\n
Action.c(97):       </TD>\n
Action.c(97):       <TD width="5%" >.<br/>.<br/>.<br/>.</TD>\n
Action.c(97):       <TD width="45%" valign=top><b>Invoice sent to:</b><br/>\n
Action.c(97):           <center>\n
Action.c(97):           <Table width="80%" cellspacing="0" > <tr> <td>\n
Action.c(97):               Demidov Oles\n
Action.c(97):     <br/>\n
Action.c(97):               ulitsa Shlomina<br/>\n
Action.c(97):               Moscow MO Moscow<br/>\n
Action.c(97):               <br/>\n
Action.c(97):               Total Charge: $ 2330 <BR/> (CC: x-3200)\n
Action.c(97):           </td> </tr> </table>\n
Action.c(97):           </center>\n
Action.c(97):       </TD>\n
Action.c(97):     </TR>\n
Action.c(97):     <TR bgcolor="#EFF2F7">\n
Action.c(97):       <TD COLSPAN="3">\n
Action.c(97):       <b>Flight Details:</b><BR/>  <center>\n
Action.c(97):       07/28/2020\n
Action.c(97):      :  8am : Flight 540 leaves Portland  for Paris.<br>  07/31/2020\n
Action.c(97):      :  8am : Flight 450 leaves Paris  for Portland.<br>  </center>\n
Action.c(97):       </TD>\n
Action.c(97):     </TR>\n
Action.c(97):     \n
Action.c(97):     <TR bgcolor="#EFF2F7">\n
Action.c(97):       <TD COLSPAN="4">\n
Action.c(97):       <hr/>\n
Action.c(97):       </TD>\n
Action.c(97):     </TR>\n
Action.c(97):     \n
Action.c(97):     <!-- Flight #1 -->\n
Action.c(97):     <TR bgcolor="#EFF2F7">\n
Action.c(97):       <TD width="5%" rowspan="2" align="left" valign="top">\n
Action.c(97):     <b>\n
Action.c(97):     <label><input type="checkbox" name="68" value="on" /></label></font></b>\n
Action.c(97):     <input type="hidden" name="flightID" value="289633360-52315495-DO"  />\n
Action.c(97):       </TD>\n
Action.c(97):       <TD width="45%" valign="top">\n
Action.c(97):           <b>&nbsp;&nbsp;A First class ticket for :</b><br/>\n
Action.c(97):           <center><table border="0" width="85%"><tr><td>\n
Action.c(97):           <li><i>Panteleymon Vonifatov\n
Action.c(97):           <li><i></i>\n
Action.c(97):           </td></tr></table></center>\n
Action.c(97):       </TD>\n
Action.c(97):       <TD width="5%" >.<br/>.<br/>.<br/>.</TD>\n
Action.c(97):       <TD width="45%" valign=top><b>Invoice sent to:</b><br/>\n
Action.c(97):           <center>\n
Action.c(97):           <Table width="80%" cellspacing="0" > <tr> <td>\n
Action.c(97):               Demidov Oles\n
Action.c(97):     <br/>\n
Action.c(97):               ulitsa Shlomina<br/>\n
Action.c(97):               Moscow MO Moscow<br/>\n
Action.c(97):               <br/>\n
Action.c(97):               Total Charge: $ 1446 <BR/> (CC: x-7820)\n
Action.c(97):           </td> </tr> </table>\n
Action.c(97):           </center>\n
Action.c(97):       </TD>\n
Action.c(97):     </TR>\n
Action.c(97):     <TR bgcolor="#EFF2F7">\n
Action.c(97):       <TD COLSPAN="3">\n
Action.c(97):       <b>Flight Details:</b><BR/>  <center>\n
Action.c(97):       07/28/2020\n
Action.c(97):      :  8am : Flight 100 leaves Frankfurt  for Denver.<br>  07/31/2020\n
Action.c(97):      :  8am : Flight 010 leaves Denver  for Frankfurt.<br>  </center>\n
Action.c(97):       </TD>\n
Action.c(97):     </TR>\n
Action.c(97):     \n
Action.c(97):     <TR bgcolor="#EFF2F7">\n
Action.c(97):       <TD COLSPAN="4">\n
Action.c(97):       <hr/>\n
Action.c(97):       </TD>\n
Action.c(97):     </TR>\n
Action.c(97):     \n
Action.c(97):     <!-- Flight #1 -->\n
Action.c(97):     <TR bgcolor="#EFF2F7">\n
Action.c(97):       <TD width="5%" rowspan="2" align="left" valign="top">\n
Action.c(97):     <b>\n
Action.c(97):     <label><input type="checkbox" name="69" value="on" /></label></font></b>\n
Action.c(97):     <input type="hidden" name="flightID" value="396702-53207839-DO"  />\n
Action.c(97):       </TD>\n
Action.c(97):       <TD width="45%" valign="top">\n
Action.c(97):           <b>&nbsp;&nbsp;A First class ticket for :</b><br/>\n
Action.c(97):           <center><tab
Action.c(97): Notify: Saving Parameter "flightId_66 = 274096696".	[MsgId: MMSG-13798]
Action.c(97): Notify: Saving Parameter "flightId_67 = 1185385228".	[MsgId: MMSG-13798]
Action.c(97): Notify: Saving Parameter "flightId_68 = 289633360".	[MsgId: MMSG-13798]
Action.c(97): Notify: Saving Parameter "flightId_69 = 396702".	[MsgId: MMSG-13798]
Action.c(97): t=586809ms: 6-byte chunked response overhead for "http://localhost:1080/cgi-bin/itinerary.pl" (RelFrameId=1.2, Internal ID=551)
Action.c(97):     1000\r\n
Action.c(97): t=586810ms: 2-byte chunked response overhead for "http://localhost:1080/cgi-bin/itinerary.pl" (RelFrameId=1.2, Internal ID=551)
Action.c(97):     \r\n
Action.c(97): t=586810ms: 4096-byte chunked response body for "http://localhost:1080/cgi-bin/itinerary.pl" (RelFrameId=1.2, Internal ID=551)
Action.c(97):     le border="0" width="85%"><tr><td>\n
Action.c(97):           <li><i>Martyn Aristarkhov\n
Action.c(97):           <li><i></i>\n
Action.c(97):           </td></tr></table></center>\n
Action.c(97):       </TD>\n
Action.c(97):       <TD width="5%" >.<br/>.<br/>.<br/>.</TD>\n
Action.c(97):       <TD width="45%" valign=top><b>Invoice sent to:</b><br/>\n
Action.c(97):           <center>\n
Action.c(97):           <Table width="80%" cellspacing="0" > <tr> <td>\n
Action.c(97):               Demidov Oles\n
Action.c(97):     <br/>\n
Action.c(97):               ulitsa Shlomina<br/>\n
Action.c(97):               Moscow MO Moscow<br/>\n
Action.c(97):               <br/>\n
Action.c(97):               Total Charge: $ 1914 <BR/> (CC: x-0010)\n
Action.c(97):           </td> </tr> </table>\n
Action.c(97):           </center>\n
Action.c(97):       </TD>\n
Action.c(97):     </TR>\n
Action.c(97):     <TR bgcolor="#EFF2F7">\n
Action.c(97):       <TD COLSPAN="3">\n
Action.c(97):       <b>Flight Details:</b><BR/>  <center>\n
Action.c(97):       07/28/2020\n
Action.c(97):      :  8am : Flight 710 leaves Seattle  for Frankfurt.<br>  07/31/2020\n
Action.c(97):      :  8am : Flight 170 leaves Frankfurt  for Seattle.<br>  </center>\n
Action.c(97):       </TD>\n
Action.c(97):     </TR>\n
Action.c(97):     \n
Action.c(97):     <TR bgcolor="#EFF2F7">\n
Action.c(97):       <TD COLSPAN="4">\n
Action.c(97):       <hr/>\n
Action.c(97):       </TD>\n
Action.c(97):     </TR>\n
Action.c(97):     \n
Action.c(97):     <!-- Flight #1 -->\n
Action.c(97):     <TR bgcolor="#EFF2F7">\n
Action.c(97):       <TD width="5%" rowspan="2" align="left" valign="top">\n
Action.c(97):     <b>\n
Action.c(97):     <label><input type="checkbox" name="70" value="on" /></label></font></b>\n
Action.c(97):     <input type="hidden" name="flightID" value="355555946-53923162-DO"  />\n
Action.c(97):       </TD>\n
Action.c(97):       <TD width="45%" valign="top">\n
Action.c(97):           <b>&nbsp;&nbsp;A Business class ticket for :</b><br/>\n
Action.c(97):           <center><table border="0" width="85%"><tr><td>\n
Action.c(97):           <li><i>Sergey Boyarskiy\n
Action.c(97):           <li><i></i>\n
Action.c(97):           </td></tr></table></center>\n
Action.c(97):       </TD>\n
Action.c(97):       <TD width="5%" >.<br/>.<br/>.<br/>.</TD>\n
Action.c(97):       <TD width="45%" valign=top><b>Invoice sent to:</b><br/>\n
Action.c(97):           <center>\n
Action.c(97):           <Table width="80%" cellspacing="0" > <tr> <td>\n
Action.c(97):               Demidov Oles\n
Action.c(97):     <br/>\n
Action.c(97):               ulitsa Shlomina<br/>\n
Action.c(97):               Moscow MO Moscow<br/>\n
Action.c(97):               <br/>\n
Action.c(97):               Total Charge: $ 1118 <BR/> (CC: x-9600)\n
Action.c(97):           </td> </tr> </table>\n
Action.c(97):           </center>\n
Action.c(97):       </TD>\n
Action.c(97):     </TR>\n
Action.c(97):     <TR bgcolor="#EFF2F7">\n
Action.c(97):       <TD COLSPAN="3">\n
Action.c(97):       <b>Flight Details:</b><BR/>  <center>\n
Action.c(97):       07/28/2020\n
Action.c(97):      :  8am : Flight 010 leaves Denver  for Frankfurt.<br>  07/31/2020\n
Action.c(97):      :  8am : Flight 100 leaves Frankfurt  for Denver.<br>  </center>\n
Action.c(97):       </TD>\n
Action.c(97):     </TR>\n
Action.c(97):     \n
Action.c(97):     <TR bgcolor="#EFF2F7">\n
Action.c(97):       <TD COLSPAN="4">\n
Action.c(97):       <hr/>\n
Action.c(97):       </TD>\n
Action.c(97):     </TR>\n
Action.c(97):     \n
Action.c(97):     <!-- Flight #1 -->\n
Action.c(97):     <TR bgcolor="#EFF2F7">\n
Action.c(97):       <TD width="5%" rowspan="2" align="left" valign="top">\n
Action.c(97):     <b>\n
Action.c(97):     <label><input type="checkbox" name="71" value="on" /></label></font></b>\n
Action.c(97):     <input type="hidden" name="flightID" value="1500092631-55015544-DO"  />\n
Action.c(97):       </TD>\n
Action.c(97):       <TD width="45%" valign="top">\n
Action.c(97):           <b>&nbsp;&nbsp;A First class ticket for :</b><br/>\n
Action.c(97):           <center><table border="0" width="85%"><tr><td>\n
Action.c(97):           <li><i>Sergey Boyarskiy\n
Action.c(97):           <li><i></i>\n
Action.c(97):           </td></tr></table></center>\n
Action.c(97):       </TD>\n
Action.c(97):       <TD width="5%" >.<br/>.<br/>.<br/>.</TD>\n
Action.c(97):       <TD width="45%" valign=top><b>Invoice sent to:</b><br/>\n
Action.c(97):           <center>\n
Action.c(97):           <Table width="80%" cellspacing="0" > <tr> <td>\n
Action.c(97):               Demidov Oles\n
Action.c(97):     <br/>\n
Action.c(97):               ulitsa Shlomina<br/>\n
Action.c(97):               Moscow MO Moscow<br/>\n
Action.c(97):               <br/>\n
Action.c(97):               Total Charge: $ 2082 <BR/> (CC: x-4050)\n
Action.c(97):           </td> </tr> </table>\n
Action.c(97):           </center>\n
Action.c(97):       </TD>\n
Action.c(97):     </TR>\n
Action.c(97):     <TR bgcolor="#EFF2F7">\n
Action.c(97):       <TD COLSPAN="3">\n
Action.c(97):       <b>Flight Details:</b><BR/>  <center>\n
Action.c(97):       07/28/2020\n
Action.c(97):      :  8am : Flight 250 leaves London  for Portland.<br>  07/31/2020\n
Action.c(97):      :  8am : Flight 520 leaves Portland  for London.<br>  </center>\n
Action.c(97):       </TD>\n
Action.c(97):     </TR>\n
Action.c(97):     \n
Action.c(97):     <TR bgcolor="#EFF2F7">\n
Action.c(97):       <TD COLSPAN="4">\n
Action.c(97):       <hr/>\n
Action.c(97):       </TD>\n
Action.c(97):     </TR>\n
Action.c(97):     \n
Action.c(97):     <!-- Flight #1 -->\n
Action.c(97):     <TR bgcolor="#EFF2F7">\n
Action.c(97):       <TD width="5%" rowspan="2" align="left" valign="top">\n
Action.c(97):     <b>\n
Action.c(97):     <label><input type="checkbox" name="72" value="on" /></label></font></b>\n
Action.c(97):     <input type="hidden" name="flightID" value="265591125-5591596-DO"  />\n
Action.c(97):       </TD>\n
Action.c(97):       <TD width="45%" valign="top">\n
Action.c(97):           <b>&nbsp;&nbsp;A Coach class ticket for :</b><br/>\n
Action.c(97):           <center><table border="0" width="85%"><tr><td>\n
Action.c(97):           <li><i>Potr Grafinin\n
Action.c(97):           <li><i></i>\n
Action.c(97):           </td></tr></table></center>\n
Action.c(97):       </TD>\n
Action.c(97):       <TD width="5%" >.<br/>.<br/>.<br/>.</TD>\n
Action.c(97):       <TD width="45%" valign=top><b>Invoice sent to:</b><br/>\n
Action.c(97):           <center>\n
Action.c(97):           <Table width="80%" cellspacing="0" > <tr> <td>\n
Action.c(97):               Demidov Oles\n
Action.c(97):     <br/>\n
Action.c(97):               ulitsa Shlomina<br/>\n
Action.c(97):               Moscow MO Moscow<br/>\n
Action.c(97):               <br/>\n
Action.c(97):               Total Charge: $ 752 <BR/> (CC: x-7170)\n
Action.c(97):           </td> </tr> </table>\n
Action.c(97):           </center>\n
Action.c(97):       </TD>\n
Action.c(97):     </TR>\n
Action.c(97):     <TR bgcolor="#EFF2F7">\n
Action.c(97):       <TD COLSPAN="3">\n
Action.c(97):       <b>Fligh
Action.c(97): Notify: Saving Parameter "flightId_70 = 355555946".	[MsgId: MMSG-13798]
Action.c(97): Notify: Saving Parameter "flightId_71 = 1500092631".	[MsgId: MMSG-13798]
Action.c(97): Notify: Saving Parameter "flightId_72 = 265591125".	[MsgId: MMSG-13798]
Action.c(97): t=586816ms: 6-byte chunked response overhead for "http://localhost:1080/cgi-bin/itinerary.pl" (RelFrameId=1.2, Internal ID=551)
Action.c(97):     1000\r\n
Action.c(97): t=586816ms: 2-byte chunked response overhead for "http://localhost:1080/cgi-bin/itinerary.pl" (RelFrameId=1.2, Internal ID=551)
Action.c(97):     \r\n
Action.c(97): t=586816ms: 4096-byte chunked response body for "http://localhost:1080/cgi-bin/itinerary.pl" (RelFrameId=1.2, Internal ID=551)
Action.c(97):     t Details:</b><BR/>  <center>\n
Action.c(97):       07/28/2020\n
Action.c(97):      :  8am : Flight 960 leaves Zurich  for San Francisco.<br>  07/31/2020\n
Action.c(97):      :  8am : Flight 690 leaves San Francisco  for Zurich.<br>  </center>\n
Action.c(97):       </TD>\n
Action.c(97):     </TR>\n
Action.c(97):     \n
Action.c(97):     <TR bgcolor="#EFF2F7">\n
Action.c(97):       <TD COLSPAN="4">\n
Action.c(97):       <hr/>\n
Action.c(97):       </TD>\n
Action.c(97):     </TR>\n
Action.c(97):     \n
Action.c(97):     <!-- Flight #1 -->\n
Action.c(97):     <TR bgcolor="#EFF2F7">\n
Action.c(97):       <TD width="5%" rowspan="2" align="left" valign="top">\n
Action.c(97):     <b>\n
Action.c(97):     <label><input type="checkbox" name="73" value="on" /></label></font></b>\n
Action.c(97):     <input type="hidden" name="flightID" value="66682229-5633877-DO"  />\n
Action.c(97):       </TD>\n
Action.c(97):       <TD width="45%" valign="top">\n
Action.c(97):           <b>&nbsp;&nbsp;A First class ticket for :</b><br/>\n
Action.c(97):           <center><table border="0" width="85%"><tr><td>\n
Action.c(97):           <li><i>Saveliy Bozhenko\n
Action.c(97):           <li><i></i>\n
Action.c(97):           </td></tr></table></center>\n
Action.c(97):       </TD>\n
Action.c(97):       <TD width="5%" >.<br/>.<br/>.<br/>.</TD>\n
Action.c(97):       <TD width="45%" valign=top><b>Invoice sent to:</b><br/>\n
Action.c(97):           <center>\n
Action.c(97):           <Table width="80%" cellspacing="0" > <tr> <td>\n
Action.c(97):               Demidov Oles\n
Action.c(97):     <br/>\n
Action.c(97):               ulitsa Shlomina<br/>\n
Action.c(97):               Moscow MO Moscow<br/>\n
Action.c(97):               <br/>\n
Action.c(97):               Total Charge: $ 408 <BR/> (CC: x-1800)\n
Action.c(97):           </td> </tr> </table>\n
Action.c(97):           </center>\n
Action.c(97):       </TD>\n
Action.c(97):     </TR>\n
Action.c(97):     <TR bgcolor="#EFF2F7">\n
Action.c(97):       <TD COLSPAN="3">\n
Action.c(97):       <b>Flight Details:</b><BR/>  <center>\n
Action.c(97):       07/28/2020\n
Action.c(97):      :  8am : Flight 420 leaves Paris  for London.<br>  07/31/2020\n
Action.c(97):      :  8am : Flight 240 leaves London  for Paris.<br>  </center>\n
Action.c(97):       </TD>\n
Action.c(97):     </TR>\n
Action.c(97):     \n
Action.c(97):     <TR bgcolor="#EFF2F7">\n
Action.c(97):       <TD COLSPAN="4">\n
Action.c(97):       <hr/>\n
Action.c(97):       </TD>\n
Action.c(97):     </TR>\n
Action.c(97):     <TR>\n
Action.c(97):        <TD align="center" COLSPAN="4">\n
Action.c(97):        <b>A total of 73 scheduled flights.</font></b>\n
Action.c(97):        </TD>\n
Action.c(97):     </TR>\n
Action.c(97):     </TABLE>\n
Action.c(97):     \n
Action.c(97):     <TABLE WIDTH="87%" BORDER="0" CELLSPACING="0">\n
Action.c(97):     <TR>\n
Action.c(97):     <TD align="left" width="50%" >\n
Action.c(97):     <input type="image" name="removeFlights" src="/WebTours/images/cancelreservation.gif" bord
Action.c(97):     er="0" /></TD>\n
Action.c(97):     <TD align="right" width="50%" >\n
Action.c(97):     <input type="image" name="removeAllFlights" src="/WebTours/images/cancelallreservations.gi
Action.c(97):     f" border="0" /></TD>\n
Action.c(97):     </TABLE>\n
Action.c(97):     \n
Action.c(97):     <div><input type="hidden" name=".cgifields" value="33"  /><input type="hidden" name=".cgif
Action.c(97):     ields" value="32"  /><input type="hidden" name=".cgifields" value="63"  /><input type="hid
Action.c(97):     den" name=".cgifields" value="21"  /><input type="hidden" name=".cgifields" value="71"  />
Action.c(97):     <input type="hidden" name=".cgifields" value="7"  /><input type="hidden" name=".cgifields"
Action.c(97):      value="26"  /><input type="hidden" name=".cgifields" value="18"  /><input type="hidden" n
Action.c(97):     ame=".cgifields" value="72"  /><input type="hidden" name=".cgifields" value="16"  /><input
Action.c(97):      type="hidden" name=".cgifields" value="44"  /><input type="hidden" name=".cgifields" valu
Action.c(97):     e="55"  /><input type="hidden" name=".cgifields" value="27"  /><input type="hidden" name="
Action.c(97):     .cgifields" value="57"  /><input type="hidden" name=".cgifields" value="61"  /><input type
Action.c(97):     ="hidden" name=".cgifields" value="20"  /><input type="hidden" name=".cgifields" value="10
Action.c(97):     "  /><input type="hidden" name=".cgifields" value="31"  /><input type="hidden" name=".cgif
Action.c(97):     ields" value="35"  /><input type="hidden" name=".cgifields" value="11"  /><input type="hid
Action.c(97):     den" name=".cgifields" value="48"  /><input type="hidden" name=".cgifields" value="65"  />
Action.c(97):     <input type="hidden" name=".cgifields" value="29"  /><input type="hidden" name=".cgifields
Action.c(97):     " value="50"  /><input type="hidden" name=".cgifields" value="39"  /><input type="hidden" 
Action.c(97):     name=".cgifields" value="64"  /><input type="hidden" name=".cgifields" value="58"  /><inpu
Action.c(97):     t type="hidden" name=".cgifields" value="41"  /><input type="hidden" name=".cgifields" val
Action.c(97):     ue="12"  /><input type="hidden" name=".cgifields" value="15"  /><input type="hidden" name=
Action.c(97):     ".cgifields" value="52"  /><input type="hidden" name=".cgifields" value="60"  /><input typ
Action.c(97):     e="hidden" name=".cgifields" value="56"  /><input type="hidden" name=".cgifields" value="7
Action.c(97):     3"  /><input type="hidden" name=".cgifields" value="66"  /><input type="hidden" name=".cgi
Action.c(97):     fields" value="45"  /><input type="hidden" name=".cgifields" value="19"  /><input type="hi
Action.c(97):     dden" name=".cgifields" value="62"  /><input type="hidden" name=".cgifields" value="54"  /
Action.c(97):     ><input type="hidden" name=".cgifields" value="67"  /><input type="hidden" name=".cgifield
Action.c(97):     s" value="70"  /><input type="hidden" name=".cgif
Action.c(97): Notify: Saving Parameter "flightId_73 = 66682229".	[MsgId: MMSG-13798]
Action.c(97): Found resource "http://localhost:1080/WebTours/images/cancelreservation.gif" in HTML "http://localhost:1080/cgi-bin/itinerary.pl"  	[MsgId: MMSG-26659]
Action.c(97): Found resource "http://localhost:1080/WebTours/images/cancelallreservations.gif" in HTML "http://localhost:1080/cgi-bin/itinerary.pl"  	[MsgId: MMSG-26659]
Action.c(97): t=586818ms: 5-byte chunked response overhead for "http://localhost:1080/cgi-bin/itinerary.pl" (RelFrameId=1.2, Internal ID=551)
Action.c(97):     6a1\r\n
Action.c(97): t=586818ms: 2-byte chunked response overhead for "http://localhost:1080/cgi-bin/itinerary.pl" (RelFrameId=1.2, Internal ID=551)
Action.c(97):     \r\n
Action.c(97): t=586818ms: 1697-byte chunked response body for "http://localhost:1080/cgi-bin/itinerary.pl" (RelFrameId=1.2, Internal ID=551)
Action.c(97):     ields" value="68"  /><input type="hidden" name=".cgifields" value="2"  /><input type="hidd
Action.c(97):     en" name=".cgifields" value="17"  /><input type="hidden" name=".cgifields" value="1"  /><i
Action.c(97):     nput type="hidden" name=".cgifields" value="30"  /><input type="hidden" name=".cgifields" 
Action.c(97):     value="25"  /><input type="hidden" name=".cgifields" value="28"  /><input type="hidden" na
Action.c(97):     me=".cgifields" value="40"  /><input type="hidden" name=".cgifields" value="14"  /><input 
Action.c(97):     type="hidden" name=".cgifields" value="69"  /><input type="hidden" name=".cgifields" value
Action.c(97):     ="59"  /><input type="hidden" name=".cgifields" value="49"  /><input type="hidden" name=".
Action.c(97):     cgifields" value="24"  /><input type="hidden" name=".cgifields" value="53"  /><input type=
Action.c(97):     "hidden" name=".cgifields" value="22"  /><input type="hidden" name=".cgifields" value="42"
Action.c(97):       /><input type="hidden" name=".cgifields" value="46"  /><input type="hidden" name=".cgifi
Action.c(97):     elds" value="23"  /><input type="hidden" name=".cgifields" value="13"  /><input type="hidd
Action.c(97):     en" name=".cgifields" value="6"  /><input type="hidden" name=".cgifields" value="3"  /><in
Action.c(97):     put type="hidden" name=".cgifields" value="36"  /><input type="hidden" name=".cgifields" v
Action.c(97):     alue="9"  /><input type="hidden" name=".cgifields" value="51"  /><input type="hidden" name
Action.c(97):     =".cgifields" value="47"  /><input type="hidden" name=".cgifields" value="8"  /><input typ
Action.c(97):     e="hidden" name=".cgifields" value="38"  /><input type="hidden" name=".cgifields" value="4
Action.c(97):     "  /><input type="hidden" name=".cgifields" value="34"  /><input type="hidden" name=".cgif
Action.c(97):     ields" value="37"  /><input type="hidden" name=".cgifields" value="43"  /><input type="hid
Action.c(97):     den" name=".cgifields" value="5"  /></div></form>\n
Action.c(97):     \n
Action.c(97):     </center>\n
Action.c(97):     \n
Action.c(97):     </body>\n
Action.c(97):     </html>
Action.c(97): t=586819ms: 297-byte response headers for "http://localhost:1080/WebTours/images/cancelreservation.gif" (RelFrameId=, Internal ID=553)
Action.c(97):     HTTP/1.1 200 OK\r\n
Action.c(97):     Date: Tue, 28 Jul 2020 20:26:05 GMT\r\n
Action.c(97):     Server: Apache/2.2.21 (Win32)\r\n
Action.c(97):     Last-Modified: Tue, 07 Jul 2020 19:02:13 GMT\r\n
Action.c(97):     ETag: "5000000054622-33f-5a9dea10c9863"\r\n
Action.c(97):     Accept-Ranges: bytes\r\n
Action.c(97):     Content-Length: 831\r\n
Action.c(97):     Keep-Alive: timeout=5, max=90\r\n
Action.c(97):     Connection: Keep-Alive\r\n
Action.c(97):     Content-Type: image/gif\r\n
Action.c(97):     \r\n
Action.c(97): t=586820ms: 831-byte response body for "http://localhost:1080/WebTours/images/cancelreservation.gif" (RelFrameId=, Internal ID=553)
Action.c(97): t=586820ms: 297-byte response headers for "http://localhost:1080/WebTours/images/cancelallreservations.gif" (RelFrameId=, Internal ID=554)
Action.c(97):     HTTP/1.1 200 OK\r\n
Action.c(97):     Date: Tue, 28 Jul 2020 20:26:05 GMT\r\n
Action.c(97):     Server: Apache/2.2.21 (Win32)\r\n
Action.c(97):     Last-Modified: Tue, 07 Jul 2020 19:02:13 GMT\r\n
Action.c(97):     ETag: "5000000054621-2e6-5a9dea10c2332"\r\n
Action.c(97):     Accept-Ranges: bytes\r\n
Action.c(97):     Content-Length: 742\r\n
Action.c(97):     Keep-Alive: timeout=5, max=94\r\n
Action.c(97):     Connection: Keep-Alive\r\n
Action.c(97):     Content-Type: image/gif\r\n
Action.c(97):     \r\n
Action.c(97): t=586820ms: 742-byte response body for "http://localhost:1080/WebTours/images/cancelallreservations.gif" (RelFrameId=, Internal ID=554)
Action.c(97): t=586825ms: 5-byte chunked response overhead for "http://localhost:1080/cgi-bin/itinerary.pl" (RelFrameId=1.2, Internal ID=551)
Action.c(97):     0\r\n
Action.c(97):     \r\n
Action.c(97): Registered web_reg_find successful for "Text=No flights have been reserved"  	[MsgId: MMSG-26362]
Action.c(97): Notify: Saving Parameter "erroMess = 0".	[MsgId: MMSG-13798]
Action.c(97): Notify: Saving Parameter "flightId_count = 73".	[MsgId: MMSG-13798]
Action.c(97): web_url("Itinerary Button") was successful, 96064 body bytes, 1616 header bytes, 211 chunking overhead bytes  	[MsgId: MMSG-26385]
Action.c(107): Notify: Transaction "goto_Itinerary" ended with a "Pass" status (Duration: 0,4658 Wasted Time: 0,0028).	[MsgId: MMSG-16871]
Action.c(110): lr_think_time: 5,00 seconds.	[MsgId: MMSG-15948]
Action.c(112): Notify: Transaction "Delete_first" started.	[MsgId: MMSG-16999]
Action.c(114): Notify: Parameter Substitution: parameter "flightId_count" =  "73"	[MsgId: MMSG-13992]
Action.c(118): Notify: Parameter Substitution: parameter "flightId_1" =  "94448174"	[MsgId: MMSG-13992]
Action.c(118): Notify: Saving Parameter "cancelflight = 94448174".	[MsgId: MMSG-13798]
Action.c(121): web_reg_find started  	[MsgId: MMSG-26355]
Action.c(121): Notify: Parameter Substitution: parameter "cancelflight" =  "94448174"	[MsgId: MMSG-13992]
Action.c(121): Registering web_reg_find was successful  	[MsgId: MMSG-26390]
Action.c(125): Notify: Parameter Substitution: parameter "cancelflight_Count" =  "1"	[MsgId: MMSG-13992]
Action.c(126): Warning: The string 'Login_User' with parameter delimiters is not a parameter.	[MsgId: MWAR-13987]
Action.c(126): Notify: Parameter Substitution: parameter "cancelflight" =  "94448174"	[MsgId: MMSG-13992]
Action.c(126): Error: User - {Login_User}; FlightId - 94448174	[MsgId: MERR-17999]
End auto log messages stack.	[MsgId: MMSG-10544]


