Start auto log messages stack - Iteration 1.	[MsgId: MMSG-10545]
Starting action Action.	[MsgId: MMSG-15919]
Action.c(5): Notify: Transaction "02_Search_BuyTicket" started.	[MsgId: MMSG-16999]
Action.c(7): Notify: Transaction "Load_start_Page" started.	[MsgId: MMSG-16999]
Action.c(9): web_reg_save_param_ex started  	[MsgId: MMSG-26355]
Action.c(9): Registering web_reg_save_param_ex was successful  	[MsgId: MMSG-26390]
Action.c(17): web_reg_find started  	[MsgId: MMSG-26355]
Action.c(17): Registering web_reg_find was successful  	[MsgId: MMSG-26390]
Action.c(19): web_url("WebTours") started  	[MsgId: MMSG-26355]
Action.c(19): t=1050ms: Connecting [0] to host 127.0.0.1:1080  	[MsgId: MMSG-26000]
Action.c(19): Error -27792: Failed to connect to server "localhost:1080": [10061] Connection refused  	[MsgId: MERR-27792] [Time:2020-07-30 17:56:50]
End auto log messages stack.	[MsgId: MMSG-10544]


Start auto log messages stack - Iteration 1.	[MsgId: MMSG-10545]
Action.c(19): t=2054ms: Closed connection [0] to localhost:1080 after completing 0 request(s)  	[MsgId: MMSG-26000]
Action.c(19): Error -26377: No match found for the requested parameter "userSession". Either the specified boundaries were not found in the response or the matched text is longer than current max html parameter size of 256 bytes. The total length of the response is 0 bytes. You can use "web_set_max_html_param_len" to increase the max parameter size.  	[MsgId: MERR-26377] [Time:2020-07-30 17:56:50]
End auto log messages stack.	[MsgId: MMSG-10544]


Start auto log messages stack - Iteration 1.	[MsgId: MMSG-10545]
Action.c(19): Notify: Saving Parameter "userSession = ".	[MsgId: MMSG-13798]
Action.c(19): Error -26366: "Text=Welcome to the Web Tours site" not found for web_reg_find  	[MsgId: MERR-26366] [Time:2020-07-30 17:56:50]
Action.c(19): Error -26374: The above "not found" error(s) may be explained by header and body byte counts being 0 and 0, respectively.  	[MsgId: MERR-26374] [Time:2020-07-30 17:56:50]
End auto log messages stack.	[MsgId: MMSG-10544]


